TN:
SF:app.js
FNF:0
FNH:0
DA:1,1
DA:3,1
DA:4,1
DA:5,1
DA:6,1
DA:7,1
DA:9,1
DA:10,1
DA:11,1
DA:13,1
DA:15,1
DA:17,1
LF:12
LH:12
BRDA:1,0,0,1
BRDA:1,0,1,0
BRF:2
BRH:1
end_of_record
TN:
SF:controllers\post.js
FN:4,(anonymous_0)
FN:15,(anonymous_1)
FN:27,(anonymous_2)
FN:48,(anonymous_3)
FN:74,(anonymous_4)
FN:90,(anonymous_5)
FNF:6
FNH:6
FNDA:4,(anonymous_0)
FNDA:2,(anonymous_1)
FNDA:6,(anonymous_2)
FNDA:3,(anonymous_3)
FNDA:1,(anonymous_4)
FNDA:2,(anonymous_5)
DA:1,1
DA:5,4
DA:6,4
DA:7,4
DA:9,4
DA:11,0
DA:16,2
DA:17,2
DA:18,2
DA:19,2
DA:21,1
DA:23,1
DA:29,6
DA:30,6
DA:31,6
DA:42,1
DA:44,5
DA:49,3
DA:51,3
DA:52,3
DA:53,3
DA:54,3
DA:56,1
DA:66,1
DA:70,2
DA:75,1
DA:76,1
DA:77,1
DA:78,1
DA:80,1
DA:82,1
DA:86,0
DA:91,2
DA:92,2
DA:93,2
DA:94,2
DA:95,1
DA:97,1
DA:99,1
DA:104,1
LF:40
LH:38
BRDA:19,0,0,1
BRDA:19,0,1,1
BRDA:54,1,0,2
BRDA:54,1,1,1
BRDA:78,2,0,0
BRDA:78,2,1,1
BRDA:94,3,0,1
BRDA:94,3,1,1
BRF:8
BRH:7
end_of_record
TN:
SF:middlewares\errorHander.js
FN:1,errorHandler
FNF:1
FNH:1
FNDA:9,errorHandler
DA:4,9
DA:6,9
DA:8,4
DA:9,4
DA:10,4
DA:12,5
DA:13,5
DA:14,5
DA:16,0
DA:17,0
DA:18,0
DA:21,9
DA:24,1
LF:13
LH:10
BRDA:6,0,0,4
BRDA:6,0,1,5
BRDA:6,0,2,0
BRDA:11,1,0,5
BRDA:11,1,1,0
BRF:5
BRH:3
end_of_record
TN:
SF:models\index.js
FN:21,(anonymous_0)
FN:24,(anonymous_1)
FN:29,(anonymous_2)
FNF:3
FNH:3
FNDA:2,(anonymous_0)
FNDA:1,(anonymous_1)
FNDA:1,(anonymous_2)
DA:3,1
DA:4,1
DA:5,1
DA:6,1
DA:7,1
DA:8,1
DA:9,1
DA:10,1
DA:13,1
DA:14,0
DA:16,1
DA:19,1
DA:22,2
DA:25,1
DA:26,1
DA:29,1
DA:30,1
DA:31,1
DA:35,1
DA:36,1
DA:38,1
LF:21
LH:20
BRDA:8,0,0,1
BRDA:8,0,1,0
BRDA:13,1,0,0
BRDA:13,1,1,1
BRDA:22,2,0,2
BRDA:22,2,1,2
BRDA:22,2,2,1
BRDA:30,3,0,1
BRDA:30,3,1,0
BRF:9
BRH:6
end_of_record
TN:
SF:models\post.js
FN:3,(anonymous_0)
FN:10,(anonymous_1)
FNF:2
FNH:2
FNDA:1,(anonymous_0)
FNDA:1,(anonymous_1)
DA:2,1
DA:3,1
DA:14,1
DA:65,1
LF:4
LH:4
BRF:0
BRH:0
end_of_record
TN:
SF:routes\index.js
FN:5,(anonymous_0)
FNF:1
FNH:0
FNDA:0,(anonymous_0)
DA:1,1
DA:2,1
DA:3,1
DA:5,1
DA:6,1
DA:8,1
LF:6
LH:6
BRF:0
BRH:0
end_of_record
TN:
SF:routes\post.js
FNF:0
FNH:0
DA:1,1
DA:2,1
DA:4,1
DA:5,1
DA:6,1
DA:7,1
DA:8,1
DA:9,1
DA:11,1
LF:9
LH:9
BRF:0
BRH:0
end_of_record
