{"D:\\hacktiv8\\phase3\\week3\\project-backend\\services\\app.js": {"path":"D:\\hacktiv8\\phase3\\week3\\project-backend\\services\\app.js","statementMap":{"0":{"start":{"line":1,"column":0},"end":{"line":1,"column":27}},"1":{"start":{"line":3,"column":16},"end":{"line":3,"column":34}},"2":{"start":{"line":4,"column":12},"end":{"line":4,"column":21}},"3":{"start":{"line":5,"column":13},"end":{"line":5,"column":28}},"4":{"start":{"line":6,"column":15},"end":{"line":6,"column":34}},"5":{"start":{"line":7,"column":29},"end":{"line":7,"column":61}},"6":{"start":{"line":9,"column":0},"end":{"line":9,"column":16}},"7":{"start":{"line":10,"column":0},"end":{"line":10,"column":24}},"8":{"start":{"line":11,"column":0},"end":{"line":11,"column":49}},"9":{"start":{"line":13,"column":0},"end":{"line":13,"column":16}},"10":{"start":{"line":15,"column":0},"end":{"line":15,"column":26}},"11":{"start":{"line":17,"column":0},"end":{"line":17,"column":21}}},"fnMap":{},"branchMap":{},"s":{"0":4,"1":4,"2":4,"3":4,"4":4,"5":4,"6":4,"7":4,"8":4,"9":4,"10":4,"11":4},"f":{},"b":{},"_coverageSchema":"1a1c01bbd47fc00a2c39e90264f33305004495a9","hash":"0a108a10f526cd7695f1b628f5a78be2a7405caa"}
,"D:\\hacktiv8\\phase3\\week3\\project-backend\\services\\controller\\admin.js": {"path":"D:\\hacktiv8\\phase3\\week3\\project-backend\\services\\controller\\admin.js","statementMap":{"0":{"start":{"line":1,"column":18},"end":{"line":1,"column":38}},"1":{"start":{"line":2,"column":29},"end":{"line":2,"column":63}},"2":{"start":{"line":3,"column":21},"end":{"line":3,"column":52}},"3":{"start":{"line":7,"column":4},"end":{"line":14,"column":5}},"4":{"start":{"line":8,"column":34},"end":{"line":8,"column":42}},"5":{"start":{"line":9,"column":23},"end":{"line":9,"column":62}},"6":{"start":{"line":11,"column":6},"end":{"line":11,"column":71}},"7":{"start":{"line":13,"column":6},"end":{"line":13,"column":18}},"8":{"start":{"line":18,"column":4},"end":{"line":35,"column":5}},"9":{"start":{"line":19,"column":34},"end":{"line":19,"column":42}},"10":{"start":{"line":20,"column":6},"end":{"line":20,"column":55}},"11":{"start":{"line":20,"column":18},"end":{"line":20,"column":55}},"12":{"start":{"line":21,"column":6},"end":{"line":21,"column":61}},"13":{"start":{"line":21,"column":21},"end":{"line":21,"column":61}},"14":{"start":{"line":23,"column":20},"end":{"line":23,"column":61}},"15":{"start":{"line":24,"column":6},"end":{"line":24,"column":49}},"16":{"start":{"line":24,"column":18},"end":{"line":24,"column":49}},"17":{"start":{"line":26,"column":23},"end":{"line":26,"column":65}},"18":{"start":{"line":27,"column":6},"end":{"line":27,"column":52}},"19":{"start":{"line":27,"column":21},"end":{"line":27,"column":52}},"20":{"start":{"line":29,"column":6},"end":{"line":32,"column":9}},"21":{"start":{"line":34,"column":6},"end":{"line":34,"column":18}},"22":{"start":{"line":39,"column":0},"end":{"line":39,"column":31}}},"fnMap":{"0":{"name":"(anonymous_0)","decl":{"start":{"line":6,"column":2},"end":{"line":6,"column":3}},"loc":{"start":{"line":6,"column":40},"end":{"line":15,"column":3}},"line":6},"1":{"name":"(anonymous_1)","decl":{"start":{"line":17,"column":2},"end":{"line":17,"column":3}},"loc":{"start":{"line":17,"column":37},"end":{"line":36,"column":3}},"line":17}},"branchMap":{"0":{"loc":{"start":{"line":20,"column":6},"end":{"line":20,"column":55}},"type":"if","locations":[{"start":{"line":20,"column":6},"end":{"line":20,"column":55}},{"start":{},"end":{}}],"line":20},"1":{"loc":{"start":{"line":21,"column":6},"end":{"line":21,"column":61}},"type":"if","locations":[{"start":{"line":21,"column":6},"end":{"line":21,"column":61}},{"start":{},"end":{}}],"line":21},"2":{"loc":{"start":{"line":24,"column":6},"end":{"line":24,"column":49}},"type":"if","locations":[{"start":{"line":24,"column":6},"end":{"line":24,"column":49}},{"start":{},"end":{}}],"line":24},"3":{"loc":{"start":{"line":27,"column":6},"end":{"line":27,"column":52}},"type":"if","locations":[{"start":{"line":27,"column":6},"end":{"line":27,"column":52}},{"start":{},"end":{}}],"line":27}},"s":{"0":4,"1":4,"2":4,"3":0,"4":0,"5":0,"6":0,"7":0,"8":0,"9":0,"10":0,"11":0,"12":0,"13":0,"14":0,"15":0,"16":0,"17":0,"18":0,"19":0,"20":0,"21":0,"22":4},"f":{"0":0,"1":0},"b":{"0":[0,0],"1":[0,0],"2":[0,0],"3":[0,0]},"_coverageSchema":"1a1c01bbd47fc00a2c39e90264f33305004495a9","hash":"9b12e67b4263ab8af57ec0e9071737a808af4487"}
,"D:\\hacktiv8\\phase3\\week3\\project-backend\\services\\controller\\bid.js": {"path":"D:\\hacktiv8\\phase3\\week3\\project-backend\\services\\controller\\bid.js","statementMap":{"0":{"start":{"line":3,"column":4},"end":{"line":3,"column":62}},"1":{"start":{"line":7,"column":19},"end":{"line":7,"column":29}},"2":{"start":{"line":8,"column":4},"end":{"line":8,"column":73}},"3":{"start":{"line":12,"column":4},"end":{"line":12,"column":63}},"4":{"start":{"line":16,"column":19},"end":{"line":16,"column":29}},"5":{"start":{"line":17,"column":4},"end":{"line":17,"column":74}},"6":{"start":{"line":21,"column":19},"end":{"line":21,"column":29}},"7":{"start":{"line":22,"column":4},"end":{"line":22,"column":76}},"8":{"start":{"line":26,"column":0},"end":{"line":26,"column":31}}},"fnMap":{"0":{"name":"(anonymous_0)","decl":{"start":{"line":2,"column":2},"end":{"line":2,"column":3}},"loc":{"start":{"line":2,"column":36},"end":{"line":4,"column":3}},"line":2},"1":{"name":"(anonymous_1)","decl":{"start":{"line":6,"column":2},"end":{"line":6,"column":3}},"loc":{"start":{"line":6,"column":36},"end":{"line":9,"column":3}},"line":6},"2":{"name":"(anonymous_2)","decl":{"start":{"line":11,"column":2},"end":{"line":11,"column":3}},"loc":{"start":{"line":11,"column":32},"end":{"line":13,"column":3}},"line":11},"3":{"name":"(anonymous_3)","decl":{"start":{"line":15,"column":2},"end":{"line":15,"column":3}},"loc":{"start":{"line":15,"column":39},"end":{"line":18,"column":3}},"line":15},"4":{"name":"(anonymous_4)","decl":{"start":{"line":20,"column":2},"end":{"line":20,"column":3}},"loc":{"start":{"line":20,"column":39},"end":{"line":23,"column":3}},"line":20}},"branchMap":{},"s":{"0":0,"1":0,"2":0,"3":0,"4":0,"5":0,"6":0,"7":0,"8":4},"f":{"0":0,"1":0,"2":0,"3":0,"4":0},"b":{},"_coverageSchema":"1a1c01bbd47fc00a2c39e90264f33305004495a9","hash":"7dda5fab0c6337e02b76a9c55ccb1abdf887fbb0"}
,"D:\\hacktiv8\\phase3\\week3\\project-backend\\services\\controller\\book.js": {"path":"D:\\hacktiv8\\phase3\\week3\\project-backend\\services\\controller\\book.js","statementMap":{"0":{"start":{"line":3,"column":4},"end":{"line":3,"column":63}},"1":{"start":{"line":7,"column":23},"end":{"line":7,"column":33}},"2":{"start":{"line":8,"column":4},"end":{"line":8,"column":78}},"3":{"start":{"line":12,"column":0},"end":{"line":12,"column":32}}},"fnMap":{"0":{"name":"(anonymous_0)","decl":{"start":{"line":2,"column":2},"end":{"line":2,"column":3}},"loc":{"start":{"line":2,"column":37},"end":{"line":4,"column":3}},"line":2},"1":{"name":"(anonymous_1)","decl":{"start":{"line":6,"column":2},"end":{"line":6,"column":3}},"loc":{"start":{"line":6,"column":37},"end":{"line":9,"column":3}},"line":6}},"branchMap":{},"s":{"0":0,"1":0,"2":0,"3":4},"f":{"0":0,"1":0},"b":{},"_coverageSchema":"1a1c01bbd47fc00a2c39e90264f33305004495a9","hash":"2dbea325db30146b273fd7ac906ec36baa2052bf"}
,"D:\\hacktiv8\\phase3\\week3\\project-backend\\services\\controller\\genre.js": {"path":"D:\\hacktiv8\\phase3\\week3\\project-backend\\services\\controller\\genre.js","statementMap":{"0":{"start":{"line":1,"column":18},"end":{"line":1,"column":38}},"1":{"start":{"line":6,"column":4},"end":{"line":12,"column":5}},"2":{"start":{"line":7,"column":21},"end":{"line":7,"column":42}},"3":{"start":{"line":9,"column":6},"end":{"line":9,"column":35}},"4":{"start":{"line":11,"column":6},"end":{"line":11,"column":18}},"5":{"start":{"line":16,"column":4},"end":{"line":23,"column":5}},"6":{"start":{"line":17,"column":20},"end":{"line":17,"column":55}},"7":{"start":{"line":18,"column":6},"end":{"line":18,"column":49}},"8":{"start":{"line":18,"column":18},"end":{"line":18,"column":49}},"9":{"start":{"line":20,"column":6},"end":{"line":20,"column":34}},"10":{"start":{"line":22,"column":6},"end":{"line":22,"column":18}},"11":{"start":{"line":27,"column":0},"end":{"line":27,"column":33}}},"fnMap":{"0":{"name":"(anonymous_0)","decl":{"start":{"line":5,"column":2},"end":{"line":5,"column":3}},"loc":{"start":{"line":5,"column":41},"end":{"line":13,"column":3}},"line":5},"1":{"name":"(anonymous_1)","decl":{"start":{"line":15,"column":2},"end":{"line":15,"column":3}},"loc":{"start":{"line":15,"column":44},"end":{"line":24,"column":3}},"line":15}},"branchMap":{"0":{"loc":{"start":{"line":18,"column":6},"end":{"line":18,"column":49}},"type":"if","locations":[{"start":{"line":18,"column":6},"end":{"line":18,"column":49}},{"start":{},"end":{}}],"line":18}},"s":{"0":4,"1":0,"2":0,"3":0,"4":0,"5":0,"6":0,"7":0,"8":0,"9":0,"10":0,"11":4},"f":{"0":0,"1":0},"b":{"0":[0,0]},"_coverageSchema":"1a1c01bbd47fc00a2c39e90264f33305004495a9","hash":"115903ff5fd5df255159a0422ee92fb991a8ee44"}
,"D:\\hacktiv8\\phase3\\week3\\project-backend\\services\\controller\\post.js": {"path":"D:\\hacktiv8\\phase3\\week3\\project-backend\\services\\controller\\post.js","statementMap":{"0":{"start":{"line":1,"column":17},"end":{"line":1,"column":37}},"1":{"start":{"line":5,"column":36},"end":{"line":5,"column":45}},"2":{"start":{"line":6,"column":4},"end":{"line":12,"column":5}},"3":{"start":{"line":7,"column":20},"end":{"line":7,"column":40}},"4":{"start":{"line":9,"column":6},"end":{"line":9,"column":34}},"5":{"start":{"line":11,"column":6},"end":{"line":11,"column":18}},"6":{"start":{"line":16,"column":19},"end":{"line":16,"column":29}},"7":{"start":{"line":17,"column":4},"end":{"line":24,"column":5}},"8":{"start":{"line":18,"column":19},"end":{"line":18,"column":42}},"9":{"start":{"line":19,"column":6},"end":{"line":19,"column":50}},"10":{"start":{"line":19,"column":17},"end":{"line":19,"column":50}},"11":{"start":{"line":21,"column":6},"end":{"line":21,"column":33}},"12":{"start":{"line":23,"column":6},"end":{"line":23,"column":18}},"13":{"start":{"line":28,"column":65},"end":{"line":28,"column":73}},"14":{"start":{"line":29,"column":4},"end":{"line":42,"column":5}},"15":{"start":{"line":30,"column":22},"end":{"line":37,"column":8}},"16":{"start":{"line":39,"column":6},"end":{"line":39,"column":36}},"17":{"start":{"line":41,"column":6},"end":{"line":41,"column":18}},"18":{"start":{"line":46,"column":19},"end":{"line":46,"column":29}},"19":{"start":{"line":48,"column":6},"end":{"line":48,"column":14}},"20":{"start":{"line":49,"column":4},"end":{"line":68,"column":5}},"21":{"start":{"line":50,"column":19},"end":{"line":50,"column":42}},"22":{"start":{"line":51,"column":6},"end":{"line":51,"column":50}},"23":{"start":{"line":51,"column":17},"end":{"line":51,"column":50}},"24":{"start":{"line":53,"column":6},"end":{"line":61,"column":9}},"25":{"start":{"line":63,"column":6},"end":{"line":65,"column":69}},"26":{"start":{"line":67,"column":6},"end":{"line":67,"column":18}},"27":{"start":{"line":72,"column":19},"end":{"line":72,"column":29}},"28":{"start":{"line":73,"column":4},"end":{"line":84,"column":5}},"29":{"start":{"line":74,"column":19},"end":{"line":74,"column":42}},"30":{"start":{"line":75,"column":6},"end":{"line":75,"column":50}},"31":{"start":{"line":75,"column":17},"end":{"line":75,"column":50}},"32":{"start":{"line":77,"column":6},"end":{"line":77,"column":54}},"33":{"start":{"line":79,"column":6},"end":{"line":81,"column":9}},"34":{"start":{"line":83,"column":6},"end":{"line":83,"column":18}},"35":{"start":{"line":88,"column":19},"end":{"line":88,"column":29}},"36":{"start":{"line":89,"column":4},"end":{"line":98,"column":5}},"37":{"start":{"line":90,"column":19},"end":{"line":90,"column":42}},"38":{"start":{"line":91,"column":6},"end":{"line":91,"column":50}},"39":{"start":{"line":91,"column":17},"end":{"line":91,"column":50}},"40":{"start":{"line":93,"column":6},"end":{"line":93,"column":27}},"41":{"start":{"line":95,"column":6},"end":{"line":95,"column":73}},"42":{"start":{"line":97,"column":6},"end":{"line":97,"column":18}},"43":{"start":{"line":102,"column":0},"end":{"line":102,"column":32}}},"fnMap":{"0":{"name":"(anonymous_0)","decl":{"start":{"line":4,"column":2},"end":{"line":4,"column":3}},"loc":{"start":{"line":4,"column":36},"end":{"line":13,"column":3}},"line":4},"1":{"name":"(anonymous_1)","decl":{"start":{"line":15,"column":2},"end":{"line":15,"column":3}},"loc":{"start":{"line":15,"column":39},"end":{"line":25,"column":3}},"line":15},"2":{"name":"(anonymous_2)","decl":{"start":{"line":27,"column":2},"end":{"line":27,"column":3}},"loc":{"start":{"line":27,"column":38},"end":{"line":43,"column":3}},"line":27},"3":{"name":"(anonymous_3)","decl":{"start":{"line":45,"column":2},"end":{"line":45,"column":3}},"loc":{"start":{"line":45,"column":38},"end":{"line":69,"column":3}},"line":45},"4":{"name":"(anonymous_4)","decl":{"start":{"line":71,"column":2},"end":{"line":71,"column":3}},"loc":{"start":{"line":71,"column":44},"end":{"line":85,"column":3}},"line":71},"5":{"name":"(anonymous_5)","decl":{"start":{"line":87,"column":2},"end":{"line":87,"column":3}},"loc":{"start":{"line":87,"column":38},"end":{"line":99,"column":3}},"line":87}},"branchMap":{"0":{"loc":{"start":{"line":19,"column":6},"end":{"line":19,"column":50}},"type":"if","locations":[{"start":{"line":19,"column":6},"end":{"line":19,"column":50}},{"start":{},"end":{}}],"line":19},"1":{"loc":{"start":{"line":51,"column":6},"end":{"line":51,"column":50}},"type":"if","locations":[{"start":{"line":51,"column":6},"end":{"line":51,"column":50}},{"start":{},"end":{}}],"line":51},"2":{"loc":{"start":{"line":75,"column":6},"end":{"line":75,"column":50}},"type":"if","locations":[{"start":{"line":75,"column":6},"end":{"line":75,"column":50}},{"start":{},"end":{}}],"line":75},"3":{"loc":{"start":{"line":91,"column":6},"end":{"line":91,"column":50}},"type":"if","locations":[{"start":{"line":91,"column":6},"end":{"line":91,"column":50}},{"start":{},"end":{}}],"line":91}},"s":{"0":4,"1":4,"2":4,"3":4,"4":4,"5":0,"6":2,"7":2,"8":2,"9":2,"10":1,"11":1,"12":1,"13":4,"14":4,"15":4,"16":1,"17":3,"18":0,"19":0,"20":0,"21":0,"22":0,"23":0,"24":0,"25":0,"26":0,"27":0,"28":0,"29":0,"30":0,"31":0,"32":0,"33":0,"34":0,"35":0,"36":0,"37":0,"38":0,"39":0,"40":0,"41":0,"42":0,"43":4},"f":{"0":4,"1":2,"2":4,"3":0,"4":0,"5":0},"b":{"0":[1,1],"1":[0,0],"2":[0,0],"3":[0,0]},"_coverageSchema":"1a1c01bbd47fc00a2c39e90264f33305004495a9","hash":"44beca249799a944581fcaee5eb689c5b8d94a64"}
,"D:\\hacktiv8\\phase3\\week3\\project-backend\\services\\controller\\report.js": {"path":"D:\\hacktiv8\\phase3\\week3\\project-backend\\services\\controller\\report.js","statementMap":{"0":{"start":{"line":1,"column":25},"end":{"line":1,"column":45}},"1":{"start":{"line":6,"column":8},"end":{"line":23,"column":9}},"2":{"start":{"line":7,"column":35},"end":{"line":7,"column":45}},"3":{"start":{"line":8,"column":39},"end":{"line":8,"column":47}},"4":{"start":{"line":10,"column":33},"end":{"line":10,"column":64}},"5":{"start":{"line":11,"column":12},"end":{"line":11,"column":60}},"6":{"start":{"line":11,"column":30},"end":{"line":11,"column":60}},"7":{"start":{"line":13,"column":27},"end":{"line":18,"column":14}},"8":{"start":{"line":20,"column":12},"end":{"line":20,"column":40}},"9":{"start":{"line":22,"column":12},"end":{"line":22,"column":23}},"10":{"start":{"line":27,"column":8},"end":{"line":38,"column":9}},"11":{"start":{"line":28,"column":28},"end":{"line":33,"column":14}},"12":{"start":{"line":35,"column":12},"end":{"line":35,"column":41}},"13":{"start":{"line":37,"column":12},"end":{"line":37,"column":23}},"14":{"start":{"line":42,"column":8},"end":{"line":54,"column":9}},"15":{"start":{"line":43,"column":27},"end":{"line":48,"column":14}},"16":{"start":{"line":49,"column":12},"end":{"line":49,"column":54}},"17":{"start":{"line":49,"column":24},"end":{"line":49,"column":54}},"18":{"start":{"line":51,"column":12},"end":{"line":51,"column":40}},"19":{"start":{"line":53,"column":12},"end":{"line":53,"column":23}},"20":{"start":{"line":58,"column":8},"end":{"line":67,"column":9}},"21":{"start":{"line":59,"column":27},"end":{"line":59,"column":63}},"22":{"start":{"line":60,"column":12},"end":{"line":60,"column":54}},"23":{"start":{"line":60,"column":24},"end":{"line":60,"column":54}},"24":{"start":{"line":62,"column":12},"end":{"line":62,"column":91}},"25":{"start":{"line":64,"column":12},"end":{"line":64,"column":85}},"26":{"start":{"line":66,"column":12},"end":{"line":66,"column":23}},"27":{"start":{"line":71,"column":0},"end":{"line":71,"column":33}}},"fnMap":{"0":{"name":"(anonymous_0)","decl":{"start":{"line":5,"column":4},"end":{"line":5,"column":5}},"loc":{"start":{"line":5,"column":42},"end":{"line":24,"column":5}},"line":5},"1":{"name":"(anonymous_1)","decl":{"start":{"line":26,"column":4},"end":{"line":26,"column":5}},"loc":{"start":{"line":26,"column":43},"end":{"line":39,"column":5}},"line":26},"2":{"name":"(anonymous_2)","decl":{"start":{"line":41,"column":4},"end":{"line":41,"column":5}},"loc":{"start":{"line":41,"column":46},"end":{"line":55,"column":5}},"line":41},"3":{"name":"(anonymous_3)","decl":{"start":{"line":57,"column":4},"end":{"line":57,"column":5}},"loc":{"start":{"line":57,"column":45},"end":{"line":68,"column":5}},"line":57}},"branchMap":{"0":{"loc":{"start":{"line":11,"column":12},"end":{"line":11,"column":60}},"type":"if","locations":[{"start":{"line":11,"column":12},"end":{"line":11,"column":60}},{"start":{},"end":{}}],"line":11},"1":{"loc":{"start":{"line":49,"column":12},"end":{"line":49,"column":54}},"type":"if","locations":[{"start":{"line":49,"column":12},"end":{"line":49,"column":54}},{"start":{},"end":{}}],"line":49},"2":{"loc":{"start":{"line":60,"column":12},"end":{"line":60,"column":54}},"type":"if","locations":[{"start":{"line":60,"column":12},"end":{"line":60,"column":54}},{"start":{},"end":{}}],"line":60}},"s":{"0":4,"1":0,"2":0,"3":0,"4":0,"5":0,"6":0,"7":0,"8":0,"9":0,"10":0,"11":0,"12":0,"13":0,"14":0,"15":0,"16":0,"17":0,"18":0,"19":0,"20":0,"21":0,"22":0,"23":0,"24":0,"25":0,"26":0,"27":4},"f":{"0":0,"1":0,"2":0,"3":0},"b":{"0":[0,0],"1":[0,0],"2":[0,0]},"_coverageSchema":"1a1c01bbd47fc00a2c39e90264f33305004495a9","hash":"bd285298c8a2f51c82a47a9eb9f540dd83ddaa7a"}
,"D:\\hacktiv8\\phase3\\week3\\project-backend\\services\\controller\\user.js": {"path":"D:\\hacktiv8\\phase3\\week3\\project-backend\\services\\controller\\user.js","statementMap":{"0":{"start":{"line":1,"column":29},"end":{"line":1,"column":63}},"1":{"start":{"line":2,"column":21},"end":{"line":2,"column":52}},"2":{"start":{"line":3,"column":39},"end":{"line":3,"column":59}},"3":{"start":{"line":7,"column":4},"end":{"line":29,"column":5}},"4":{"start":{"line":8,"column":44},"end":{"line":8,"column":53}},"5":{"start":{"line":9,"column":26},"end":{"line":11,"column":7}},"6":{"start":{"line":12,"column":6},"end":{"line":24,"column":7}},"7":{"start":{"line":13,"column":38},"end":{"line":13,"column":57}},"8":{"start":{"line":14,"column":8},"end":{"line":23,"column":10}},"9":{"start":{"line":25,"column":19},"end":{"line":25,"column":50}},"10":{"start":{"line":26,"column":6},"end":{"line":26,"column":33}},"11":{"start":{"line":28,"column":6},"end":{"line":28,"column":18}},"12":{"start":{"line":33,"column":19},"end":{"line":33,"column":29}},"13":{"start":{"line":34,"column":4},"end":{"line":42,"column":5}},"14":{"start":{"line":35,"column":19},"end":{"line":37,"column":8}},"15":{"start":{"line":38,"column":6},"end":{"line":38,"column":45}},"16":{"start":{"line":38,"column":17},"end":{"line":38,"column":45}},"17":{"start":{"line":39,"column":6},"end":{"line":39,"column":33}},"18":{"start":{"line":41,"column":6},"end":{"line":41,"column":18}},"19":{"start":{"line":46,"column":4},"end":{"line":67,"column":5}},"20":{"start":{"line":47,"column":21},"end":{"line":47,"column":31}},"21":{"start":{"line":49,"column":8},"end":{"line":49,"column":16}},"22":{"start":{"line":50,"column":19},"end":{"line":50,"column":42}},"23":{"start":{"line":51,"column":6},"end":{"line":51,"column":45}},"24":{"start":{"line":51,"column":17},"end":{"line":51,"column":45}},"25":{"start":{"line":52,"column":6},"end":{"line":58,"column":9}},"26":{"start":{"line":59,"column":30},"end":{"line":59,"column":47}},"27":{"start":{"line":60,"column":6},"end":{"line":60,"column":58}},"28":{"start":{"line":60,"column":24},"end":{"line":60,"column":58}},"29":{"start":{"line":61,"column":6},"end":{"line":61,"column":31}},"30":{"start":{"line":62,"column":6},"end":{"line":64,"column":72}},"31":{"start":{"line":66,"column":6},"end":{"line":66,"column":18}},"32":{"start":{"line":71,"column":4},"end":{"line":84,"column":5}},"33":{"start":{"line":72,"column":21},"end":{"line":72,"column":31}},"34":{"start":{"line":73,"column":19},"end":{"line":73,"column":42}},"35":{"start":{"line":74,"column":6},"end":{"line":74,"column":45}},"36":{"start":{"line":74,"column":17},"end":{"line":74,"column":45}},"37":{"start":{"line":75,"column":6},"end":{"line":77,"column":9}},"38":{"start":{"line":78,"column":6},"end":{"line":78,"column":24}},"39":{"start":{"line":79,"column":6},"end":{"line":81,"column":9}},"40":{"start":{"line":83,"column":6},"end":{"line":83,"column":18}},"41":{"start":{"line":90,"column":4},"end":{"line":102,"column":5}},"42":{"start":{"line":91,"column":34},"end":{"line":91,"column":42}},"43":{"start":{"line":92,"column":6},"end":{"line":92,"column":48}},"44":{"start":{"line":92,"column":18},"end":{"line":92,"column":48}},"45":{"start":{"line":93,"column":6},"end":{"line":93,"column":54}},"46":{"start":{"line":93,"column":21},"end":{"line":93,"column":54}},"47":{"start":{"line":94,"column":19},"end":{"line":94,"column":59}},"48":{"start":{"line":95,"column":6},"end":{"line":95,"column":56}},"49":{"start":{"line":95,"column":17},"end":{"line":95,"column":56}},"50":{"start":{"line":96,"column":28},"end":{"line":96,"column":69}},"51":{"start":{"line":97,"column":6},"end":{"line":97,"column":65}},"52":{"start":{"line":97,"column":26},"end":{"line":97,"column":65}},"53":{"start":{"line":98,"column":27},"end":{"line":98,"column":71}},"54":{"start":{"line":99,"column":6},"end":{"line":99,"column":45}},"55":{"start":{"line":101,"column":6},"end":{"line":101,"column":18}},"56":{"start":{"line":106,"column":4},"end":{"line":138,"column":5}},"57":{"start":{"line":115,"column":10},"end":{"line":115,"column":18}},"58":{"start":{"line":116,"column":24},"end":{"line":116,"column":42}},"59":{"start":{"line":117,"column":23},"end":{"line":117,"column":42}},"60":{"start":{"line":118,"column":27},"end":{"line":121,"column":7}},"61":{"start":{"line":122,"column":19},"end":{"line":132,"column":8}},"62":{"start":{"line":133,"column":29},"end":{"line":133,"column":33}},"63":{"start":{"line":134,"column":56},"end":{"line":134,"column":66}},"64":{"start":{"line":135,"column":6},"end":{"line":135,"column":37}},"65":{"start":{"line":137,"column":6},"end":{"line":137,"column":18}},"66":{"start":{"line":142,"column":0},"end":{"line":142,"column":66}}},"fnMap":{"0":{"name":"(anonymous_0)","decl":{"start":{"line":6,"column":2},"end":{"line":6,"column":3}},"loc":{"start":{"line":6,"column":43},"end":{"line":30,"column":3}},"line":6},"1":{"name":"(anonymous_1)","decl":{"start":{"line":32,"column":2},"end":{"line":32,"column":3}},"loc":{"start":{"line":32,"column":43},"end":{"line":43,"column":3}},"line":32},"2":{"name":"(anonymous_2)","decl":{"start":{"line":45,"column":2},"end":{"line":45,"column":3}},"loc":{"start":{"line":45,"column":47},"end":{"line":68,"column":3}},"line":45},"3":{"name":"(anonymous_3)","decl":{"start":{"line":70,"column":2},"end":{"line":70,"column":3}},"loc":{"start":{"line":70,"column":50},"end":{"line":85,"column":3}},"line":70},"4":{"name":"(anonymous_4)","decl":{"start":{"line":89,"column":2},"end":{"line":89,"column":3}},"loc":{"start":{"line":89,"column":41},"end":{"line":103,"column":3}},"line":89},"5":{"name":"(anonymous_5)","decl":{"start":{"line":105,"column":2},"end":{"line":105,"column":3}},"loc":{"start":{"line":105,"column":44},"end":{"line":139,"column":3}},"line":105}},"branchMap":{"0":{"loc":{"start":{"line":8,"column":24},"end":{"line":8,"column":39}},"type":"default-arg","locations":[{"start":{"line":8,"column":35},"end":{"line":8,"column":39}}],"line":8},"1":{"loc":{"start":{"line":12,"column":6},"end":{"line":24,"column":7}},"type":"if","locations":[{"start":{"line":12,"column":6},"end":{"line":24,"column":7}},{"start":{},"end":{}}],"line":12},"2":{"loc":{"start":{"line":38,"column":6},"end":{"line":38,"column":45}},"type":"if","locations":[{"start":{"line":38,"column":6},"end":{"line":38,"column":45}},{"start":{},"end":{}}],"line":38},"3":{"loc":{"start":{"line":51,"column":6},"end":{"line":51,"column":45}},"type":"if","locations":[{"start":{"line":51,"column":6},"end":{"line":51,"column":45}},{"start":{},"end":{}}],"line":51},"4":{"loc":{"start":{"line":60,"column":6},"end":{"line":60,"column":58}},"type":"if","locations":[{"start":{"line":60,"column":6},"end":{"line":60,"column":58}},{"start":{},"end":{}}],"line":60},"5":{"loc":{"start":{"line":74,"column":6},"end":{"line":74,"column":45}},"type":"if","locations":[{"start":{"line":74,"column":6},"end":{"line":74,"column":45}},{"start":{},"end":{}}],"line":74},"6":{"loc":{"start":{"line":92,"column":6},"end":{"line":92,"column":48}},"type":"if","locations":[{"start":{"line":92,"column":6},"end":{"line":92,"column":48}},{"start":{},"end":{}}],"line":92},"7":{"loc":{"start":{"line":93,"column":6},"end":{"line":93,"column":54}},"type":"if","locations":[{"start":{"line":93,"column":6},"end":{"line":93,"column":54}},{"start":{},"end":{}}],"line":93},"8":{"loc":{"start":{"line":95,"column":6},"end":{"line":95,"column":56}},"type":"if","locations":[{"start":{"line":95,"column":6},"end":{"line":95,"column":56}},{"start":{},"end":{}}],"line":95},"9":{"loc":{"start":{"line":97,"column":6},"end":{"line":97,"column":65}},"type":"if","locations":[{"start":{"line":97,"column":6},"end":{"line":97,"column":65}},{"start":{},"end":{}}],"line":97}},"s":{"0":4,"1":4,"2":4,"3":0,"4":0,"5":0,"6":0,"7":0,"8":0,"9":0,"10":0,"11":0,"12":0,"13":0,"14":0,"15":0,"16":0,"17":0,"18":0,"19":0,"20":0,"21":0,"22":0,"23":0,"24":0,"25":0,"26":0,"27":0,"28":0,"29":0,"30":0,"31":0,"32":0,"33":0,"34":0,"35":0,"36":0,"37":0,"38":0,"39":0,"40":0,"41":0,"42":0,"43":0,"44":0,"45":0,"46":0,"47":0,"48":0,"49":0,"50":0,"51":0,"52":0,"53":0,"54":0,"55":0,"56":0,"57":0,"58":0,"59":0,"60":0,"61":0,"62":0,"63":0,"64":0,"65":0,"66":4},"f":{"0":0,"1":0,"2":0,"3":0,"4":0,"5":0},"b":{"0":[0],"1":[0,0],"2":[0,0],"3":[0,0],"4":[0,0],"5":[0,0],"6":[0,0],"7":[0,0],"8":[0,0],"9":[0,0]},"_coverageSchema":"1a1c01bbd47fc00a2c39e90264f33305004495a9","hash":"9ee893402365ed73d6f97b72f89dfbd1c46ed443"}
,"D:\\hacktiv8\\phase3\\week3\\project-backend\\services\\helper\\bcryptHandler.js": {"path":"D:\\hacktiv8\\phase3\\week3\\project-backend\\services\\helper\\bcryptHandler.js","statementMap":{"0":{"start":{"line":1,"column":17},"end":{"line":1,"column":36}},"1":{"start":{"line":3,"column":22},"end":{"line":5,"column":1}},"2":{"start":{"line":4,"column":2},"end":{"line":4,"column":34}},"3":{"start":{"line":7,"column":25},"end":{"line":9,"column":1}},"4":{"start":{"line":8,"column":2},"end":{"line":8,"column":53}},"5":{"start":{"line":11,"column":0},"end":{"line":11,"column":53}}},"fnMap":{"0":{"name":"(anonymous_0)","decl":{"start":{"line":3,"column":22},"end":{"line":3,"column":23}},"loc":{"start":{"line":3,"column":33},"end":{"line":5,"column":1}},"line":3},"1":{"name":"(anonymous_1)","decl":{"start":{"line":7,"column":25},"end":{"line":7,"column":26}},"loc":{"start":{"line":7,"column":52},"end":{"line":9,"column":1}},"line":7}},"branchMap":{},"s":{"0":4,"1":4,"2":0,"3":4,"4":0,"5":4},"f":{"0":0,"1":0},"b":{},"_coverageSchema":"1a1c01bbd47fc00a2c39e90264f33305004495a9","hash":"0fef671ccfeac68d8d406989ba9ff95383d7e41e"}
,"D:\\hacktiv8\\phase3\\week3\\project-backend\\services\\helper\\errorHandler.js": {"path":"D:\\hacktiv8\\phase3\\week3\\project-backend\\services\\helper\\errorHandler.js","statementMap":{"0":{"start":{"line":1,"column":25},"end":{"line":40,"column":1}},"1":{"start":{"line":2,"column":2},"end":{"line":2,"column":19}},"2":{"start":{"line":3,"column":13},"end":{"line":3,"column":16}},"3":{"start":{"line":4,"column":16},"end":{"line":4,"column":39}},"4":{"start":{"line":6,"column":2},"end":{"line":12,"column":3}},"5":{"start":{"line":10,"column":4},"end":{"line":10,"column":15}},"6":{"start":{"line":11,"column":4},"end":{"line":11,"column":36}},"7":{"start":{"line":14,"column":2},"end":{"line":17,"column":3}},"8":{"start":{"line":15,"column":4},"end":{"line":15,"column":15}},"9":{"start":{"line":16,"column":4},"end":{"line":16,"column":31}},"10":{"start":{"line":19,"column":2},"end":{"line":22,"column":3}},"11":{"start":{"line":20,"column":4},"end":{"line":20,"column":15}},"12":{"start":{"line":21,"column":4},"end":{"line":21,"column":44}},"13":{"start":{"line":24,"column":2},"end":{"line":27,"column":3}},"14":{"start":{"line":25,"column":4},"end":{"line":25,"column":15}},"15":{"start":{"line":26,"column":4},"end":{"line":26,"column":47}},"16":{"start":{"line":29,"column":2},"end":{"line":32,"column":3}},"17":{"start":{"line":30,"column":4},"end":{"line":30,"column":15}},"18":{"start":{"line":31,"column":4},"end":{"line":31,"column":40}},"19":{"start":{"line":34,"column":2},"end":{"line":37,"column":3}},"20":{"start":{"line":35,"column":4},"end":{"line":35,"column":15}},"21":{"start":{"line":36,"column":4},"end":{"line":36,"column":31}},"22":{"start":{"line":39,"column":2},"end":{"line":39,"column":37}},"23":{"start":{"line":42,"column":0},"end":{"line":42,"column":38}}},"fnMap":{"0":{"name":"(anonymous_0)","decl":{"start":{"line":1,"column":25},"end":{"line":1,"column":26}},"loc":{"start":{"line":1,"column":50},"end":{"line":40,"column":1}},"line":1}},"branchMap":{"0":{"loc":{"start":{"line":6,"column":2},"end":{"line":12,"column":3}},"type":"if","locations":[{"start":{"line":6,"column":2},"end":{"line":12,"column":3}},{"start":{},"end":{}}],"line":6},"1":{"loc":{"start":{"line":7,"column":4},"end":{"line":8,"column":49}},"type":"binary-expr","locations":[{"start":{"line":7,"column":4},"end":{"line":7,"column":43}},{"start":{"line":8,"column":4},"end":{"line":8,"column":49}}],"line":7},"2":{"loc":{"start":{"line":14,"column":2},"end":{"line":17,"column":3}},"type":"if","locations":[{"start":{"line":14,"column":2},"end":{"line":17,"column":3}},{"start":{},"end":{}}],"line":14},"3":{"loc":{"start":{"line":19,"column":2},"end":{"line":22,"column":3}},"type":"if","locations":[{"start":{"line":19,"column":2},"end":{"line":22,"column":3}},{"start":{},"end":{}}],"line":19},"4":{"loc":{"start":{"line":24,"column":2},"end":{"line":27,"column":3}},"type":"if","locations":[{"start":{"line":24,"column":2},"end":{"line":27,"column":3}},{"start":{},"end":{}}],"line":24},"5":{"loc":{"start":{"line":29,"column":2},"end":{"line":32,"column":3}},"type":"if","locations":[{"start":{"line":29,"column":2},"end":{"line":32,"column":3}},{"start":{},"end":{}}],"line":29},"6":{"loc":{"start":{"line":34,"column":2},"end":{"line":37,"column":3}},"type":"if","locations":[{"start":{"line":34,"column":2},"end":{"line":37,"column":3}},{"start":{},"end":{}}],"line":34}},"s":{"0":4,"1":4,"2":4,"3":4,"4":4,"5":3,"6":3,"7":4,"8":0,"9":0,"10":4,"11":0,"12":0,"13":4,"14":0,"15":0,"16":4,"17":0,"18":0,"19":4,"20":1,"21":1,"22":4,"23":4},"f":{"0":4},"b":{"0":[3,1],"1":[4,1],"2":[0,4],"3":[0,4],"4":[0,4],"5":[0,4],"6":[1,3]},"_coverageSchema":"1a1c01bbd47fc00a2c39e90264f33305004495a9","hash":"020f197f4ecca9ad5705616cee52217934463f29"}
,"D:\\hacktiv8\\phase3\\week3\\project-backend\\services\\helper\\jwtHandler.js": {"path":"D:\\hacktiv8\\phase3\\week3\\project-backend\\services\\helper\\jwtHandler.js","statementMap":{"0":{"start":{"line":1,"column":12},"end":{"line":1,"column":35}},"1":{"start":{"line":3,"column":17},"end":{"line":5,"column":1}},"2":{"start":{"line":4,"column":2},"end":{"line":4,"column":55}},"3":{"start":{"line":7,"column":19},"end":{"line":9,"column":1}},"4":{"start":{"line":8,"column":2},"end":{"line":8,"column":55}},"5":{"start":{"line":11,"column":0},"end":{"line":11,"column":42}}},"fnMap":{"0":{"name":"(anonymous_0)","decl":{"start":{"line":3,"column":17},"end":{"line":3,"column":18}},"loc":{"start":{"line":3,"column":30},"end":{"line":5,"column":1}},"line":3},"1":{"name":"(anonymous_1)","decl":{"start":{"line":7,"column":19},"end":{"line":7,"column":20}},"loc":{"start":{"line":7,"column":30},"end":{"line":9,"column":1}},"line":7}},"branchMap":{},"s":{"0":4,"1":4,"2":0,"3":4,"4":0,"5":4},"f":{"0":0,"1":0},"b":{},"_coverageSchema":"1a1c01bbd47fc00a2c39e90264f33305004495a9","hash":"1c62ae6f5d7d4c74aeaf75c959c10ee4b5b5ef63"}
,"D:\\hacktiv8\\phase3\\week3\\project-backend\\services\\middlewares\\authentication.js": {"path":"D:\\hacktiv8\\phase3\\week3\\project-backend\\services\\middlewares\\authentication.js","statementMap":{"0":{"start":{"line":1,"column":24},"end":{"line":1,"column":44}},"1":{"start":{"line":2,"column":23},"end":{"line":2,"column":54}},"2":{"start":{"line":4,"column":18},"end":{"line":20,"column":1}},"3":{"start":{"line":5,"column":2},"end":{"line":19,"column":3}},"4":{"start":{"line":6,"column":29},"end":{"line":6,"column":40}},"5":{"start":{"line":7,"column":4},"end":{"line":7,"column":54}},"6":{"start":{"line":7,"column":23},"end":{"line":7,"column":54}},"7":{"start":{"line":9,"column":20},"end":{"line":9,"column":44}},"8":{"start":{"line":11,"column":18},"end":{"line":11,"column":50}},"9":{"start":{"line":12,"column":4},"end":{"line":12,"column":47}},"10":{"start":{"line":12,"column":16},"end":{"line":12,"column":47}},"11":{"start":{"line":14,"column":4},"end":{"line":14,"column":33}},"12":{"start":{"line":16,"column":4},"end":{"line":16,"column":11}},"13":{"start":{"line":18,"column":4},"end":{"line":18,"column":16}},"14":{"start":{"line":22,"column":17},"end":{"line":38,"column":1}},"15":{"start":{"line":23,"column":2},"end":{"line":37,"column":3}},"16":{"start":{"line":24,"column":29},"end":{"line":24,"column":40}},"17":{"start":{"line":25,"column":4},"end":{"line":25,"column":54}},"18":{"start":{"line":25,"column":23},"end":{"line":25,"column":54}},"19":{"start":{"line":27,"column":20},"end":{"line":27,"column":44}},"20":{"start":{"line":29,"column":17},"end":{"line":29,"column":48}},"21":{"start":{"line":30,"column":4},"end":{"line":30,"column":46}},"22":{"start":{"line":30,"column":15},"end":{"line":30,"column":46}},"23":{"start":{"line":32,"column":4},"end":{"line":32,"column":31}},"24":{"start":{"line":34,"column":4},"end":{"line":34,"column":11}},"25":{"start":{"line":36,"column":4},"end":{"line":36,"column":16}},"26":{"start":{"line":40,"column":0},"end":{"line":40,"column":41}}},"fnMap":{"0":{"name":"(anonymous_0)","decl":{"start":{"line":4,"column":18},"end":{"line":4,"column":19}},"loc":{"start":{"line":4,"column":44},"end":{"line":20,"column":1}},"line":4},"1":{"name":"(anonymous_1)","decl":{"start":{"line":22,"column":17},"end":{"line":22,"column":18}},"loc":{"start":{"line":22,"column":43},"end":{"line":38,"column":1}},"line":22}},"branchMap":{"0":{"loc":{"start":{"line":7,"column":4},"end":{"line":7,"column":54}},"type":"if","locations":[{"start":{"line":7,"column":4},"end":{"line":7,"column":54}},{"start":{},"end":{}}],"line":7},"1":{"loc":{"start":{"line":12,"column":4},"end":{"line":12,"column":47}},"type":"if","locations":[{"start":{"line":12,"column":4},"end":{"line":12,"column":47}},{"start":{},"end":{}}],"line":12},"2":{"loc":{"start":{"line":25,"column":4},"end":{"line":25,"column":54}},"type":"if","locations":[{"start":{"line":25,"column":4},"end":{"line":25,"column":54}},{"start":{},"end":{}}],"line":25},"3":{"loc":{"start":{"line":30,"column":4},"end":{"line":30,"column":46}},"type":"if","locations":[{"start":{"line":30,"column":4},"end":{"line":30,"column":46}},{"start":{},"end":{}}],"line":30}},"s":{"0":4,"1":4,"2":4,"3":0,"4":0,"5":0,"6":0,"7":0,"8":0,"9":0,"10":0,"11":0,"12":0,"13":0,"14":4,"15":0,"16":0,"17":0,"18":0,"19":0,"20":0,"21":0,"22":0,"23":0,"24":0,"25":0,"26":4},"f":{"0":0,"1":0},"b":{"0":[0,0],"1":[0,0],"2":[0,0],"3":[0,0]},"_coverageSchema":"1a1c01bbd47fc00a2c39e90264f33305004495a9","hash":"2b004b518378bedfe7717a3ec2aa256e3e6c6614"}
,"D:\\hacktiv8\\phase3\\week3\\project-backend\\services\\middlewares\\multer.js": {"path":"D:\\hacktiv8\\phase3\\week3\\project-backend\\services\\middlewares\\multer.js","statementMap":{"0":{"start":{"line":1,"column":15},"end":{"line":1,"column":32}},"1":{"start":{"line":2,"column":16},"end":{"line":2,"column":38}},"2":{"start":{"line":3,"column":15},"end":{"line":3,"column":34}},"3":{"start":{"line":5,"column":0},"end":{"line":5,"column":24}}},"fnMap":{},"branchMap":{},"s":{"0":4,"1":4,"2":4,"3":4},"f":{},"b":{},"_coverageSchema":"1a1c01bbd47fc00a2c39e90264f33305004495a9","hash":"c6a8a6c3c5cc53dc487338ffde9f83b1694da5cc"}
,"D:\\hacktiv8\\phase3\\week3\\project-backend\\services\\models\\admin.js": {"path":"D:\\hacktiv8\\phase3\\week3\\project-backend\\services\\models\\admin.js","statementMap":{"0":{"start":{"line":2,"column":18},"end":{"line":2,"column":38}},"1":{"start":{"line":3,"column":26},"end":{"line":3,"column":60}},"2":{"start":{"line":5,"column":0},"end":{"line":48,"column":2}},"3":{"start":{"line":16,"column":2},"end":{"line":41,"column":4}},"4":{"start":{"line":43,"column":2},"end":{"line":45,"column":5}},"5":{"start":{"line":44,"column":4},"end":{"line":44,"column":51}},"6":{"start":{"line":47,"column":2},"end":{"line":47,"column":15}}},"fnMap":{"0":{"name":"(anonymous_0)","decl":{"start":{"line":5,"column":17},"end":{"line":5,"column":18}},"loc":{"start":{"line":5,"column":43},"end":{"line":48,"column":1}},"line":5},"1":{"name":"(anonymous_1)","decl":{"start":{"line":12,"column":4},"end":{"line":12,"column":5}},"loc":{"start":{"line":12,"column":29},"end":{"line":14,"column":5}},"line":12},"2":{"name":"(anonymous_2)","decl":{"start":{"line":43,"column":32},"end":{"line":43,"column":33}},"loc":{"start":{"line":43,"column":43},"end":{"line":45,"column":3}},"line":43}},"branchMap":{},"s":{"0":4,"1":4,"2":4,"3":4,"4":4,"5":0,"6":4},"f":{"0":4,"1":4,"2":0},"b":{},"_coverageSchema":"1a1c01bbd47fc00a2c39e90264f33305004495a9","hash":"7b35cd7664a9ff775613cbc551a927f3b1c40f2a"}
,"D:\\hacktiv8\\phase3\\week3\\project-backend\\services\\models\\bid.js": {"path":"D:\\hacktiv8\\phase3\\week3\\project-backend\\services\\models\\bid.js","statementMap":{"0":{"start":{"line":2,"column":18},"end":{"line":2,"column":38}},"1":{"start":{"line":3,"column":0},"end":{"line":29,"column":2}},"2":{"start":{"line":14,"column":2},"end":{"line":27,"column":4}},"3":{"start":{"line":28,"column":2},"end":{"line":28,"column":13}}},"fnMap":{"0":{"name":"(anonymous_0)","decl":{"start":{"line":3,"column":17},"end":{"line":3,"column":18}},"loc":{"start":{"line":3,"column":43},"end":{"line":29,"column":1}},"line":3},"1":{"name":"(anonymous_1)","decl":{"start":{"line":10,"column":4},"end":{"line":10,"column":5}},"loc":{"start":{"line":10,"column":29},"end":{"line":12,"column":5}},"line":10}},"branchMap":{},"s":{"0":4,"1":4,"2":4,"3":4},"f":{"0":4,"1":4},"b":{},"_coverageSchema":"1a1c01bbd47fc00a2c39e90264f33305004495a9","hash":"0de9d2ed3be8b56d4e4f0a1fbc5de0aa89bcc163"}
,"D:\\hacktiv8\\phase3\\week3\\project-backend\\services\\models\\book.js": {"path":"D:\\hacktiv8\\phase3\\week3\\project-backend\\services\\models\\book.js","statementMap":{"0":{"start":{"line":4,"column":4},"end":{"line":4,"column":24}},"1":{"start":{"line":5,"column":0},"end":{"line":25,"column":2}},"2":{"start":{"line":16,"column":2},"end":{"line":23,"column":5}},"3":{"start":{"line":24,"column":2},"end":{"line":24,"column":14}}},"fnMap":{"0":{"name":"(anonymous_0)","decl":{"start":{"line":5,"column":17},"end":{"line":5,"column":18}},"loc":{"start":{"line":5,"column":43},"end":{"line":25,"column":1}},"line":5},"1":{"name":"(anonymous_1)","decl":{"start":{"line":12,"column":4},"end":{"line":12,"column":5}},"loc":{"start":{"line":12,"column":29},"end":{"line":14,"column":5}},"line":12}},"branchMap":{},"s":{"0":4,"1":4,"2":4,"3":4},"f":{"0":4,"1":4},"b":{},"_coverageSchema":"1a1c01bbd47fc00a2c39e90264f33305004495a9","hash":"29f053ba5b85bf6aa2bef65d570ff8af5db186ec"}
,"D:\\hacktiv8\\phase3\\week3\\project-backend\\services\\models\\genre.js": {"path":"D:\\hacktiv8\\phase3\\week3\\project-backend\\services\\models\\genre.js","statementMap":{"0":{"start":{"line":4,"column":4},"end":{"line":4,"column":24}},"1":{"start":{"line":5,"column":0},"end":{"line":30,"column":2}},"2":{"start":{"line":16,"column":2},"end":{"line":28,"column":5}},"3":{"start":{"line":29,"column":2},"end":{"line":29,"column":15}}},"fnMap":{"0":{"name":"(anonymous_0)","decl":{"start":{"line":5,"column":17},"end":{"line":5,"column":18}},"loc":{"start":{"line":5,"column":43},"end":{"line":30,"column":1}},"line":5},"1":{"name":"(anonymous_1)","decl":{"start":{"line":12,"column":4},"end":{"line":12,"column":5}},"loc":{"start":{"line":12,"column":29},"end":{"line":14,"column":5}},"line":12}},"branchMap":{},"s":{"0":4,"1":4,"2":4,"3":4},"f":{"0":4,"1":4},"b":{},"_coverageSchema":"1a1c01bbd47fc00a2c39e90264f33305004495a9","hash":"df068576f72641082f95cd15c6231159e865c4ce"}
,"D:\\hacktiv8\\phase3\\week3\\project-backend\\services\\models\\index.js": {"path":"D:\\hacktiv8\\phase3\\week3\\project-backend\\services\\models\\index.js","statementMap":{"0":{"start":{"line":3,"column":11},"end":{"line":3,"column":24}},"1":{"start":{"line":4,"column":13},"end":{"line":4,"column":28}},"2":{"start":{"line":5,"column":18},"end":{"line":5,"column":38}},"3":{"start":{"line":6,"column":16},"end":{"line":6,"column":34}},"4":{"start":{"line":7,"column":17},"end":{"line":7,"column":42}},"5":{"start":{"line":8,"column":12},"end":{"line":8,"column":49}},"6":{"start":{"line":9,"column":15},"end":{"line":9,"column":65}},"7":{"start":{"line":10,"column":11},"end":{"line":10,"column":13}},"8":{"start":{"line":13,"column":0},"end":{"line":17,"column":1}},"9":{"start":{"line":14,"column":2},"end":{"line":14,"column":74}},"10":{"start":{"line":16,"column":2},"end":{"line":16,"column":87}},"11":{"start":{"line":19,"column":0},"end":{"line":27,"column":5}},"12":{"start":{"line":22,"column":4},"end":{"line":22,"column":90}},"13":{"start":{"line":25,"column":18},"end":{"line":25,"column":85}},"14":{"start":{"line":26,"column":4},"end":{"line":26,"column":27}},"15":{"start":{"line":29,"column":0},"end":{"line":33,"column":3}},"16":{"start":{"line":30,"column":2},"end":{"line":32,"column":3}},"17":{"start":{"line":31,"column":4},"end":{"line":31,"column":32}},"18":{"start":{"line":35,"column":0},"end":{"line":35,"column":25}},"19":{"start":{"line":36,"column":0},"end":{"line":36,"column":25}},"20":{"start":{"line":38,"column":0},"end":{"line":38,"column":20}}},"fnMap":{"0":{"name":"(anonymous_0)","decl":{"start":{"line":21,"column":10},"end":{"line":21,"column":11}},"loc":{"start":{"line":21,"column":18},"end":{"line":23,"column":3}},"line":21},"1":{"name":"(anonymous_1)","decl":{"start":{"line":24,"column":11},"end":{"line":24,"column":12}},"loc":{"start":{"line":24,"column":19},"end":{"line":27,"column":3}},"line":24},"2":{"name":"(anonymous_2)","decl":{"start":{"line":29,"column":24},"end":{"line":29,"column":25}},"loc":{"start":{"line":29,"column":37},"end":{"line":33,"column":1}},"line":29}},"branchMap":{"0":{"loc":{"start":{"line":8,"column":12},"end":{"line":8,"column":49}},"type":"binary-expr","locations":[{"start":{"line":8,"column":12},"end":{"line":8,"column":32}},{"start":{"line":8,"column":36},"end":{"line":8,"column":49}}],"line":8},"1":{"loc":{"start":{"line":13,"column":0},"end":{"line":17,"column":1}},"type":"if","locations":[{"start":{"line":13,"column":0},"end":{"line":17,"column":1}},{"start":{"line":15,"column":7},"end":{"line":17,"column":1}}],"line":13},"2":{"loc":{"start":{"line":22,"column":11},"end":{"line":22,"column":89}},"type":"binary-expr","locations":[{"start":{"line":22,"column":12},"end":{"line":22,"column":35}},{"start":{"line":22,"column":41},"end":{"line":22,"column":58}},{"start":{"line":22,"column":64},"end":{"line":22,"column":88}}],"line":22},"3":{"loc":{"start":{"line":30,"column":2},"end":{"line":32,"column":3}},"type":"if","locations":[{"start":{"line":30,"column":2},"end":{"line":32,"column":3}},{"start":{},"end":{}}],"line":30}},"s":{"0":4,"1":4,"2":4,"3":4,"4":4,"5":4,"6":4,"7":4,"8":4,"9":0,"10":4,"11":4,"12":32,"13":28,"14":28,"15":4,"16":28,"17":28,"18":4,"19":4,"20":4},"f":{"0":32,"1":28,"2":28},"b":{"0":[4,0],"1":[0,4],"2":[32,32,28],"3":[28,0]},"_coverageSchema":"1a1c01bbd47fc00a2c39e90264f33305004495a9","hash":"3f542920ab9bbfbbf8fea5e1c9e16b942470321c"}
,"D:\\hacktiv8\\phase3\\week3\\project-backend\\services\\models\\post.js": {"path":"D:\\hacktiv8\\phase3\\week3\\project-backend\\services\\models\\post.js","statementMap":{"0":{"start":{"line":2,"column":18},"end":{"line":2,"column":38}},"1":{"start":{"line":3,"column":0},"end":{"line":50,"column":2}},"2":{"start":{"line":14,"column":2},"end":{"line":48,"column":4}},"3":{"start":{"line":49,"column":2},"end":{"line":49,"column":14}}},"fnMap":{"0":{"name":"(anonymous_0)","decl":{"start":{"line":3,"column":17},"end":{"line":3,"column":18}},"loc":{"start":{"line":3,"column":43},"end":{"line":50,"column":1}},"line":3},"1":{"name":"(anonymous_1)","decl":{"start":{"line":10,"column":4},"end":{"line":10,"column":5}},"loc":{"start":{"line":10,"column":29},"end":{"line":12,"column":5}},"line":10}},"branchMap":{},"s":{"0":4,"1":4,"2":4,"3":4},"f":{"0":4,"1":4},"b":{},"_coverageSchema":"1a1c01bbd47fc00a2c39e90264f33305004495a9","hash":"14fff12d562c3671baa6bdb21df1ed6abc5f8ce4"}
,"D:\\hacktiv8\\phase3\\week3\\project-backend\\services\\models\\report.js": {"path":"D:\\hacktiv8\\phase3\\week3\\project-backend\\services\\models\\report.js","statementMap":{"0":{"start":{"line":2,"column":18},"end":{"line":2,"column":38}},"1":{"start":{"line":3,"column":0},"end":{"line":42,"column":2}},"2":{"start":{"line":14,"column":2},"end":{"line":40,"column":4}},"3":{"start":{"line":41,"column":2},"end":{"line":41,"column":16}}},"fnMap":{"0":{"name":"(anonymous_0)","decl":{"start":{"line":3,"column":17},"end":{"line":3,"column":18}},"loc":{"start":{"line":3,"column":43},"end":{"line":42,"column":1}},"line":3},"1":{"name":"(anonymous_1)","decl":{"start":{"line":10,"column":4},"end":{"line":10,"column":5}},"loc":{"start":{"line":10,"column":29},"end":{"line":12,"column":5}},"line":10}},"branchMap":{},"s":{"0":4,"1":4,"2":4,"3":4},"f":{"0":4,"1":4},"b":{},"_coverageSchema":"1a1c01bbd47fc00a2c39e90264f33305004495a9","hash":"a0af3cb768f8b1fccfcdd4d5c25d613da34a8a64"}
,"D:\\hacktiv8\\phase3\\week3\\project-backend\\services\\models\\user.js": {"path":"D:\\hacktiv8\\phase3\\week3\\project-backend\\services\\models\\user.js","statementMap":{"0":{"start":{"line":2,"column":18},"end":{"line":2,"column":38}},"1":{"start":{"line":3,"column":26},"end":{"line":3,"column":60}},"2":{"start":{"line":4,"column":0},"end":{"line":80,"column":2}},"3":{"start":{"line":15,"column":2},"end":{"line":75,"column":4}},"4":{"start":{"line":76,"column":2},"end":{"line":78,"column":5}},"5":{"start":{"line":77,"column":4},"end":{"line":77,"column":57}},"6":{"start":{"line":79,"column":2},"end":{"line":79,"column":14}}},"fnMap":{"0":{"name":"(anonymous_0)","decl":{"start":{"line":4,"column":17},"end":{"line":4,"column":18}},"loc":{"start":{"line":4,"column":43},"end":{"line":80,"column":1}},"line":4},"1":{"name":"(anonymous_1)","decl":{"start":{"line":11,"column":4},"end":{"line":11,"column":5}},"loc":{"start":{"line":11,"column":29},"end":{"line":13,"column":5}},"line":11},"2":{"name":"(anonymous_2)","decl":{"start":{"line":76,"column":20},"end":{"line":76,"column":21}},"loc":{"start":{"line":76,"column":34},"end":{"line":78,"column":3}},"line":76}},"branchMap":{},"s":{"0":4,"1":4,"2":4,"3":4,"4":4,"5":0,"6":4},"f":{"0":4,"1":4,"2":0},"b":{},"_coverageSchema":"1a1c01bbd47fc00a2c39e90264f33305004495a9","hash":"b94e8f1c6a3345ec7bff0004dff9a4bed6792352"}
,"D:\\hacktiv8\\phase3\\week3\\project-backend\\services\\routes\\admin.js": {"path":"D:\\hacktiv8\\phase3\\week3\\project-backend\\services\\routes\\admin.js","statementMap":{"0":{"start":{"line":1,"column":15},"end":{"line":1,"column":42}},"1":{"start":{"line":2,"column":22},"end":{"line":2,"column":52}},"2":{"start":{"line":4,"column":24},"end":{"line":4,"column":54}},"3":{"start":{"line":5,"column":25},"end":{"line":5,"column":56}},"4":{"start":{"line":6,"column":22},"end":{"line":6,"column":62}},"5":{"start":{"line":9,"column":0},"end":{"line":9,"column":55}},"6":{"start":{"line":10,"column":0},"end":{"line":10,"column":49}},"7":{"start":{"line":18,"column":0},"end":{"line":18,"column":60}},"8":{"start":{"line":19,"column":0},"end":{"line":19,"column":67}},"9":{"start":{"line":22,"column":0},"end":{"line":22,"column":63}},"10":{"start":{"line":23,"column":0},"end":{"line":23,"column":70}},"11":{"start":{"line":24,"column":0},"end":{"line":24,"column":71}},"12":{"start":{"line":26,"column":0},"end":{"line":26,"column":24}}},"fnMap":{},"branchMap":{},"s":{"0":4,"1":4,"2":4,"3":4,"4":4,"5":4,"6":4,"7":4,"8":4,"9":4,"10":4,"11":4,"12":4},"f":{},"b":{},"_coverageSchema":"1a1c01bbd47fc00a2c39e90264f33305004495a9","hash":"c0ebad72ff101d897a47dd6c82d6ac7968274cad"}
,"D:\\hacktiv8\\phase3\\week3\\project-backend\\services\\routes\\bidRoutes.js": {"path":"D:\\hacktiv8\\phase3\\week3\\project-backend\\services\\routes\\bidRoutes.js","statementMap":{"0":{"start":{"line":1,"column":22},"end":{"line":1,"column":50}},"1":{"start":{"line":3,"column":18},"end":{"line":3,"column":45}},"2":{"start":{"line":5,"column":0},"end":{"line":5,"column":45}},"3":{"start":{"line":6,"column":0},"end":{"line":6,"column":48}},"4":{"start":{"line":7,"column":0},"end":{"line":7,"column":42}},"5":{"start":{"line":8,"column":0},"end":{"line":8,"column":51}},"6":{"start":{"line":9,"column":0},"end":{"line":9,"column":54}},"7":{"start":{"line":11,"column":0},"end":{"line":11,"column":27}}},"fnMap":{},"branchMap":{},"s":{"0":4,"1":4,"2":4,"3":4,"4":4,"5":4,"6":4,"7":4},"f":{},"b":{},"_coverageSchema":"1a1c01bbd47fc00a2c39e90264f33305004495a9","hash":"854f03006b9fb0f5ca0914f074f5babd8e67e1f0"}
,"D:\\hacktiv8\\phase3\\week3\\project-backend\\services\\routes\\bookRoutes.js": {"path":"D:\\hacktiv8\\phase3\\week3\\project-backend\\services\\routes\\bookRoutes.js","statementMap":{"0":{"start":{"line":1,"column":23},"end":{"line":1,"column":52}},"1":{"start":{"line":3,"column":19},"end":{"line":3,"column":46}},"2":{"start":{"line":5,"column":0},"end":{"line":5,"column":48}},"3":{"start":{"line":6,"column":0},"end":{"line":6,"column":55}},"4":{"start":{"line":8,"column":0},"end":{"line":8,"column":28}}},"fnMap":{},"branchMap":{},"s":{"0":4,"1":4,"2":4,"3":4,"4":4},"f":{},"b":{},"_coverageSchema":"1a1c01bbd47fc00a2c39e90264f33305004495a9","hash":"29abec3b619a3b80c4efbeb8a3ebbe4454c43ea5"}
,"D:\\hacktiv8\\phase3\\week3\\project-backend\\services\\routes\\index.js": {"path":"D:\\hacktiv8\\phase3\\week3\\project-backend\\services\\routes\\index.js","statementMap":{"0":{"start":{"line":1,"column":15},"end":{"line":1,"column":42}},"1":{"start":{"line":2,"column":18},"end":{"line":2,"column":40}},"2":{"start":{"line":3,"column":19},"end":{"line":3,"column":42}},"3":{"start":{"line":4,"column":19},"end":{"line":4,"column":42}},"4":{"start":{"line":5,"column":19},"end":{"line":5,"column":36}},"5":{"start":{"line":6,"column":20},"end":{"line":6,"column":38}},"6":{"start":{"line":8,"column":0},"end":{"line":10,"column":3}},"7":{"start":{"line":9,"column":2},"end":{"line":9,"column":42}},"8":{"start":{"line":12,"column":0},"end":{"line":12,"column":29}},"9":{"start":{"line":16,"column":0},"end":{"line":16,"column":33}},"10":{"start":{"line":17,"column":0},"end":{"line":17,"column":33}},"11":{"start":{"line":18,"column":0},"end":{"line":18,"column":31}},"12":{"start":{"line":19,"column":0},"end":{"line":19,"column":33}},"13":{"start":{"line":21,"column":0},"end":{"line":21,"column":24}}},"fnMap":{"0":{"name":"(anonymous_0)","decl":{"start":{"line":8,"column":16},"end":{"line":8,"column":17}},"loc":{"start":{"line":8,"column":30},"end":{"line":10,"column":1}},"line":8}},"branchMap":{},"s":{"0":4,"1":4,"2":4,"3":4,"4":4,"5":4,"6":4,"7":0,"8":4,"9":4,"10":4,"11":4,"12":4,"13":4},"f":{"0":0},"b":{},"_coverageSchema":"1a1c01bbd47fc00a2c39e90264f33305004495a9","hash":"efa879a18c3cda83f29378a8903033a67e7ae53d"}
,"D:\\hacktiv8\\phase3\\week3\\project-backend\\services\\routes\\post.js": {"path":"D:\\hacktiv8\\phase3\\week3\\project-backend\\services\\routes\\post.js","statementMap":{"0":{"start":{"line":1,"column":23},"end":{"line":1,"column":52}},"1":{"start":{"line":2,"column":15},"end":{"line":2,"column":47}},"2":{"start":{"line":3,"column":15},"end":{"line":3,"column":42}},"3":{"start":{"line":5,"column":0},"end":{"line":5,"column":37}},"4":{"start":{"line":6,"column":0},"end":{"line":6,"column":43}},"5":{"start":{"line":7,"column":0},"end":{"line":7,"column":63}},"6":{"start":{"line":8,"column":0},"end":{"line":8,"column":42}},"7":{"start":{"line":9,"column":0},"end":{"line":9,"column":50}},"8":{"start":{"line":10,"column":0},"end":{"line":10,"column":45}},"9":{"start":{"line":12,"column":0},"end":{"line":12,"column":24}}},"fnMap":{},"branchMap":{},"s":{"0":4,"1":4,"2":4,"3":4,"4":4,"5":4,"6":4,"7":4,"8":4,"9":4},"f":{},"b":{},"_coverageSchema":"1a1c01bbd47fc00a2c39e90264f33305004495a9","hash":"05c3a6eb0b0acc8ce47e2139807758f43f978ef7"}
,"D:\\hacktiv8\\phase3\\week3\\project-backend\\services\\routes\\userRoutes.js": {"path":"D:\\hacktiv8\\phase3\\week3\\project-backend\\services\\routes\\userRoutes.js","statementMap":{"0":{"start":{"line":4,"column":4},"end":{"line":4,"column":33}},"1":{"start":{"line":6,"column":19},"end":{"line":6,"column":46}},"2":{"start":{"line":8,"column":0},"end":{"line":8,"column":48}},"3":{"start":{"line":9,"column":0},"end":{"line":9,"column":51}},"4":{"start":{"line":10,"column":0},"end":{"line":10,"column":66}},"5":{"start":{"line":11,"column":0},"end":{"line":11,"column":72}},"6":{"start":{"line":12,"column":0},"end":{"line":12,"column":55}},"7":{"start":{"line":14,"column":0},"end":{"line":14,"column":60}},"8":{"start":{"line":16,"column":0},"end":{"line":16,"column":28}}},"fnMap":{},"branchMap":{},"s":{"0":4,"1":4,"2":4,"3":4,"4":4,"5":4,"6":4,"7":4,"8":4},"f":{},"b":{},"_coverageSchema":"1a1c01bbd47fc00a2c39e90264f33305004495a9","hash":"54548cd849e5c19a1ca6176e9c714c5f6838ce98"}
}
