{"C:\\Users\\eriss\\BootCamp\\fp\\project-backend\\services\\app.js": {"path":"C:\\Users\\eriss\\BootCamp\\fp\\project-backend\\services\\app.js","statementMap":{"0":{"start":{"line":1,"column":0},"end":{"line":3,"column":1}},"1":{"start":{"line":2,"column":4},"end":{"line":2,"column":30}},"2":{"start":{"line":5,"column":16},"end":{"line":5,"column":34}},"3":{"start":{"line":6,"column":12},"end":{"line":6,"column":21}},"4":{"start":{"line":7,"column":13},"end":{"line":7,"column":28}},"5":{"start":{"line":8,"column":15},"end":{"line":8,"column":34}},"6":{"start":{"line":9,"column":29},"end":{"line":9,"column":61}},"7":{"start":{"line":11,"column":0},"end":{"line":11,"column":16}},"8":{"start":{"line":12,"column":0},"end":{"line":12,"column":24}},"9":{"start":{"line":13,"column":0},"end":{"line":13,"column":49}},"10":{"start":{"line":15,"column":0},"end":{"line":15,"column":16}},"11":{"start":{"line":17,"column":0},"end":{"line":17,"column":26}},"12":{"start":{"line":19,"column":0},"end":{"line":19,"column":21}}},"fnMap":{},"branchMap":{"0":{"loc":{"start":{"line":1,"column":0},"end":{"line":3,"column":1}},"type":"if","locations":[{"start":{"line":1,"column":0},"end":{"line":3,"column":1}},{"start":{},"end":{}}],"line":1}},"s":{"0":7,"1":7,"2":7,"3":7,"4":7,"5":7,"6":7,"7":7,"8":7,"9":7,"10":7,"11":7,"12":7},"f":{},"b":{"0":[7,0]},"_coverageSchema":"1a1c01bbd47fc00a2c39e90264f33305004495a9","hash":"be4286f4bbeaa36b3ada462bd034ad937bee70b9"}
,"C:\\Users\\eriss\\BootCamp\\fp\\project-backend\\services\\controller\\admin.js": {"path":"C:\\Users\\eriss\\BootCamp\\fp\\project-backend\\services\\controller\\admin.js","statementMap":{"0":{"start":{"line":1,"column":32},"end":{"line":1,"column":52}},"1":{"start":{"line":2,"column":29},"end":{"line":2,"column":63}},"2":{"start":{"line":3,"column":21},"end":{"line":3,"column":52}},"3":{"start":{"line":8,"column":8},"end":{"line":15,"column":9}},"4":{"start":{"line":9,"column":40},"end":{"line":9,"column":48}},"5":{"start":{"line":10,"column":29},"end":{"line":10,"column":68}},"6":{"start":{"line":12,"column":12},"end":{"line":12,"column":74}},"7":{"start":{"line":14,"column":12},"end":{"line":14,"column":23}},"8":{"start":{"line":19,"column":8},"end":{"line":38,"column":9}},"9":{"start":{"line":20,"column":40},"end":{"line":20,"column":48}},"10":{"start":{"line":21,"column":12},"end":{"line":21,"column":50}},"11":{"start":{"line":21,"column":23},"end":{"line":21,"column":50}},"12":{"start":{"line":22,"column":12},"end":{"line":22,"column":55}},"13":{"start":{"line":22,"column":26},"end":{"line":22,"column":55}},"14":{"start":{"line":24,"column":26},"end":{"line":24,"column":63}},"15":{"start":{"line":25,"column":12},"end":{"line":25,"column":31}},"16":{"start":{"line":26,"column":12},"end":{"line":26,"column":61}},"17":{"start":{"line":26,"column":23},"end":{"line":26,"column":61}},"18":{"start":{"line":28,"column":29},"end":{"line":28,"column":71}},"19":{"start":{"line":29,"column":12},"end":{"line":29,"column":34}},"20":{"start":{"line":30,"column":12},"end":{"line":30,"column":64}},"21":{"start":{"line":30,"column":26},"end":{"line":30,"column":64}},"22":{"start":{"line":32,"column":12},"end":{"line":35,"column":14}},"23":{"start":{"line":37,"column":12},"end":{"line":37,"column":23}},"24":{"start":{"line":43,"column":0},"end":{"line":43,"column":30}}},"fnMap":{"0":{"name":"(anonymous_0)","decl":{"start":{"line":7,"column":4},"end":{"line":7,"column":5}},"loc":{"start":{"line":7,"column":41},"end":{"line":16,"column":5}},"line":7},"1":{"name":"(anonymous_1)","decl":{"start":{"line":18,"column":4},"end":{"line":18,"column":5}},"loc":{"start":{"line":18,"column":38},"end":{"line":39,"column":5}},"line":18}},"branchMap":{"0":{"loc":{"start":{"line":21,"column":12},"end":{"line":21,"column":50}},"type":"if","locations":[{"start":{"line":21,"column":12},"end":{"line":21,"column":50}},{"start":{},"end":{}}],"line":21},"1":{"loc":{"start":{"line":22,"column":12},"end":{"line":22,"column":55}},"type":"if","locations":[{"start":{"line":22,"column":12},"end":{"line":22,"column":55}},{"start":{},"end":{}}],"line":22},"2":{"loc":{"start":{"line":26,"column":12},"end":{"line":26,"column":61}},"type":"if","locations":[{"start":{"line":26,"column":12},"end":{"line":26,"column":61}},{"start":{},"end":{}}],"line":26},"3":{"loc":{"start":{"line":30,"column":12},"end":{"line":30,"column":64}},"type":"if","locations":[{"start":{"line":30,"column":12},"end":{"line":30,"column":64}},{"start":{},"end":{}}],"line":30}},"s":{"0":7,"1":7,"2":7,"3":6,"4":6,"5":6,"6":1,"7":5,"8":3,"9":3,"10":3,"11":0,"12":3,"13":0,"14":3,"15":3,"16":3,"17":1,"18":2,"19":2,"20":2,"21":1,"22":1,"23":2,"24":7},"f":{"0":6,"1":3},"b":{"0":[0,3],"1":[0,3],"2":[1,2],"3":[1,1]},"_coverageSchema":"1a1c01bbd47fc00a2c39e90264f33305004495a9","hash":"2d626984b0dae829f74254b5f31e20490a1c1749"}
,"C:\\Users\\eriss\\BootCamp\\fp\\project-backend\\services\\controller\\bid.js": {"path":"C:\\Users\\eriss\\BootCamp\\fp\\project-backend\\services\\controller\\bid.js","statementMap":{"0":{"start":{"line":3,"column":4},"end":{"line":3,"column":62}},"1":{"start":{"line":7,"column":19},"end":{"line":7,"column":29}},"2":{"start":{"line":8,"column":4},"end":{"line":8,"column":73}},"3":{"start":{"line":12,"column":4},"end":{"line":12,"column":63}},"4":{"start":{"line":16,"column":19},"end":{"line":16,"column":29}},"5":{"start":{"line":17,"column":4},"end":{"line":17,"column":74}},"6":{"start":{"line":21,"column":19},"end":{"line":21,"column":29}},"7":{"start":{"line":22,"column":4},"end":{"line":22,"column":76}},"8":{"start":{"line":26,"column":0},"end":{"line":26,"column":31}}},"fnMap":{"0":{"name":"(anonymous_0)","decl":{"start":{"line":2,"column":2},"end":{"line":2,"column":3}},"loc":{"start":{"line":2,"column":36},"end":{"line":4,"column":3}},"line":2},"1":{"name":"(anonymous_1)","decl":{"start":{"line":6,"column":2},"end":{"line":6,"column":3}},"loc":{"start":{"line":6,"column":36},"end":{"line":9,"column":3}},"line":6},"2":{"name":"(anonymous_2)","decl":{"start":{"line":11,"column":2},"end":{"line":11,"column":3}},"loc":{"start":{"line":11,"column":32},"end":{"line":13,"column":3}},"line":11},"3":{"name":"(anonymous_3)","decl":{"start":{"line":15,"column":2},"end":{"line":15,"column":3}},"loc":{"start":{"line":15,"column":39},"end":{"line":18,"column":3}},"line":15},"4":{"name":"(anonymous_4)","decl":{"start":{"line":20,"column":2},"end":{"line":20,"column":3}},"loc":{"start":{"line":20,"column":39},"end":{"line":23,"column":3}},"line":20}},"branchMap":{},"s":{"0":1,"1":1,"2":1,"3":1,"4":1,"5":1,"6":1,"7":1,"8":7},"f":{"0":1,"1":1,"2":1,"3":1,"4":1},"b":{},"_coverageSchema":"1a1c01bbd47fc00a2c39e90264f33305004495a9","hash":"298d7979f006e29e70f66c3c26b80e58b96f30c7"}
,"C:\\Users\\eriss\\BootCamp\\fp\\project-backend\\services\\controller\\book.js": {"path":"C:\\Users\\eriss\\BootCamp\\fp\\project-backend\\services\\controller\\book.js","statementMap":{"0":{"start":{"line":3,"column":4},"end":{"line":3,"column":63}},"1":{"start":{"line":7,"column":23},"end":{"line":7,"column":33}},"2":{"start":{"line":8,"column":4},"end":{"line":8,"column":78}},"3":{"start":{"line":12,"column":0},"end":{"line":12,"column":32}}},"fnMap":{"0":{"name":"(anonymous_0)","decl":{"start":{"line":2,"column":2},"end":{"line":2,"column":3}},"loc":{"start":{"line":2,"column":37},"end":{"line":4,"column":3}},"line":2},"1":{"name":"(anonymous_1)","decl":{"start":{"line":6,"column":2},"end":{"line":6,"column":3}},"loc":{"start":{"line":6,"column":37},"end":{"line":9,"column":3}},"line":6}},"branchMap":{},"s":{"0":1,"1":1,"2":1,"3":7},"f":{"0":1,"1":1},"b":{},"_coverageSchema":"1a1c01bbd47fc00a2c39e90264f33305004495a9","hash":"7e49f5f84e0a93bfad5ba733e38ab04f51223872"}
,"C:\\Users\\eriss\\BootCamp\\fp\\project-backend\\services\\controller\\genre.js": {"path":"C:\\Users\\eriss\\BootCamp\\fp\\project-backend\\services\\controller\\genre.js","statementMap":{"0":{"start":{"line":1,"column":18},"end":{"line":1,"column":38}},"1":{"start":{"line":6,"column":4},"end":{"line":12,"column":5}},"2":{"start":{"line":7,"column":21},"end":{"line":7,"column":42}},"3":{"start":{"line":9,"column":6},"end":{"line":9,"column":35}},"4":{"start":{"line":11,"column":6},"end":{"line":11,"column":18}},"5":{"start":{"line":16,"column":4},"end":{"line":23,"column":5}},"6":{"start":{"line":17,"column":20},"end":{"line":17,"column":55}},"7":{"start":{"line":18,"column":6},"end":{"line":18,"column":52}},"8":{"start":{"line":18,"column":18},"end":{"line":18,"column":52}},"9":{"start":{"line":20,"column":6},"end":{"line":20,"column":34}},"10":{"start":{"line":22,"column":6},"end":{"line":22,"column":18}},"11":{"start":{"line":27,"column":0},"end":{"line":27,"column":33}}},"fnMap":{"0":{"name":"(anonymous_0)","decl":{"start":{"line":5,"column":2},"end":{"line":5,"column":3}},"loc":{"start":{"line":5,"column":41},"end":{"line":13,"column":3}},"line":5},"1":{"name":"(anonymous_1)","decl":{"start":{"line":15,"column":2},"end":{"line":15,"column":3}},"loc":{"start":{"line":15,"column":44},"end":{"line":24,"column":3}},"line":15}},"branchMap":{"0":{"loc":{"start":{"line":18,"column":6},"end":{"line":18,"column":52}},"type":"if","locations":[{"start":{"line":18,"column":6},"end":{"line":18,"column":52}},{"start":{},"end":{}}],"line":18}},"s":{"0":7,"1":1,"2":1,"3":1,"4":0,"5":1,"6":1,"7":1,"8":0,"9":1,"10":0,"11":7},"f":{"0":1,"1":1},"b":{"0":[0,1]},"_coverageSchema":"1a1c01bbd47fc00a2c39e90264f33305004495a9","hash":"efdf29c38c49959e70fbe6427ee945e12f0f46c0"}
,"C:\\Users\\eriss\\BootCamp\\fp\\project-backend\\services\\controller\\post.js": {"path":"C:\\Users\\eriss\\BootCamp\\fp\\project-backend\\services\\controller\\post.js","statementMap":{"0":{"start":{"line":1,"column":17},"end":{"line":1,"column":37}},"1":{"start":{"line":5,"column":36},"end":{"line":5,"column":45}},"2":{"start":{"line":6,"column":4},"end":{"line":12,"column":5}},"3":{"start":{"line":7,"column":20},"end":{"line":7,"column":40}},"4":{"start":{"line":9,"column":6},"end":{"line":9,"column":34}},"5":{"start":{"line":11,"column":6},"end":{"line":11,"column":18}},"6":{"start":{"line":16,"column":19},"end":{"line":16,"column":29}},"7":{"start":{"line":17,"column":4},"end":{"line":24,"column":5}},"8":{"start":{"line":18,"column":19},"end":{"line":18,"column":42}},"9":{"start":{"line":19,"column":6},"end":{"line":19,"column":50}},"10":{"start":{"line":19,"column":17},"end":{"line":19,"column":50}},"11":{"start":{"line":21,"column":6},"end":{"line":21,"column":33}},"12":{"start":{"line":23,"column":6},"end":{"line":23,"column":18}},"13":{"start":{"line":29,"column":6},"end":{"line":29,"column":14}},"14":{"start":{"line":30,"column":4},"end":{"line":45,"column":5}},"15":{"start":{"line":31,"column":22},"end":{"line":40,"column":8}},"16":{"start":{"line":42,"column":6},"end":{"line":42,"column":36}},"17":{"start":{"line":44,"column":6},"end":{"line":44,"column":18}},"18":{"start":{"line":49,"column":19},"end":{"line":49,"column":29}},"19":{"start":{"line":51,"column":6},"end":{"line":51,"column":14}},"20":{"start":{"line":52,"column":4},"end":{"line":71,"column":5}},"21":{"start":{"line":53,"column":19},"end":{"line":53,"column":42}},"22":{"start":{"line":54,"column":6},"end":{"line":54,"column":50}},"23":{"start":{"line":54,"column":17},"end":{"line":54,"column":50}},"24":{"start":{"line":56,"column":6},"end":{"line":64,"column":9}},"25":{"start":{"line":66,"column":6},"end":{"line":68,"column":69}},"26":{"start":{"line":70,"column":6},"end":{"line":70,"column":18}},"27":{"start":{"line":75,"column":19},"end":{"line":75,"column":29}},"28":{"start":{"line":76,"column":4},"end":{"line":87,"column":5}},"29":{"start":{"line":77,"column":19},"end":{"line":77,"column":42}},"30":{"start":{"line":78,"column":6},"end":{"line":78,"column":50}},"31":{"start":{"line":78,"column":17},"end":{"line":78,"column":50}},"32":{"start":{"line":80,"column":6},"end":{"line":80,"column":54}},"33":{"start":{"line":82,"column":6},"end":{"line":84,"column":9}},"34":{"start":{"line":86,"column":6},"end":{"line":86,"column":18}},"35":{"start":{"line":91,"column":19},"end":{"line":91,"column":29}},"36":{"start":{"line":92,"column":4},"end":{"line":101,"column":5}},"37":{"start":{"line":93,"column":19},"end":{"line":93,"column":42}},"38":{"start":{"line":94,"column":6},"end":{"line":94,"column":50}},"39":{"start":{"line":94,"column":17},"end":{"line":94,"column":50}},"40":{"start":{"line":96,"column":6},"end":{"line":96,"column":27}},"41":{"start":{"line":98,"column":6},"end":{"line":98,"column":73}},"42":{"start":{"line":100,"column":6},"end":{"line":100,"column":18}},"43":{"start":{"line":105,"column":0},"end":{"line":105,"column":32}}},"fnMap":{"0":{"name":"(anonymous_0)","decl":{"start":{"line":4,"column":2},"end":{"line":4,"column":3}},"loc":{"start":{"line":4,"column":36},"end":{"line":13,"column":3}},"line":4},"1":{"name":"(anonymous_1)","decl":{"start":{"line":15,"column":2},"end":{"line":15,"column":3}},"loc":{"start":{"line":15,"column":39},"end":{"line":25,"column":3}},"line":15},"2":{"name":"(anonymous_2)","decl":{"start":{"line":27,"column":2},"end":{"line":27,"column":3}},"loc":{"start":{"line":27,"column":38},"end":{"line":46,"column":3}},"line":27},"3":{"name":"(anonymous_3)","decl":{"start":{"line":48,"column":2},"end":{"line":48,"column":3}},"loc":{"start":{"line":48,"column":38},"end":{"line":72,"column":3}},"line":48},"4":{"name":"(anonymous_4)","decl":{"start":{"line":74,"column":2},"end":{"line":74,"column":3}},"loc":{"start":{"line":74,"column":44},"end":{"line":88,"column":3}},"line":74},"5":{"name":"(anonymous_5)","decl":{"start":{"line":90,"column":2},"end":{"line":90,"column":3}},"loc":{"start":{"line":90,"column":38},"end":{"line":102,"column":3}},"line":90}},"branchMap":{"0":{"loc":{"start":{"line":19,"column":6},"end":{"line":19,"column":50}},"type":"if","locations":[{"start":{"line":19,"column":6},"end":{"line":19,"column":50}},{"start":{},"end":{}}],"line":19},"1":{"loc":{"start":{"line":54,"column":6},"end":{"line":54,"column":50}},"type":"if","locations":[{"start":{"line":54,"column":6},"end":{"line":54,"column":50}},{"start":{},"end":{}}],"line":54},"2":{"loc":{"start":{"line":78,"column":6},"end":{"line":78,"column":50}},"type":"if","locations":[{"start":{"line":78,"column":6},"end":{"line":78,"column":50}},{"start":{},"end":{}}],"line":78},"3":{"loc":{"start":{"line":94,"column":6},"end":{"line":94,"column":50}},"type":"if","locations":[{"start":{"line":94,"column":6},"end":{"line":94,"column":50}},{"start":{},"end":{}}],"line":94}},"s":{"0":7,"1":4,"2":4,"3":4,"4":4,"5":0,"6":2,"7":2,"8":2,"9":2,"10":1,"11":1,"12":1,"13":6,"14":6,"15":6,"16":1,"17":5,"18":3,"19":3,"20":3,"21":3,"22":3,"23":2,"24":1,"25":1,"26":2,"27":1,"28":1,"29":1,"30":1,"31":0,"32":1,"33":1,"34":0,"35":2,"36":2,"37":2,"38":2,"39":1,"40":1,"41":1,"42":1,"43":7},"f":{"0":4,"1":2,"2":6,"3":3,"4":1,"5":2},"b":{"0":[1,1],"1":[2,1],"2":[0,1],"3":[1,1]},"_coverageSchema":"1a1c01bbd47fc00a2c39e90264f33305004495a9","hash":"d9077e71b32773d8463220865204a4cba3a6122a"}
,"C:\\Users\\eriss\\BootCamp\\fp\\project-backend\\services\\controller\\report.js": {"path":"C:\\Users\\eriss\\BootCamp\\fp\\project-backend\\services\\controller\\report.js","statementMap":{"0":{"start":{"line":1,"column":25},"end":{"line":1,"column":45}},"1":{"start":{"line":6,"column":8},"end":{"line":27,"column":9}},"2":{"start":{"line":7,"column":35},"end":{"line":7,"column":45}},"3":{"start":{"line":8,"column":39},"end":{"line":8,"column":47}},"4":{"start":{"line":10,"column":12},"end":{"line":10,"column":36}},"5":{"start":{"line":11,"column":12},"end":{"line":11,"column":37}},"6":{"start":{"line":12,"column":12},"end":{"line":12,"column":40}},"7":{"start":{"line":14,"column":33},"end":{"line":14,"column":64}},"8":{"start":{"line":15,"column":12},"end":{"line":15,"column":62}},"9":{"start":{"line":15,"column":30},"end":{"line":15,"column":62}},"10":{"start":{"line":17,"column":27},"end":{"line":22,"column":14}},"11":{"start":{"line":24,"column":12},"end":{"line":24,"column":40}},"12":{"start":{"line":26,"column":12},"end":{"line":26,"column":23}},"13":{"start":{"line":31,"column":8},"end":{"line":42,"column":9}},"14":{"start":{"line":32,"column":28},"end":{"line":37,"column":14}},"15":{"start":{"line":39,"column":12},"end":{"line":39,"column":41}},"16":{"start":{"line":41,"column":12},"end":{"line":41,"column":23}},"17":{"start":{"line":46,"column":8},"end":{"line":58,"column":9}},"18":{"start":{"line":47,"column":27},"end":{"line":52,"column":14}},"19":{"start":{"line":53,"column":12},"end":{"line":53,"column":58}},"20":{"start":{"line":53,"column":24},"end":{"line":53,"column":58}},"21":{"start":{"line":55,"column":12},"end":{"line":55,"column":40}},"22":{"start":{"line":57,"column":12},"end":{"line":57,"column":23}},"23":{"start":{"line":62,"column":8},"end":{"line":71,"column":9}},"24":{"start":{"line":63,"column":27},"end":{"line":63,"column":63}},"25":{"start":{"line":64,"column":12},"end":{"line":64,"column":58}},"26":{"start":{"line":64,"column":24},"end":{"line":64,"column":58}},"27":{"start":{"line":66,"column":12},"end":{"line":66,"column":91}},"28":{"start":{"line":68,"column":12},"end":{"line":68,"column":85}},"29":{"start":{"line":70,"column":12},"end":{"line":70,"column":23}},"30":{"start":{"line":75,"column":0},"end":{"line":75,"column":33}}},"fnMap":{"0":{"name":"(anonymous_0)","decl":{"start":{"line":5,"column":4},"end":{"line":5,"column":5}},"loc":{"start":{"line":5,"column":42},"end":{"line":28,"column":5}},"line":5},"1":{"name":"(anonymous_1)","decl":{"start":{"line":30,"column":4},"end":{"line":30,"column":5}},"loc":{"start":{"line":30,"column":43},"end":{"line":43,"column":5}},"line":30},"2":{"name":"(anonymous_2)","decl":{"start":{"line":45,"column":4},"end":{"line":45,"column":5}},"loc":{"start":{"line":45,"column":46},"end":{"line":59,"column":5}},"line":45},"3":{"name":"(anonymous_3)","decl":{"start":{"line":61,"column":4},"end":{"line":61,"column":5}},"loc":{"start":{"line":61,"column":45},"end":{"line":72,"column":5}},"line":61}},"branchMap":{"0":{"loc":{"start":{"line":15,"column":12},"end":{"line":15,"column":62}},"type":"if","locations":[{"start":{"line":15,"column":12},"end":{"line":15,"column":62}},{"start":{},"end":{}}],"line":15},"1":{"loc":{"start":{"line":53,"column":12},"end":{"line":53,"column":58}},"type":"if","locations":[{"start":{"line":53,"column":12},"end":{"line":53,"column":58}},{"start":{},"end":{}}],"line":53},"2":{"loc":{"start":{"line":64,"column":12},"end":{"line":64,"column":58}},"type":"if","locations":[{"start":{"line":64,"column":12},"end":{"line":64,"column":58}},{"start":{},"end":{}}],"line":64}},"s":{"0":7,"1":2,"2":2,"3":2,"4":2,"5":2,"6":2,"7":2,"8":2,"9":1,"10":1,"11":1,"12":1,"13":1,"14":1,"15":1,"16":0,"17":2,"18":2,"19":2,"20":1,"21":1,"22":1,"23":2,"24":2,"25":2,"26":1,"27":1,"28":1,"29":1,"30":7},"f":{"0":2,"1":1,"2":2,"3":2},"b":{"0":[1,1],"1":[1,1],"2":[1,1]},"_coverageSchema":"1a1c01bbd47fc00a2c39e90264f33305004495a9","hash":"ca57516e3f8817904880e97e429d36cb75b4e138"}
,"C:\\Users\\eriss\\BootCamp\\fp\\project-backend\\services\\controller\\user.js": {"path":"C:\\Users\\eriss\\BootCamp\\fp\\project-backend\\services\\controller\\user.js","statementMap":{"0":{"start":{"line":1,"column":29},"end":{"line":1,"column":63}},"1":{"start":{"line":2,"column":21},"end":{"line":2,"column":52}},"2":{"start":{"line":3,"column":39},"end":{"line":3,"column":59}},"3":{"start":{"line":7,"column":4},"end":{"line":29,"column":5}},"4":{"start":{"line":8,"column":44},"end":{"line":8,"column":53}},"5":{"start":{"line":9,"column":26},"end":{"line":11,"column":7}},"6":{"start":{"line":12,"column":6},"end":{"line":24,"column":7}},"7":{"start":{"line":13,"column":38},"end":{"line":13,"column":57}},"8":{"start":{"line":14,"column":8},"end":{"line":23,"column":10}},"9":{"start":{"line":25,"column":19},"end":{"line":25,"column":50}},"10":{"start":{"line":26,"column":6},"end":{"line":26,"column":33}},"11":{"start":{"line":28,"column":6},"end":{"line":28,"column":18}},"12":{"start":{"line":33,"column":19},"end":{"line":33,"column":29}},"13":{"start":{"line":34,"column":4},"end":{"line":42,"column":5}},"14":{"start":{"line":35,"column":19},"end":{"line":37,"column":8}},"15":{"start":{"line":38,"column":6},"end":{"line":38,"column":45}},"16":{"start":{"line":38,"column":17},"end":{"line":38,"column":45}},"17":{"start":{"line":39,"column":6},"end":{"line":39,"column":33}},"18":{"start":{"line":41,"column":6},"end":{"line":41,"column":18}},"19":{"start":{"line":46,"column":4},"end":{"line":67,"column":5}},"20":{"start":{"line":47,"column":21},"end":{"line":47,"column":31}},"21":{"start":{"line":49,"column":8},"end":{"line":49,"column":16}},"22":{"start":{"line":50,"column":19},"end":{"line":50,"column":42}},"23":{"start":{"line":51,"column":6},"end":{"line":51,"column":45}},"24":{"start":{"line":51,"column":17},"end":{"line":51,"column":45}},"25":{"start":{"line":52,"column":6},"end":{"line":58,"column":9}},"26":{"start":{"line":59,"column":30},"end":{"line":59,"column":47}},"27":{"start":{"line":60,"column":6},"end":{"line":60,"column":58}},"28":{"start":{"line":60,"column":24},"end":{"line":60,"column":58}},"29":{"start":{"line":61,"column":6},"end":{"line":61,"column":31}},"30":{"start":{"line":62,"column":6},"end":{"line":64,"column":72}},"31":{"start":{"line":66,"column":6},"end":{"line":66,"column":18}},"32":{"start":{"line":71,"column":4},"end":{"line":84,"column":5}},"33":{"start":{"line":72,"column":21},"end":{"line":72,"column":31}},"34":{"start":{"line":73,"column":19},"end":{"line":73,"column":42}},"35":{"start":{"line":74,"column":6},"end":{"line":74,"column":45}},"36":{"start":{"line":74,"column":17},"end":{"line":74,"column":45}},"37":{"start":{"line":75,"column":6},"end":{"line":77,"column":9}},"38":{"start":{"line":78,"column":6},"end":{"line":78,"column":24}},"39":{"start":{"line":79,"column":6},"end":{"line":81,"column":9}},"40":{"start":{"line":83,"column":6},"end":{"line":83,"column":18}},"41":{"start":{"line":90,"column":4},"end":{"line":102,"column":5}},"42":{"start":{"line":91,"column":34},"end":{"line":91,"column":42}},"43":{"start":{"line":92,"column":6},"end":{"line":92,"column":48}},"44":{"start":{"line":92,"column":18},"end":{"line":92,"column":48}},"45":{"start":{"line":93,"column":6},"end":{"line":93,"column":54}},"46":{"start":{"line":93,"column":21},"end":{"line":93,"column":54}},"47":{"start":{"line":94,"column":19},"end":{"line":94,"column":59}},"48":{"start":{"line":95,"column":6},"end":{"line":95,"column":56}},"49":{"start":{"line":95,"column":17},"end":{"line":95,"column":56}},"50":{"start":{"line":96,"column":28},"end":{"line":96,"column":69}},"51":{"start":{"line":97,"column":6},"end":{"line":97,"column":65}},"52":{"start":{"line":97,"column":26},"end":{"line":97,"column":65}},"53":{"start":{"line":98,"column":27},"end":{"line":98,"column":71}},"54":{"start":{"line":99,"column":6},"end":{"line":99,"column":45}},"55":{"start":{"line":101,"column":6},"end":{"line":101,"column":18}},"56":{"start":{"line":106,"column":4},"end":{"line":138,"column":5}},"57":{"start":{"line":115,"column":10},"end":{"line":115,"column":18}},"58":{"start":{"line":116,"column":24},"end":{"line":116,"column":42}},"59":{"start":{"line":117,"column":23},"end":{"line":117,"column":42}},"60":{"start":{"line":118,"column":27},"end":{"line":121,"column":7}},"61":{"start":{"line":122,"column":19},"end":{"line":132,"column":8}},"62":{"start":{"line":133,"column":29},"end":{"line":133,"column":33}},"63":{"start":{"line":134,"column":56},"end":{"line":134,"column":66}},"64":{"start":{"line":135,"column":6},"end":{"line":135,"column":37}},"65":{"start":{"line":137,"column":6},"end":{"line":137,"column":18}},"66":{"start":{"line":142,"column":0},"end":{"line":142,"column":66}}},"fnMap":{"0":{"name":"(anonymous_0)","decl":{"start":{"line":6,"column":2},"end":{"line":6,"column":3}},"loc":{"start":{"line":6,"column":43},"end":{"line":30,"column":3}},"line":6},"1":{"name":"(anonymous_1)","decl":{"start":{"line":32,"column":2},"end":{"line":32,"column":3}},"loc":{"start":{"line":32,"column":43},"end":{"line":43,"column":3}},"line":32},"2":{"name":"(anonymous_2)","decl":{"start":{"line":45,"column":2},"end":{"line":45,"column":3}},"loc":{"start":{"line":45,"column":47},"end":{"line":68,"column":3}},"line":45},"3":{"name":"(anonymous_3)","decl":{"start":{"line":70,"column":2},"end":{"line":70,"column":3}},"loc":{"start":{"line":70,"column":50},"end":{"line":85,"column":3}},"line":70},"4":{"name":"(anonymous_4)","decl":{"start":{"line":89,"column":2},"end":{"line":89,"column":3}},"loc":{"start":{"line":89,"column":41},"end":{"line":103,"column":3}},"line":89},"5":{"name":"(anonymous_5)","decl":{"start":{"line":105,"column":2},"end":{"line":105,"column":3}},"loc":{"start":{"line":105,"column":44},"end":{"line":139,"column":3}},"line":105}},"branchMap":{"0":{"loc":{"start":{"line":8,"column":24},"end":{"line":8,"column":39}},"type":"default-arg","locations":[{"start":{"line":8,"column":35},"end":{"line":8,"column":39}}],"line":8},"1":{"loc":{"start":{"line":12,"column":6},"end":{"line":24,"column":7}},"type":"if","locations":[{"start":{"line":12,"column":6},"end":{"line":24,"column":7}},{"start":{},"end":{}}],"line":12},"2":{"loc":{"start":{"line":38,"column":6},"end":{"line":38,"column":45}},"type":"if","locations":[{"start":{"line":38,"column":6},"end":{"line":38,"column":45}},{"start":{},"end":{}}],"line":38},"3":{"loc":{"start":{"line":51,"column":6},"end":{"line":51,"column":45}},"type":"if","locations":[{"start":{"line":51,"column":6},"end":{"line":51,"column":45}},{"start":{},"end":{}}],"line":51},"4":{"loc":{"start":{"line":60,"column":6},"end":{"line":60,"column":58}},"type":"if","locations":[{"start":{"line":60,"column":6},"end":{"line":60,"column":58}},{"start":{},"end":{}}],"line":60},"5":{"loc":{"start":{"line":74,"column":6},"end":{"line":74,"column":45}},"type":"if","locations":[{"start":{"line":74,"column":6},"end":{"line":74,"column":45}},{"start":{},"end":{}}],"line":74},"6":{"loc":{"start":{"line":92,"column":6},"end":{"line":92,"column":48}},"type":"if","locations":[{"start":{"line":92,"column":6},"end":{"line":92,"column":48}},{"start":{},"end":{}}],"line":92},"7":{"loc":{"start":{"line":93,"column":6},"end":{"line":93,"column":54}},"type":"if","locations":[{"start":{"line":93,"column":6},"end":{"line":93,"column":54}},{"start":{},"end":{}}],"line":93},"8":{"loc":{"start":{"line":95,"column":6},"end":{"line":95,"column":56}},"type":"if","locations":[{"start":{"line":95,"column":6},"end":{"line":95,"column":56}},{"start":{},"end":{}}],"line":95},"9":{"loc":{"start":{"line":97,"column":6},"end":{"line":97,"column":65}},"type":"if","locations":[{"start":{"line":97,"column":6},"end":{"line":97,"column":65}},{"start":{},"end":{}}],"line":97}},"s":{"0":7,"1":7,"2":7,"3":1,"4":1,"5":1,"6":1,"7":0,"8":0,"9":1,"10":1,"11":0,"12":1,"13":1,"14":1,"15":1,"16":1,"17":0,"18":1,"19":1,"20":1,"21":1,"22":1,"23":1,"24":1,"25":0,"26":0,"27":0,"28":0,"29":0,"30":0,"31":1,"32":1,"33":1,"34":1,"35":1,"36":1,"37":0,"38":0,"39":0,"40":1,"41":3,"42":3,"43":3,"44":1,"45":2,"46":1,"47":1,"48":1,"49":1,"50":0,"51":0,"52":0,"53":0,"54":0,"55":3,"56":1,"57":1,"58":1,"59":1,"60":1,"61":1,"62":0,"63":0,"64":0,"65":1,"66":7},"f":{"0":1,"1":1,"2":1,"3":1,"4":3,"5":1},"b":{"0":[1],"1":[0,1],"2":[1,0],"3":[1,0],"4":[0,0],"5":[1,0],"6":[1,2],"7":[1,1],"8":[1,0],"9":[0,0]},"_coverageSchema":"1a1c01bbd47fc00a2c39e90264f33305004495a9","hash":"6a076cb34fc19ee1a633caf548188ab298b6ee4f"}
,"C:\\Users\\eriss\\BootCamp\\fp\\project-backend\\services\\helper\\bcryptHandler.js": {"path":"C:\\Users\\eriss\\BootCamp\\fp\\project-backend\\services\\helper\\bcryptHandler.js","statementMap":{"0":{"start":{"line":1,"column":17},"end":{"line":1,"column":36}},"1":{"start":{"line":3,"column":22},"end":{"line":5,"column":1}},"2":{"start":{"line":4,"column":2},"end":{"line":4,"column":34}},"3":{"start":{"line":7,"column":25},"end":{"line":9,"column":1}},"4":{"start":{"line":8,"column":2},"end":{"line":8,"column":53}},"5":{"start":{"line":11,"column":0},"end":{"line":11,"column":53}}},"fnMap":{"0":{"name":"(anonymous_0)","decl":{"start":{"line":3,"column":22},"end":{"line":3,"column":23}},"loc":{"start":{"line":3,"column":33},"end":{"line":5,"column":1}},"line":3},"1":{"name":"(anonymous_1)","decl":{"start":{"line":7,"column":25},"end":{"line":7,"column":26}},"loc":{"start":{"line":7,"column":52},"end":{"line":9,"column":1}},"line":7}},"branchMap":{},"s":{"0":7,"1":7,"2":6,"3":7,"4":2,"5":7},"f":{"0":6,"1":2},"b":{},"_coverageSchema":"1a1c01bbd47fc00a2c39e90264f33305004495a9","hash":"5d1c67ac6d9d891d7dcd7d7474f8b4274e6b406d"}
,"C:\\Users\\eriss\\BootCamp\\fp\\project-backend\\services\\helper\\errorHandler.js": {"path":"C:\\Users\\eriss\\BootCamp\\fp\\project-backend\\services\\helper\\errorHandler.js","statementMap":{"0":{"start":{"line":1,"column":25},"end":{"line":60,"column":1}},"1":{"start":{"line":2,"column":2},"end":{"line":2,"column":19}},"2":{"start":{"line":3,"column":13},"end":{"line":3,"column":16}},"3":{"start":{"line":4,"column":16},"end":{"line":4,"column":39}},"4":{"start":{"line":6,"column":2},"end":{"line":12,"column":3}},"5":{"start":{"line":10,"column":4},"end":{"line":10,"column":15}},"6":{"start":{"line":11,"column":4},"end":{"line":11,"column":36}},"7":{"start":{"line":14,"column":2},"end":{"line":17,"column":3}},"8":{"start":{"line":15,"column":4},"end":{"line":15,"column":15}},"9":{"start":{"line":16,"column":4},"end":{"line":16,"column":31}},"10":{"start":{"line":19,"column":2},"end":{"line":22,"column":3}},"11":{"start":{"line":20,"column":4},"end":{"line":20,"column":15}},"12":{"start":{"line":21,"column":4},"end":{"line":21,"column":44}},"13":{"start":{"line":24,"column":2},"end":{"line":27,"column":3}},"14":{"start":{"line":25,"column":4},"end":{"line":25,"column":15}},"15":{"start":{"line":26,"column":4},"end":{"line":26,"column":47}},"16":{"start":{"line":29,"column":2},"end":{"line":32,"column":3}},"17":{"start":{"line":30,"column":4},"end":{"line":30,"column":15}},"18":{"start":{"line":31,"column":4},"end":{"line":31,"column":40}},"19":{"start":{"line":34,"column":2},"end":{"line":37,"column":3}},"20":{"start":{"line":35,"column":4},"end":{"line":35,"column":15}},"21":{"start":{"line":36,"column":4},"end":{"line":36,"column":39}},"22":{"start":{"line":39,"column":2},"end":{"line":42,"column":3}},"23":{"start":{"line":40,"column":4},"end":{"line":40,"column":14}},"24":{"start":{"line":41,"column":4},"end":{"line":41,"column":29}},"25":{"start":{"line":44,"column":2},"end":{"line":47,"column":3}},"26":{"start":{"line":45,"column":4},"end":{"line":45,"column":14}},"27":{"start":{"line":46,"column":4},"end":{"line":46,"column":30}},"28":{"start":{"line":49,"column":2},"end":{"line":52,"column":3}},"29":{"start":{"line":50,"column":4},"end":{"line":50,"column":14}},"30":{"start":{"line":51,"column":4},"end":{"line":51,"column":31}},"31":{"start":{"line":54,"column":2},"end":{"line":57,"column":3}},"32":{"start":{"line":55,"column":4},"end":{"line":55,"column":14}},"33":{"start":{"line":56,"column":4},"end":{"line":56,"column":32}},"34":{"start":{"line":59,"column":2},"end":{"line":59,"column":37}},"35":{"start":{"line":62,"column":0},"end":{"line":62,"column":38}}},"fnMap":{"0":{"name":"(anonymous_0)","decl":{"start":{"line":1,"column":25},"end":{"line":1,"column":26}},"loc":{"start":{"line":1,"column":50},"end":{"line":60,"column":1}},"line":1}},"branchMap":{"0":{"loc":{"start":{"line":6,"column":2},"end":{"line":12,"column":3}},"type":"if","locations":[{"start":{"line":6,"column":2},"end":{"line":12,"column":3}},{"start":{},"end":{}}],"line":6},"1":{"loc":{"start":{"line":7,"column":4},"end":{"line":8,"column":49}},"type":"binary-expr","locations":[{"start":{"line":7,"column":4},"end":{"line":7,"column":43}},{"start":{"line":8,"column":4},"end":{"line":8,"column":49}}],"line":7},"2":{"loc":{"start":{"line":14,"column":2},"end":{"line":17,"column":3}},"type":"if","locations":[{"start":{"line":14,"column":2},"end":{"line":17,"column":3}},{"start":{},"end":{}}],"line":14},"3":{"loc":{"start":{"line":19,"column":2},"end":{"line":22,"column":3}},"type":"if","locations":[{"start":{"line":19,"column":2},"end":{"line":22,"column":3}},{"start":{},"end":{}}],"line":19},"4":{"loc":{"start":{"line":24,"column":2},"end":{"line":27,"column":3}},"type":"if","locations":[{"start":{"line":24,"column":2},"end":{"line":27,"column":3}},{"start":{},"end":{}}],"line":24},"5":{"loc":{"start":{"line":29,"column":2},"end":{"line":32,"column":3}},"type":"if","locations":[{"start":{"line":29,"column":2},"end":{"line":32,"column":3}},{"start":{},"end":{}}],"line":29},"6":{"loc":{"start":{"line":34,"column":2},"end":{"line":37,"column":3}},"type":"if","locations":[{"start":{"line":34,"column":2},"end":{"line":37,"column":3}},{"start":{},"end":{}}],"line":34},"7":{"loc":{"start":{"line":39,"column":2},"end":{"line":42,"column":3}},"type":"if","locations":[{"start":{"line":39,"column":2},"end":{"line":42,"column":3}},{"start":{},"end":{}}],"line":39},"8":{"loc":{"start":{"line":39,"column":5},"end":{"line":39,"column":68}},"type":"binary-expr","locations":[{"start":{"line":39,"column":5},"end":{"line":39,"column":32}},{"start":{"line":39,"column":36},"end":{"line":39,"column":68}}],"line":39},"9":{"loc":{"start":{"line":44,"column":2},"end":{"line":47,"column":3}},"type":"if","locations":[{"start":{"line":44,"column":2},"end":{"line":47,"column":3}},{"start":{},"end":{}}],"line":44},"10":{"loc":{"start":{"line":49,"column":2},"end":{"line":52,"column":3}},"type":"if","locations":[{"start":{"line":49,"column":2},"end":{"line":52,"column":3}},{"start":{},"end":{}}],"line":49},"11":{"loc":{"start":{"line":54,"column":2},"end":{"line":57,"column":3}},"type":"if","locations":[{"start":{"line":54,"column":2},"end":{"line":57,"column":3}},{"start":{},"end":{}}],"line":54}},"s":{"0":7,"1":32,"2":32,"3":32,"4":32,"5":11,"6":11,"7":32,"8":3,"9":3,"10":32,"11":1,"12":1,"13":32,"14":1,"15":1,"16":32,"17":3,"18":3,"19":32,"20":0,"21":0,"22":32,"23":6,"24":6,"25":32,"26":1,"27":1,"28":32,"29":0,"30":0,"31":32,"32":2,"33":2,"34":32,"35":7},"f":{"0":32},"b":{"0":[11,21],"1":[32,22],"2":[3,29],"3":[1,31],"4":[1,31],"5":[3,29],"6":[0,32],"7":[6,26],"8":[32,26],"9":[1,31],"10":[0,32],"11":[2,30]},"_coverageSchema":"1a1c01bbd47fc00a2c39e90264f33305004495a9","hash":"a4970aff677b990a3deb40ed43b3322bc97887d3"}
,"C:\\Users\\eriss\\BootCamp\\fp\\project-backend\\services\\helper\\jwtHandler.js": {"path":"C:\\Users\\eriss\\BootCamp\\fp\\project-backend\\services\\helper\\jwtHandler.js","statementMap":{"0":{"start":{"line":1,"column":12},"end":{"line":1,"column":35}},"1":{"start":{"line":3,"column":17},"end":{"line":5,"column":1}},"2":{"start":{"line":4,"column":2},"end":{"line":4,"column":55}},"3":{"start":{"line":7,"column":19},"end":{"line":9,"column":1}},"4":{"start":{"line":8,"column":2},"end":{"line":8,"column":55}},"5":{"start":{"line":11,"column":0},"end":{"line":11,"column":42}}},"fnMap":{"0":{"name":"(anonymous_0)","decl":{"start":{"line":3,"column":17},"end":{"line":3,"column":18}},"loc":{"start":{"line":3,"column":30},"end":{"line":5,"column":1}},"line":3},"1":{"name":"(anonymous_1)","decl":{"start":{"line":7,"column":19},"end":{"line":7,"column":20}},"loc":{"start":{"line":7,"column":30},"end":{"line":9,"column":1}},"line":7}},"branchMap":{},"s":{"0":7,"1":7,"2":4,"3":7,"4":9,"5":7},"f":{"0":4,"1":9},"b":{},"_coverageSchema":"1a1c01bbd47fc00a2c39e90264f33305004495a9","hash":"332efec381cedab4c88f32874d61984ca4e4c171"}
,"C:\\Users\\eriss\\BootCamp\\fp\\project-backend\\services\\middlewares\\authentication.js": {"path":"C:\\Users\\eriss\\BootCamp\\fp\\project-backend\\services\\middlewares\\authentication.js","statementMap":{"0":{"start":{"line":1,"column":24},"end":{"line":1,"column":44}},"1":{"start":{"line":2,"column":23},"end":{"line":2,"column":54}},"2":{"start":{"line":4,"column":18},"end":{"line":20,"column":1}},"3":{"start":{"line":5,"column":4},"end":{"line":19,"column":5}},"4":{"start":{"line":6,"column":33},"end":{"line":6,"column":44}},"5":{"start":{"line":7,"column":8},"end":{"line":7,"column":54}},"6":{"start":{"line":7,"column":26},"end":{"line":7,"column":54}},"7":{"start":{"line":9,"column":24},"end":{"line":9,"column":48}},"8":{"start":{"line":11,"column":22},"end":{"line":11,"column":54}},"9":{"start":{"line":12,"column":8},"end":{"line":12,"column":47}},"10":{"start":{"line":12,"column":19},"end":{"line":12,"column":47}},"11":{"start":{"line":14,"column":8},"end":{"line":14,"column":36}},"12":{"start":{"line":16,"column":8},"end":{"line":16,"column":14}},"13":{"start":{"line":18,"column":8},"end":{"line":18,"column":19}},"14":{"start":{"line":22,"column":17},"end":{"line":38,"column":1}},"15":{"start":{"line":23,"column":4},"end":{"line":37,"column":5}},"16":{"start":{"line":24,"column":33},"end":{"line":24,"column":44}},"17":{"start":{"line":25,"column":8},"end":{"line":25,"column":54}},"18":{"start":{"line":25,"column":26},"end":{"line":25,"column":54}},"19":{"start":{"line":27,"column":24},"end":{"line":27,"column":48}},"20":{"start":{"line":29,"column":21},"end":{"line":29,"column":52}},"21":{"start":{"line":30,"column":8},"end":{"line":30,"column":46}},"22":{"start":{"line":30,"column":18},"end":{"line":30,"column":46}},"23":{"start":{"line":32,"column":8},"end":{"line":32,"column":34}},"24":{"start":{"line":34,"column":8},"end":{"line":34,"column":14}},"25":{"start":{"line":36,"column":8},"end":{"line":36,"column":19}},"26":{"start":{"line":40,"column":0},"end":{"line":40,"column":40}}},"fnMap":{"0":{"name":"(anonymous_0)","decl":{"start":{"line":4,"column":18},"end":{"line":4,"column":19}},"loc":{"start":{"line":4,"column":44},"end":{"line":20,"column":1}},"line":4},"1":{"name":"(anonymous_1)","decl":{"start":{"line":22,"column":17},"end":{"line":22,"column":18}},"loc":{"start":{"line":22,"column":43},"end":{"line":38,"column":1}},"line":22}},"branchMap":{"0":{"loc":{"start":{"line":7,"column":8},"end":{"line":7,"column":54}},"type":"if","locations":[{"start":{"line":7,"column":8},"end":{"line":7,"column":54}},{"start":{},"end":{}}],"line":7},"1":{"loc":{"start":{"line":12,"column":8},"end":{"line":12,"column":47}},"type":"if","locations":[{"start":{"line":12,"column":8},"end":{"line":12,"column":47}},{"start":{},"end":{}}],"line":12},"2":{"loc":{"start":{"line":25,"column":8},"end":{"line":25,"column":54}},"type":"if","locations":[{"start":{"line":25,"column":8},"end":{"line":25,"column":54}},{"start":{},"end":{}}],"line":25},"3":{"loc":{"start":{"line":30,"column":8},"end":{"line":30,"column":46}},"type":"if","locations":[{"start":{"line":30,"column":8},"end":{"line":30,"column":46}},{"start":{},"end":{}}],"line":30}},"s":{"0":7,"1":7,"2":7,"3":12,"4":12,"5":12,"6":5,"7":7,"8":7,"9":7,"10":0,"11":7,"12":7,"13":5,"14":7,"15":3,"16":3,"17":3,"18":1,"19":2,"20":2,"21":2,"22":0,"23":2,"24":2,"25":1,"26":7},"f":{"0":12,"1":3},"b":{"0":[5,7],"1":[0,7],"2":[1,2],"3":[0,2]},"_coverageSchema":"1a1c01bbd47fc00a2c39e90264f33305004495a9","hash":"0c016eb004d5bb95e3c05e6aebe8d1fccc0a5d44"}
,"C:\\Users\\eriss\\BootCamp\\fp\\project-backend\\services\\models\\admin.js": {"path":"C:\\Users\\eriss\\BootCamp\\fp\\project-backend\\services\\models\\admin.js","statementMap":{"0":{"start":{"line":2,"column":18},"end":{"line":2,"column":38}},"1":{"start":{"line":3,"column":26},"end":{"line":3,"column":60}},"2":{"start":{"line":4,"column":0},"end":{"line":47,"column":2}},"3":{"start":{"line":15,"column":2},"end":{"line":40,"column":4}},"4":{"start":{"line":42,"column":2},"end":{"line":44,"column":5}},"5":{"start":{"line":43,"column":4},"end":{"line":43,"column":51}},"6":{"start":{"line":46,"column":2},"end":{"line":46,"column":15}}},"fnMap":{"0":{"name":"(anonymous_0)","decl":{"start":{"line":4,"column":17},"end":{"line":4,"column":18}},"loc":{"start":{"line":4,"column":43},"end":{"line":47,"column":1}},"line":4},"1":{"name":"(anonymous_1)","decl":{"start":{"line":11,"column":4},"end":{"line":11,"column":5}},"loc":{"start":{"line":11,"column":29},"end":{"line":13,"column":5}},"line":11},"2":{"name":"(anonymous_2)","decl":{"start":{"line":42,"column":32},"end":{"line":42,"column":33}},"loc":{"start":{"line":42,"column":43},"end":{"line":44,"column":3}},"line":42}},"branchMap":{},"s":{"0":7,"1":7,"2":7,"3":7,"4":7,"5":4,"6":7},"f":{"0":7,"1":7,"2":4},"b":{},"_coverageSchema":"1a1c01bbd47fc00a2c39e90264f33305004495a9","hash":"296d4b482804598a448a9bc16c4072d147b9d4df"}
,"C:\\Users\\eriss\\BootCamp\\fp\\project-backend\\services\\models\\genre.js": {"path":"C:\\Users\\eriss\\BootCamp\\fp\\project-backend\\services\\models\\genre.js","statementMap":{"0":{"start":{"line":4,"column":4},"end":{"line":4,"column":24}},"1":{"start":{"line":5,"column":0},"end":{"line":30,"column":2}},"2":{"start":{"line":16,"column":2},"end":{"line":28,"column":5}},"3":{"start":{"line":29,"column":2},"end":{"line":29,"column":15}}},"fnMap":{"0":{"name":"(anonymous_0)","decl":{"start":{"line":5,"column":17},"end":{"line":5,"column":18}},"loc":{"start":{"line":5,"column":43},"end":{"line":30,"column":1}},"line":5},"1":{"name":"(anonymous_1)","decl":{"start":{"line":12,"column":4},"end":{"line":12,"column":5}},"loc":{"start":{"line":12,"column":29},"end":{"line":14,"column":5}},"line":12}},"branchMap":{},"s":{"0":7,"1":7,"2":7,"3":7},"f":{"0":7,"1":7},"b":{},"_coverageSchema":"1a1c01bbd47fc00a2c39e90264f33305004495a9","hash":"6f972e282cde39285007ab02b8405cd8bcd3276b"}
,"C:\\Users\\eriss\\BootCamp\\fp\\project-backend\\services\\models\\index.js": {"path":"C:\\Users\\eriss\\BootCamp\\fp\\project-backend\\services\\models\\index.js","statementMap":{"0":{"start":{"line":3,"column":11},"end":{"line":3,"column":24}},"1":{"start":{"line":4,"column":13},"end":{"line":4,"column":28}},"2":{"start":{"line":5,"column":18},"end":{"line":5,"column":38}},"3":{"start":{"line":6,"column":16},"end":{"line":6,"column":34}},"4":{"start":{"line":7,"column":17},"end":{"line":7,"column":42}},"5":{"start":{"line":8,"column":12},"end":{"line":8,"column":49}},"6":{"start":{"line":9,"column":15},"end":{"line":9,"column":65}},"7":{"start":{"line":10,"column":11},"end":{"line":10,"column":13}},"8":{"start":{"line":13,"column":0},"end":{"line":17,"column":1}},"9":{"start":{"line":14,"column":2},"end":{"line":14,"column":74}},"10":{"start":{"line":16,"column":2},"end":{"line":16,"column":87}},"11":{"start":{"line":19,"column":0},"end":{"line":27,"column":5}},"12":{"start":{"line":22,"column":4},"end":{"line":22,"column":90}},"13":{"start":{"line":25,"column":18},"end":{"line":25,"column":85}},"14":{"start":{"line":26,"column":4},"end":{"line":26,"column":27}},"15":{"start":{"line":29,"column":0},"end":{"line":33,"column":3}},"16":{"start":{"line":30,"column":2},"end":{"line":32,"column":3}},"17":{"start":{"line":31,"column":4},"end":{"line":31,"column":32}},"18":{"start":{"line":35,"column":0},"end":{"line":35,"column":25}},"19":{"start":{"line":36,"column":0},"end":{"line":36,"column":25}},"20":{"start":{"line":38,"column":0},"end":{"line":38,"column":20}}},"fnMap":{"0":{"name":"(anonymous_0)","decl":{"start":{"line":21,"column":10},"end":{"line":21,"column":11}},"loc":{"start":{"line":21,"column":18},"end":{"line":23,"column":3}},"line":21},"1":{"name":"(anonymous_1)","decl":{"start":{"line":24,"column":11},"end":{"line":24,"column":12}},"loc":{"start":{"line":24,"column":19},"end":{"line":27,"column":3}},"line":24},"2":{"name":"(anonymous_2)","decl":{"start":{"line":29,"column":24},"end":{"line":29,"column":25}},"loc":{"start":{"line":29,"column":37},"end":{"line":33,"column":1}},"line":29}},"branchMap":{"0":{"loc":{"start":{"line":8,"column":12},"end":{"line":8,"column":49}},"type":"binary-expr","locations":[{"start":{"line":8,"column":12},"end":{"line":8,"column":32}},{"start":{"line":8,"column":36},"end":{"line":8,"column":49}}],"line":8},"1":{"loc":{"start":{"line":13,"column":0},"end":{"line":17,"column":1}},"type":"if","locations":[{"start":{"line":13,"column":0},"end":{"line":17,"column":1}},{"start":{"line":15,"column":7},"end":{"line":17,"column":1}}],"line":13},"2":{"loc":{"start":{"line":22,"column":11},"end":{"line":22,"column":89}},"type":"binary-expr","locations":[{"start":{"line":22,"column":12},"end":{"line":22,"column":35}},{"start":{"line":22,"column":41},"end":{"line":22,"column":58}},{"start":{"line":22,"column":64},"end":{"line":22,"column":88}}],"line":22},"3":{"loc":{"start":{"line":30,"column":2},"end":{"line":32,"column":3}},"type":"if","locations":[{"start":{"line":30,"column":2},"end":{"line":32,"column":3}},{"start":{},"end":{}}],"line":30}},"s":{"0":7,"1":7,"2":7,"3":7,"4":7,"5":7,"6":7,"7":7,"8":7,"9":0,"10":7,"11":7,"12":42,"13":35,"14":35,"15":7,"16":35,"17":35,"18":7,"19":7,"20":7},"f":{"0":42,"1":35,"2":35},"b":{"0":[7,0],"1":[0,7],"2":[42,42,35],"3":[35,0]},"_coverageSchema":"1a1c01bbd47fc00a2c39e90264f33305004495a9","hash":"687fd9b0ec6a7815eda6d011a14d9fa3ac03606a"}
,"C:\\Users\\eriss\\BootCamp\\fp\\project-backend\\services\\models\\post.js": {"path":"C:\\Users\\eriss\\BootCamp\\fp\\project-backend\\services\\models\\post.js","statementMap":{"0":{"start":{"line":2,"column":18},"end":{"line":2,"column":38}},"1":{"start":{"line":3,"column":0},"end":{"line":66,"column":2}},"2":{"start":{"line":14,"column":2},"end":{"line":64,"column":4}},"3":{"start":{"line":65,"column":2},"end":{"line":65,"column":14}}},"fnMap":{"0":{"name":"(anonymous_0)","decl":{"start":{"line":3,"column":17},"end":{"line":3,"column":18}},"loc":{"start":{"line":3,"column":43},"end":{"line":66,"column":1}},"line":3},"1":{"name":"(anonymous_1)","decl":{"start":{"line":10,"column":4},"end":{"line":10,"column":5}},"loc":{"start":{"line":10,"column":29},"end":{"line":12,"column":5}},"line":10}},"branchMap":{},"s":{"0":7,"1":7,"2":7,"3":7},"f":{"0":7,"1":7},"b":{},"_coverageSchema":"1a1c01bbd47fc00a2c39e90264f33305004495a9","hash":"5e7f00c01e945202e83b8561ab988528e3274e38"}
,"C:\\Users\\eriss\\BootCamp\\fp\\project-backend\\services\\models\\report.js": {"path":"C:\\Users\\eriss\\BootCamp\\fp\\project-backend\\services\\models\\report.js","statementMap":{"0":{"start":{"line":2,"column":18},"end":{"line":2,"column":38}},"1":{"start":{"line":3,"column":0},"end":{"line":44,"column":2}},"2":{"start":{"line":12,"column":6},"end":{"line":12,"column":79}},"3":{"start":{"line":13,"column":6},"end":{"line":13,"column":79}},"4":{"start":{"line":16,"column":2},"end":{"line":42,"column":4}},"5":{"start":{"line":43,"column":2},"end":{"line":43,"column":16}}},"fnMap":{"0":{"name":"(anonymous_0)","decl":{"start":{"line":3,"column":17},"end":{"line":3,"column":18}},"loc":{"start":{"line":3,"column":43},"end":{"line":44,"column":1}},"line":3},"1":{"name":"(anonymous_1)","decl":{"start":{"line":10,"column":4},"end":{"line":10,"column":5}},"loc":{"start":{"line":10,"column":29},"end":{"line":14,"column":5}},"line":10}},"branchMap":{},"s":{"0":7,"1":7,"2":7,"3":7,"4":7,"5":7},"f":{"0":7,"1":7},"b":{},"_coverageSchema":"1a1c01bbd47fc00a2c39e90264f33305004495a9","hash":"8555e81dba23efa33769028a04443d8153ebd5dd"}
,"C:\\Users\\eriss\\BootCamp\\fp\\project-backend\\services\\models\\user.js": {"path":"C:\\Users\\eriss\\BootCamp\\fp\\project-backend\\services\\models\\user.js","statementMap":{"0":{"start":{"line":2,"column":18},"end":{"line":2,"column":38}},"1":{"start":{"line":3,"column":26},"end":{"line":3,"column":60}},"2":{"start":{"line":4,"column":0},"end":{"line":82,"column":2}},"3":{"start":{"line":13,"column":6},"end":{"line":13,"column":61}},"4":{"start":{"line":14,"column":6},"end":{"line":14,"column":61}},"5":{"start":{"line":17,"column":2},"end":{"line":77,"column":4}},"6":{"start":{"line":78,"column":2},"end":{"line":80,"column":5}},"7":{"start":{"line":79,"column":4},"end":{"line":79,"column":57}},"8":{"start":{"line":81,"column":2},"end":{"line":81,"column":14}}},"fnMap":{"0":{"name":"(anonymous_0)","decl":{"start":{"line":4,"column":17},"end":{"line":4,"column":18}},"loc":{"start":{"line":4,"column":43},"end":{"line":82,"column":1}},"line":4},"1":{"name":"(anonymous_1)","decl":{"start":{"line":11,"column":4},"end":{"line":11,"column":5}},"loc":{"start":{"line":11,"column":29},"end":{"line":15,"column":5}},"line":11},"2":{"name":"(anonymous_2)","decl":{"start":{"line":78,"column":20},"end":{"line":78,"column":21}},"loc":{"start":{"line":78,"column":34},"end":{"line":80,"column":3}},"line":78}},"branchMap":{},"s":{"0":7,"1":7,"2":7,"3":7,"4":7,"5":7,"6":7,"7":2,"8":7},"f":{"0":7,"1":7,"2":2},"b":{},"_coverageSchema":"1a1c01bbd47fc00a2c39e90264f33305004495a9","hash":"421e2c18b674ba341b8dfa72bed38691b327529c"}
,"C:\\Users\\eriss\\BootCamp\\fp\\project-backend\\services\\routes\\admin.js": {"path":"C:\\Users\\eriss\\BootCamp\\fp\\project-backend\\services\\routes\\admin.js","statementMap":{"0":{"start":{"line":1,"column":15},"end":{"line":1,"column":42}},"1":{"start":{"line":2,"column":22},"end":{"line":2,"column":52}},"2":{"start":{"line":5,"column":0},"end":{"line":5,"column":49}},"3":{"start":{"line":6,"column":0},"end":{"line":6,"column":43}},"4":{"start":{"line":22,"column":0},"end":{"line":22,"column":24}}},"fnMap":{},"branchMap":{},"s":{"0":7,"1":7,"2":7,"3":7,"4":7},"f":{},"b":{},"_coverageSchema":"1a1c01bbd47fc00a2c39e90264f33305004495a9","hash":"ea96da4b03ba7efb13c0dd3dfc064763dbbb036e"}
,"C:\\Users\\eriss\\BootCamp\\fp\\project-backend\\services\\routes\\bidRoutes.js": {"path":"C:\\Users\\eriss\\BootCamp\\fp\\project-backend\\services\\routes\\bidRoutes.js","statementMap":{"0":{"start":{"line":1,"column":22},"end":{"line":1,"column":50}},"1":{"start":{"line":3,"column":18},"end":{"line":3,"column":45}},"2":{"start":{"line":5,"column":0},"end":{"line":5,"column":45}},"3":{"start":{"line":6,"column":0},"end":{"line":6,"column":48}},"4":{"start":{"line":7,"column":0},"end":{"line":7,"column":42}},"5":{"start":{"line":8,"column":0},"end":{"line":8,"column":51}},"6":{"start":{"line":9,"column":0},"end":{"line":9,"column":54}},"7":{"start":{"line":11,"column":0},"end":{"line":11,"column":27}}},"fnMap":{},"branchMap":{},"s":{"0":7,"1":7,"2":7,"3":7,"4":7,"5":7,"6":7,"7":7},"f":{},"b":{},"_coverageSchema":"1a1c01bbd47fc00a2c39e90264f33305004495a9","hash":"3030e5d9dd6f8f7b85a2ea7aa0f40a670f0ff661"}
,"C:\\Users\\eriss\\BootCamp\\fp\\project-backend\\services\\routes\\bookRoutes.js": {"path":"C:\\Users\\eriss\\BootCamp\\fp\\project-backend\\services\\routes\\bookRoutes.js","statementMap":{"0":{"start":{"line":1,"column":23},"end":{"line":1,"column":52}},"1":{"start":{"line":3,"column":19},"end":{"line":3,"column":46}},"2":{"start":{"line":5,"column":0},"end":{"line":5,"column":48}},"3":{"start":{"line":6,"column":0},"end":{"line":6,"column":55}},"4":{"start":{"line":8,"column":0},"end":{"line":8,"column":28}}},"fnMap":{},"branchMap":{},"s":{"0":7,"1":7,"2":7,"3":7,"4":7},"f":{},"b":{},"_coverageSchema":"1a1c01bbd47fc00a2c39e90264f33305004495a9","hash":"f2d45a4da07d949c31d4805bc684cc030e1ed0be"}
,"C:\\Users\\eriss\\BootCamp\\fp\\project-backend\\services\\routes\\genre.js": {"path":"C:\\Users\\eriss\\BootCamp\\fp\\project-backend\\services\\routes\\genre.js","statementMap":{"0":{"start":{"line":1,"column":15},"end":{"line":1,"column":42}},"1":{"start":{"line":2,"column":24},"end":{"line":2,"column":54}},"2":{"start":{"line":3,"column":22},"end":{"line":3,"column":62}},"3":{"start":{"line":5,"column":0},"end":{"line":5,"column":54}},"4":{"start":{"line":6,"column":0},"end":{"line":6,"column":60}},"5":{"start":{"line":8,"column":0},"end":{"line":8,"column":23}}},"fnMap":{},"branchMap":{},"s":{"0":7,"1":7,"2":7,"3":7,"4":7,"5":7},"f":{},"b":{},"_coverageSchema":"1a1c01bbd47fc00a2c39e90264f33305004495a9","hash":"714c5701a083cdad4c24fcc36c20e00916f9f733"}
,"C:\\Users\\eriss\\BootCamp\\fp\\project-backend\\services\\routes\\index.js": {"path":"C:\\Users\\eriss\\BootCamp\\fp\\project-backend\\services\\routes\\index.js","statementMap":{"0":{"start":{"line":1,"column":15},"end":{"line":1,"column":42}},"1":{"start":{"line":2,"column":18},"end":{"line":2,"column":40}},"2":{"start":{"line":3,"column":19},"end":{"line":3,"column":42}},"3":{"start":{"line":4,"column":19},"end":{"line":4,"column":42}},"4":{"start":{"line":5,"column":19},"end":{"line":5,"column":36}},"5":{"start":{"line":6,"column":20},"end":{"line":6,"column":38}},"6":{"start":{"line":7,"column":21},"end":{"line":7,"column":40}},"7":{"start":{"line":8,"column":20},"end":{"line":8,"column":38}},"8":{"start":{"line":10,"column":0},"end":{"line":12,"column":3}},"9":{"start":{"line":11,"column":2},"end":{"line":11,"column":42}},"10":{"start":{"line":14,"column":0},"end":{"line":14,"column":35}},"11":{"start":{"line":15,"column":0},"end":{"line":15,"column":34}},"12":{"start":{"line":16,"column":0},"end":{"line":16,"column":36}},"13":{"start":{"line":17,"column":0},"end":{"line":17,"column":33}},"14":{"start":{"line":18,"column":0},"end":{"line":18,"column":33}},"15":{"start":{"line":19,"column":0},"end":{"line":19,"column":31}},"16":{"start":{"line":20,"column":0},"end":{"line":20,"column":33}},"17":{"start":{"line":22,"column":0},"end":{"line":22,"column":24}}},"fnMap":{"0":{"name":"(anonymous_0)","decl":{"start":{"line":10,"column":16},"end":{"line":10,"column":17}},"loc":{"start":{"line":10,"column":30},"end":{"line":12,"column":1}},"line":10}},"branchMap":{},"s":{"0":7,"1":7,"2":7,"3":7,"4":7,"5":7,"6":7,"7":7,"8":7,"9":1,"10":7,"11":7,"12":7,"13":7,"14":7,"15":7,"16":7,"17":7},"f":{"0":1},"b":{},"_coverageSchema":"1a1c01bbd47fc00a2c39e90264f33305004495a9","hash":"3c1120cc11457d6adc833b168ef16efcc2e51f68"}
,"C:\\Users\\eriss\\BootCamp\\fp\\project-backend\\services\\routes\\post.js": {"path":"C:\\Users\\eriss\\BootCamp\\fp\\project-backend\\services\\routes\\post.js","statementMap":{"0":{"start":{"line":1,"column":23},"end":{"line":1,"column":52}},"1":{"start":{"line":2,"column":15},"end":{"line":2,"column":42}},"2":{"start":{"line":4,"column":0},"end":{"line":4,"column":37}},"3":{"start":{"line":5,"column":0},"end":{"line":5,"column":43}},"4":{"start":{"line":6,"column":0},"end":{"line":6,"column":40}},"5":{"start":{"line":7,"column":0},"end":{"line":7,"column":42}},"6":{"start":{"line":8,"column":0},"end":{"line":8,"column":50}},"7":{"start":{"line":9,"column":0},"end":{"line":9,"column":45}},"8":{"start":{"line":11,"column":0},"end":{"line":11,"column":24}}},"fnMap":{},"branchMap":{},"s":{"0":7,"1":7,"2":7,"3":7,"4":7,"5":7,"6":7,"7":7,"8":7},"f":{},"b":{},"_coverageSchema":"1a1c01bbd47fc00a2c39e90264f33305004495a9","hash":"5312533b36d787d29c44f466d7eb096d6d1c5452"}
,"C:\\Users\\eriss\\BootCamp\\fp\\project-backend\\services\\routes\\report.js": {"path":"C:\\Users\\eriss\\BootCamp\\fp\\project-backend\\services\\routes\\report.js","statementMap":{"0":{"start":{"line":1,"column":25},"end":{"line":1,"column":56}},"1":{"start":{"line":2,"column":15},"end":{"line":2,"column":42}},"2":{"start":{"line":3,"column":32},"end":{"line":3,"column":72}},"3":{"start":{"line":5,"column":0},"end":{"line":5,"column":56}},"4":{"start":{"line":6,"column":0},"end":{"line":6,"column":62}},"5":{"start":{"line":7,"column":0},"end":{"line":7,"column":66}},"6":{"start":{"line":8,"column":0},"end":{"line":8,"column":63}},"7":{"start":{"line":10,"column":0},"end":{"line":10,"column":23}}},"fnMap":{},"branchMap":{},"s":{"0":7,"1":7,"2":7,"3":7,"4":7,"5":7,"6":7,"7":7},"f":{},"b":{},"_coverageSchema":"1a1c01bbd47fc00a2c39e90264f33305004495a9","hash":"6d21f0ddd3e3fee5990292cb5c94734cf4c8df7b"}
,"C:\\Users\\eriss\\BootCamp\\fp\\project-backend\\services\\routes\\userRoutes.js": {"path":"C:\\Users\\eriss\\BootCamp\\fp\\project-backend\\services\\routes\\userRoutes.js","statementMap":{"0":{"start":{"line":4,"column":4},"end":{"line":4,"column":33}},"1":{"start":{"line":6,"column":19},"end":{"line":6,"column":46}},"2":{"start":{"line":8,"column":0},"end":{"line":8,"column":48}},"3":{"start":{"line":9,"column":0},"end":{"line":9,"column":51}},"4":{"start":{"line":10,"column":0},"end":{"line":10,"column":66}},"5":{"start":{"line":11,"column":0},"end":{"line":11,"column":72}},"6":{"start":{"line":12,"column":0},"end":{"line":12,"column":55}},"7":{"start":{"line":14,"column":0},"end":{"line":14,"column":60}},"8":{"start":{"line":16,"column":0},"end":{"line":16,"column":28}}},"fnMap":{},"branchMap":{},"s":{"0":7,"1":7,"2":7,"3":7,"4":7,"5":7,"6":7,"7":7,"8":7},"f":{},"b":{},"_coverageSchema":"1a1c01bbd47fc00a2c39e90264f33305004495a9","hash":"82ce7748f597ef75f581c56e8aa67a5bf758f002"}
}
