TN:
SF:app.js
FNF:0
FNH:0
DA:1,7
DA:2,7
DA:5,7
DA:6,7
DA:7,7
DA:8,7
DA:9,7
DA:11,7
DA:12,7
DA:13,7
DA:15,7
DA:17,7
DA:19,7
LF:13
LH:13
BRDA:1,0,0,7
BRDA:1,0,1,0
BRF:2
BRH:1
end_of_record
TN:
SF:controller\admin.js
FN:7,(anonymous_0)
FN:18,(anonymous_1)
FNF:2
FNH:2
FNDA:6,(anonymous_0)
FNDA:3,(anonymous_1)
DA:1,7
DA:2,7
DA:3,7
DA:8,6
DA:9,6
DA:10,6
DA:12,1
DA:14,5
DA:19,3
DA:20,3
DA:21,3
DA:22,3
DA:24,3
DA:25,3
DA:26,3
DA:28,2
DA:29,2
DA:30,2
DA:32,1
DA:37,2
DA:43,7
LF:21
LH:21
BRDA:21,0,0,0
BRDA:21,0,1,3
BRDA:22,1,0,0
BRDA:22,1,1,3
BRDA:26,2,0,1
BRDA:26,2,1,2
BRDA:30,3,0,1
BRDA:30,3,1,1
BRF:8
BRH:6
end_of_record
TN:
SF:controller\bid.js
FN:2,(anonymous_0)
FN:6,(anonymous_1)
FN:11,(anonymous_2)
FN:15,(anonymous_3)
FN:20,(anonymous_4)
FNF:5
FNH:5
FNDA:1,(anonymous_0)
FNDA:1,(anonymous_1)
FNDA:1,(anonymous_2)
FNDA:1,(anonymous_3)
FNDA:1,(anonymous_4)
DA:3,1
DA:7,1
DA:8,1
DA:12,1
DA:16,1
DA:17,1
DA:21,1
DA:22,1
DA:26,7
LF:9
LH:9
BRF:0
BRH:0
end_of_record
TN:
SF:controller\book.js
FN:2,(anonymous_0)
FN:6,(anonymous_1)
FNF:2
FNH:2
FNDA:1,(anonymous_0)
FNDA:1,(anonymous_1)
DA:3,1
DA:7,1
DA:8,1
DA:12,7
LF:4
LH:4
BRF:0
BRH:0
end_of_record
TN:
SF:controller\genre.js
FN:5,(anonymous_0)
FN:15,(anonymous_1)
FNF:2
FNH:2
FNDA:1,(anonymous_0)
FNDA:1,(anonymous_1)
DA:1,7
DA:6,1
DA:7,1
DA:9,1
DA:11,0
DA:16,1
DA:17,1
DA:18,1
DA:20,1
DA:22,0
DA:27,7
LF:11
LH:9
BRDA:18,0,0,0
BRDA:18,0,1,1
BRF:2
BRH:1
end_of_record
TN:
SF:controller\post.js
FN:4,(anonymous_0)
FN:15,(anonymous_1)
FN:27,(anonymous_2)
FN:48,(anonymous_3)
FN:74,(anonymous_4)
FN:90,(anonymous_5)
FNF:6
FNH:6
FNDA:4,(anonymous_0)
FNDA:2,(anonymous_1)
FNDA:6,(anonymous_2)
FNDA:3,(anonymous_3)
FNDA:1,(anonymous_4)
FNDA:2,(anonymous_5)
DA:1,7
DA:5,4
DA:6,4
DA:7,4
DA:9,4
DA:11,0
DA:16,2
DA:17,2
DA:18,2
DA:19,2
DA:21,1
DA:23,1
DA:29,6
DA:30,6
DA:31,6
DA:42,1
DA:44,5
DA:49,3
DA:51,3
DA:52,3
DA:53,3
DA:54,3
DA:56,1
DA:66,1
DA:70,2
DA:75,1
DA:76,1
DA:77,1
DA:78,1
DA:80,1
DA:82,1
DA:86,0
DA:91,2
DA:92,2
DA:93,2
DA:94,2
DA:96,1
DA:98,1
DA:100,1
DA:105,7
LF:40
LH:38
BRDA:19,0,0,1
BRDA:19,0,1,1
BRDA:54,1,0,2
BRDA:54,1,1,1
BRDA:78,2,0,0
BRDA:78,2,1,1
BRDA:94,3,0,1
BRDA:94,3,1,1
BRF:8
BRH:7
end_of_record
TN:
SF:controller\report.js
FN:5,(anonymous_0)
FN:30,(anonymous_1)
FN:45,(anonymous_2)
FN:61,(anonymous_3)
FNF:4
FNH:4
FNDA:2,(anonymous_0)
FNDA:1,(anonymous_1)
FNDA:2,(anonymous_2)
FNDA:2,(anonymous_3)
DA:1,7
DA:6,2
DA:7,2
DA:8,2
DA:10,2
DA:11,2
DA:12,2
DA:14,2
DA:15,2
DA:17,1
DA:24,1
DA:26,1
DA:31,1
DA:32,1
DA:39,1
DA:41,0
DA:46,2
DA:47,2
DA:53,2
DA:55,1
DA:57,1
DA:62,2
DA:63,2
DA:64,2
DA:66,1
DA:68,1
DA:70,1
DA:75,7
LF:28
LH:27
BRDA:15,0,0,1
BRDA:15,0,1,1
BRDA:53,1,0,1
BRDA:53,1,1,1
BRDA:64,2,0,1
BRDA:64,2,1,1
BRF:6
BRH:6
end_of_record
TN:
SF:controller\user.js
FN:6,(anonymous_0)
FN:32,(anonymous_1)
FN:45,(anonymous_2)
FN:70,(anonymous_3)
FN:89,(anonymous_4)
FN:105,(anonymous_5)
FNF:6
FNH:6
FNDA:1,(anonymous_0)
FNDA:1,(anonymous_1)
FNDA:1,(anonymous_2)
FNDA:1,(anonymous_3)
FNDA:3,(anonymous_4)
FNDA:1,(anonymous_5)
DA:1,7
DA:2,7
DA:3,7
DA:7,1
DA:8,1
DA:9,1
DA:12,1
DA:13,0
DA:14,0
DA:25,1
DA:26,1
DA:28,0
DA:33,1
DA:34,1
DA:35,1
DA:38,1
DA:39,0
DA:41,1
DA:46,1
DA:47,1
DA:49,1
DA:50,1
DA:51,1
DA:52,0
DA:59,0
DA:60,0
DA:61,0
DA:62,0
DA:66,1
DA:71,1
DA:72,1
DA:73,1
DA:74,1
DA:75,0
DA:78,0
DA:79,0
DA:83,1
DA:90,3
DA:91,3
DA:92,3
DA:93,2
DA:94,1
DA:95,1
DA:96,0
DA:97,0
DA:98,0
DA:99,0
DA:101,3
DA:106,1
DA:115,1
DA:116,1
DA:117,1
DA:118,1
DA:122,1
DA:133,0
DA:134,0
DA:135,0
DA:137,1
DA:142,7
LF:59
LH:40
BRDA:8,0,0,1
BRDA:12,1,0,0
BRDA:12,1,1,1
BRDA:38,2,0,1
BRDA:38,2,1,0
BRDA:51,3,0,1
BRDA:51,3,1,0
BRDA:60,4,0,0
BRDA:60,4,1,0
BRDA:74,5,0,1
BRDA:74,5,1,0
BRDA:92,6,0,1
BRDA:92,6,1,2
BRDA:93,7,0,1
BRDA:93,7,1,1
BRDA:95,8,0,1
BRDA:95,8,1,0
BRDA:97,9,0,0
BRDA:97,9,1,0
BRF:19
BRH:10
end_of_record
TN:
SF:helper\bcryptHandler.js
FN:3,(anonymous_0)
FN:7,(anonymous_1)
FNF:2
FNH:2
FNDA:6,(anonymous_0)
FNDA:2,(anonymous_1)
DA:1,7
DA:3,7
DA:4,6
DA:7,7
DA:8,2
DA:11,7
LF:6
LH:6
BRF:0
BRH:0
end_of_record
TN:
SF:helper\errorHandler.js
FN:1,(anonymous_0)
FNF:1
FNH:1
FNDA:32,(anonymous_0)
DA:1,7
DA:2,32
DA:3,32
DA:4,32
DA:6,32
DA:10,11
DA:11,11
DA:14,32
DA:15,3
DA:16,3
DA:19,32
DA:20,1
DA:21,1
DA:24,32
DA:25,1
DA:26,1
DA:29,32
DA:30,3
DA:31,3
DA:34,32
DA:35,0
DA:36,0
DA:39,32
DA:40,6
DA:41,6
DA:44,32
DA:45,1
DA:46,1
DA:49,32
DA:50,0
DA:51,0
DA:54,32
DA:55,2
DA:56,2
DA:59,32
DA:62,7
LF:36
LH:32
BRDA:6,0,0,11
BRDA:6,0,1,21
BRDA:7,1,0,32
BRDA:7,1,1,22
BRDA:14,2,0,3
BRDA:14,2,1,29
BRDA:19,3,0,1
BRDA:19,3,1,31
BRDA:24,4,0,1
BRDA:24,4,1,31
BRDA:29,5,0,3
BRDA:29,5,1,29
BRDA:34,6,0,0
BRDA:34,6,1,32
BRDA:39,7,0,6
BRDA:39,7,1,26
BRDA:39,8,0,32
BRDA:39,8,1,26
BRDA:44,9,0,1
BRDA:44,9,1,31
BRDA:49,10,0,0
BRDA:49,10,1,32
BRDA:54,11,0,2
BRDA:54,11,1,30
BRF:24
BRH:22
end_of_record
TN:
SF:helper\jwtHandler.js
FN:3,(anonymous_0)
FN:7,(anonymous_1)
FNF:2
FNH:2
FNDA:4,(anonymous_0)
FNDA:9,(anonymous_1)
DA:1,7
DA:3,7
DA:4,4
DA:7,7
DA:8,9
DA:11,7
LF:6
LH:6
BRF:0
BRH:0
end_of_record
TN:
SF:middlewares\authentication.js
FN:4,(anonymous_0)
FN:22,(anonymous_1)
FNF:2
FNH:2
FNDA:12,(anonymous_0)
FNDA:3,(anonymous_1)
DA:1,7
DA:2,7
DA:4,7
DA:5,12
DA:6,12
DA:7,12
DA:9,7
DA:11,7
DA:12,7
DA:14,7
DA:16,7
DA:18,5
DA:22,7
DA:23,3
DA:24,3
DA:25,3
DA:27,2
DA:29,2
DA:30,2
DA:32,2
DA:34,2
DA:36,1
DA:40,7
LF:23
LH:23
BRDA:7,0,0,5
BRDA:7,0,1,7
BRDA:12,1,0,0
BRDA:12,1,1,7
BRDA:25,2,0,1
BRDA:25,2,1,2
BRDA:30,3,0,0
BRDA:30,3,1,2
BRF:8
BRH:6
end_of_record
TN:
SF:models\admin.js
FN:4,(anonymous_0)
FN:11,(anonymous_1)
FN:42,(anonymous_2)
FNF:3
FNH:3
FNDA:7,(anonymous_0)
FNDA:7,(anonymous_1)
FNDA:4,(anonymous_2)
DA:2,7
DA:3,7
DA:4,7
DA:15,7
DA:42,7
DA:43,4
DA:46,7
LF:7
LH:7
BRF:0
BRH:0
end_of_record
TN:
SF:models\genre.js
FN:5,(anonymous_0)
FN:12,(anonymous_1)
FNF:2
FNH:2
FNDA:7,(anonymous_0)
FNDA:7,(anonymous_1)
DA:4,7
DA:5,7
DA:16,7
DA:29,7
LF:4
LH:4
BRF:0
BRH:0
end_of_record
TN:
SF:models\index.js
FN:21,(anonymous_0)
FN:24,(anonymous_1)
FN:29,(anonymous_2)
FNF:3
FNH:3
FNDA:42,(anonymous_0)
FNDA:35,(anonymous_1)
FNDA:35,(anonymous_2)
DA:3,7
DA:4,7
DA:5,7
DA:6,7
DA:7,7
DA:8,7
DA:9,7
DA:10,7
DA:13,7
DA:14,0
DA:16,7
DA:19,7
DA:22,42
DA:25,35
DA:26,35
DA:29,7
DA:30,35
DA:31,35
DA:35,7
DA:36,7
DA:38,7
LF:21
LH:20
BRDA:8,0,0,7
BRDA:8,0,1,0
BRDA:13,1,0,0
BRDA:13,1,1,7
BRDA:22,2,0,42
BRDA:22,2,1,42
BRDA:22,2,2,35
BRDA:30,3,0,35
BRDA:30,3,1,0
BRF:9
BRH:6
end_of_record
TN:
SF:models\post.js
FN:3,(anonymous_0)
FN:10,(anonymous_1)
FNF:2
FNH:2
FNDA:7,(anonymous_0)
FNDA:7,(anonymous_1)
DA:2,7
DA:3,7
DA:14,7
DA:65,7
LF:4
LH:4
BRF:0
BRH:0
end_of_record
TN:
SF:models\report.js
FN:3,(anonymous_0)
FN:10,(anonymous_1)
FNF:2
FNH:2
FNDA:7,(anonymous_0)
FNDA:7,(anonymous_1)
DA:2,7
DA:3,7
DA:12,7
DA:13,7
DA:16,7
DA:43,7
LF:6
LH:6
BRF:0
BRH:0
end_of_record
TN:
SF:models\user.js
FN:4,(anonymous_0)
FN:11,(anonymous_1)
FN:78,(anonymous_2)
FNF:3
FNH:3
FNDA:7,(anonymous_0)
FNDA:7,(anonymous_1)
FNDA:2,(anonymous_2)
DA:2,7
DA:3,7
DA:4,7
DA:13,7
DA:14,7
DA:17,7
DA:78,7
DA:79,2
DA:81,7
LF:9
LH:9
BRF:0
BRH:0
end_of_record
TN:
SF:routes\admin.js
FNF:0
FNH:0
DA:1,7
DA:2,7
DA:5,7
DA:6,7
DA:22,7
LF:5
LH:5
BRF:0
BRH:0
end_of_record
TN:
SF:routes\bidRoutes.js
FNF:0
FNH:0
DA:1,7
DA:3,7
DA:5,7
DA:6,7
DA:7,7
DA:8,7
DA:9,7
DA:11,7
LF:8
LH:8
BRF:0
BRH:0
end_of_record
TN:
SF:routes\bookRoutes.js
FNF:0
FNH:0
DA:1,7
DA:3,7
DA:5,7
DA:6,7
DA:8,7
LF:5
LH:5
BRF:0
BRH:0
end_of_record
TN:
SF:routes\genre.js
FNF:0
FNH:0
DA:1,7
DA:2,7
DA:3,7
DA:5,7
DA:6,7
DA:8,7
LF:6
LH:6
BRF:0
BRH:0
end_of_record
TN:
SF:routes\index.js
FN:10,(anonymous_0)
FNF:1
FNH:1
FNDA:1,(anonymous_0)
DA:1,7
DA:2,7
DA:3,7
DA:4,7
DA:5,7
DA:6,7
DA:7,7
DA:8,7
DA:10,7
DA:11,1
DA:14,7
DA:15,7
DA:16,7
DA:17,7
DA:18,7
DA:19,7
DA:20,7
DA:22,7
LF:18
LH:18
BRF:0
BRH:0
end_of_record
TN:
SF:routes\post.js
FNF:0
FNH:0
DA:1,7
DA:2,7
DA:4,7
DA:5,7
DA:6,7
DA:7,7
DA:8,7
DA:9,7
DA:11,7
LF:9
LH:9
BRF:0
BRH:0
end_of_record
TN:
SF:routes\report.js
FNF:0
FNH:0
DA:1,7
DA:2,7
DA:3,7
DA:5,7
DA:6,7
DA:7,7
DA:8,7
DA:10,7
LF:8
LH:8
BRF:0
BRH:0
end_of_record
TN:
SF:routes\userRoutes.js
FNF:0
FNH:0
DA:4,7
DA:6,7
DA:8,7
DA:9,7
DA:10,7
DA:11,7
DA:12,7
DA:14,7
DA:16,7
LF:9
LH:9
BRF:0
BRH:0
end_of_record
