TN:
SF:app.js
FNF:0
FNH:0
DA:1,4
DA:3,4
DA:4,4
DA:5,4
DA:6,4
DA:7,4
DA:9,4
DA:10,4
DA:11,4
DA:13,4
DA:15,4
DA:17,4
LF:12
LH:12
BRF:0
BRH:0
end_of_record
TN:
SF:controller\admin.js
FN:6,(anonymous_0)
FN:17,(anonymous_1)
FNF:2
FNH:0
FNDA:0,(anonymous_0)
FNDA:0,(anonymous_1)
DA:1,4
DA:2,4
DA:3,4
DA:7,0
DA:8,0
DA:9,0
DA:11,0
DA:13,0
DA:18,0
DA:19,0
DA:20,0
DA:21,0
DA:23,0
DA:24,0
DA:26,0
DA:27,0
DA:29,0
DA:34,0
DA:39,4
LF:19
LH:4
BRDA:20,0,0,0
BRDA:20,0,1,0
BRDA:21,1,0,0
BRDA:21,1,1,0
BRDA:24,2,0,0
BRDA:24,2,1,0
BRDA:27,3,0,0
BRDA:27,3,1,0
BRF:8
BRH:0
end_of_record
TN:
SF:controller\bid.js
FN:2,(anonymous_0)
FN:6,(anonymous_1)
FN:11,(anonymous_2)
FN:15,(anonymous_3)
FN:20,(anonymous_4)
FNF:5
FNH:0
FNDA:0,(anonymous_0)
FNDA:0,(anonymous_1)
FNDA:0,(anonymous_2)
FNDA:0,(anonymous_3)
FNDA:0,(anonymous_4)
DA:3,0
DA:7,0
DA:8,0
DA:12,0
DA:16,0
DA:17,0
DA:21,0
DA:22,0
DA:26,4
LF:9
LH:1
BRF:0
BRH:0
end_of_record
TN:
SF:controller\book.js
FN:2,(anonymous_0)
FN:6,(anonymous_1)
FNF:2
FNH:0
FNDA:0,(anonymous_0)
FNDA:0,(anonymous_1)
DA:3,0
DA:7,0
DA:8,0
DA:12,4
LF:4
LH:1
BRF:0
BRH:0
end_of_record
TN:
SF:controller\genre.js
FN:5,(anonymous_0)
FN:15,(anonymous_1)
FNF:2
FNH:0
FNDA:0,(anonymous_0)
FNDA:0,(anonymous_1)
DA:1,4
DA:6,0
DA:7,0
DA:9,0
DA:11,0
DA:16,0
DA:17,0
DA:18,0
DA:20,0
DA:22,0
DA:27,4
LF:11
LH:2
BRDA:18,0,0,0
BRDA:18,0,1,0
BRF:2
BRH:0
end_of_record
TN:
SF:controller\post.js
FN:4,(anonymous_0)
FN:15,(anonymous_1)
FN:27,(anonymous_2)
FN:45,(anonymous_3)
FN:71,(anonymous_4)
FN:87,(anonymous_5)
FNF:6
FNH:3
FNDA:4,(anonymous_0)
FNDA:2,(anonymous_1)
FNDA:4,(anonymous_2)
FNDA:0,(anonymous_3)
FNDA:0,(anonymous_4)
FNDA:0,(anonymous_5)
DA:1,4
DA:5,4
DA:6,4
DA:7,4
DA:9,4
DA:11,0
DA:16,2
DA:17,2
DA:18,2
DA:19,2
DA:21,1
DA:23,1
DA:28,4
DA:29,4
DA:30,4
DA:39,1
DA:41,3
DA:46,0
DA:48,0
DA:49,0
DA:50,0
DA:51,0
DA:53,0
DA:63,0
DA:67,0
DA:72,0
DA:73,0
DA:74,0
DA:75,0
DA:77,0
DA:79,0
DA:83,0
DA:88,0
DA:89,0
DA:90,0
DA:91,0
DA:93,0
DA:95,0
DA:97,0
DA:102,4
LF:40
LH:17
BRDA:19,0,0,1
BRDA:19,0,1,1
BRDA:51,1,0,0
BRDA:51,1,1,0
BRDA:75,2,0,0
BRDA:75,2,1,0
BRDA:91,3,0,0
BRDA:91,3,1,0
BRF:8
BRH:2
end_of_record
TN:
SF:controller\report.js
FN:5,(anonymous_0)
FN:26,(anonymous_1)
FN:41,(anonymous_2)
FN:57,(anonymous_3)
FNF:4
FNH:0
FNDA:0,(anonymous_0)
FNDA:0,(anonymous_1)
FNDA:0,(anonymous_2)
FNDA:0,(anonymous_3)
DA:1,4
DA:6,0
DA:7,0
DA:8,0
DA:10,0
DA:11,0
DA:13,0
DA:20,0
DA:22,0
DA:27,0
DA:28,0
DA:35,0
DA:37,0
DA:42,0
DA:43,0
DA:49,0
DA:51,0
DA:53,0
DA:58,0
DA:59,0
DA:60,0
DA:62,0
DA:64,0
DA:66,0
DA:71,4
LF:25
LH:2
BRDA:11,0,0,0
BRDA:11,0,1,0
BRDA:49,1,0,0
BRDA:49,1,1,0
BRDA:60,2,0,0
BRDA:60,2,1,0
BRF:6
BRH:0
end_of_record
TN:
SF:controller\user.js
FN:6,(anonymous_0)
FN:32,(anonymous_1)
FN:45,(anonymous_2)
FN:70,(anonymous_3)
FN:89,(anonymous_4)
FN:105,(anonymous_5)
FNF:6
FNH:0
FNDA:0,(anonymous_0)
FNDA:0,(anonymous_1)
FNDA:0,(anonymous_2)
FNDA:0,(anonymous_3)
FNDA:0,(anonymous_4)
FNDA:0,(anonymous_5)
DA:1,4
DA:2,4
DA:3,4
DA:7,0
DA:8,0
DA:9,0
DA:12,0
DA:13,0
DA:14,0
DA:25,0
DA:26,0
DA:28,0
DA:33,0
DA:34,0
DA:35,0
DA:38,0
DA:39,0
DA:41,0
DA:46,0
DA:47,0
DA:49,0
DA:50,0
DA:51,0
DA:52,0
DA:59,0
DA:60,0
DA:61,0
DA:62,0
DA:66,0
DA:71,0
DA:72,0
DA:73,0
DA:74,0
DA:75,0
DA:78,0
DA:79,0
DA:83,0
DA:90,0
DA:91,0
DA:92,0
DA:93,0
DA:94,0
DA:95,0
DA:96,0
DA:97,0
DA:98,0
DA:99,0
DA:101,0
DA:106,0
DA:115,0
DA:116,0
DA:117,0
DA:118,0
DA:122,0
DA:133,0
DA:134,0
DA:135,0
DA:137,0
DA:142,4
LF:59
LH:4
BRDA:8,0,0,0
BRDA:12,1,0,0
BRDA:12,1,1,0
BRDA:38,2,0,0
BRDA:38,2,1,0
BRDA:51,3,0,0
BRDA:51,3,1,0
BRDA:60,4,0,0
BRDA:60,4,1,0
BRDA:74,5,0,0
BRDA:74,5,1,0
BRDA:92,6,0,0
BRDA:92,6,1,0
BRDA:93,7,0,0
BRDA:93,7,1,0
BRDA:95,8,0,0
BRDA:95,8,1,0
BRDA:97,9,0,0
BRDA:97,9,1,0
BRF:19
BRH:0
end_of_record
TN:
SF:helper\bcryptHandler.js
FN:3,(anonymous_0)
FN:7,(anonymous_1)
FNF:2
FNH:0
FNDA:0,(anonymous_0)
FNDA:0,(anonymous_1)
DA:1,4
DA:3,4
DA:4,0
DA:7,4
DA:8,0
DA:11,4
LF:6
LH:4
BRF:0
BRH:0
end_of_record
TN:
SF:helper\errorHandler.js
FN:1,(anonymous_0)
FNF:1
FNH:1
FNDA:4,(anonymous_0)
DA:1,4
DA:2,4
DA:3,4
DA:4,4
DA:6,4
DA:10,3
DA:11,3
DA:14,4
DA:15,0
DA:16,0
DA:19,4
DA:20,0
DA:21,0
DA:24,4
DA:25,0
DA:26,0
DA:29,4
DA:30,0
DA:31,0
DA:34,4
DA:35,1
DA:36,1
DA:39,4
DA:42,4
LF:24
LH:16
BRDA:6,0,0,3
BRDA:6,0,1,1
BRDA:7,1,0,4
BRDA:7,1,1,1
BRDA:14,2,0,0
BRDA:14,2,1,4
BRDA:19,3,0,0
BRDA:19,3,1,4
BRDA:24,4,0,0
BRDA:24,4,1,4
BRDA:29,5,0,0
BRDA:29,5,1,4
BRDA:34,6,0,1
BRDA:34,6,1,3
BRF:14
BRH:10
end_of_record
TN:
SF:helper\jwtHandler.js
FN:3,(anonymous_0)
FN:7,(anonymous_1)
FNF:2
FNH:0
FNDA:0,(anonymous_0)
FNDA:0,(anonymous_1)
DA:1,4
DA:3,4
DA:4,0
DA:7,4
DA:8,0
DA:11,4
LF:6
LH:4
BRF:0
BRH:0
end_of_record
TN:
SF:middlewares\authentication.js
FN:4,(anonymous_0)
FN:22,(anonymous_1)
FNF:2
FNH:0
FNDA:0,(anonymous_0)
FNDA:0,(anonymous_1)
DA:1,4
DA:2,4
DA:4,4
DA:5,0
DA:6,0
DA:7,0
DA:9,0
DA:11,0
DA:12,0
DA:14,0
DA:16,0
DA:18,0
DA:22,4
DA:23,0
DA:24,0
DA:25,0
DA:27,0
DA:29,0
DA:30,0
DA:32,0
DA:34,0
DA:36,0
DA:40,4
LF:23
LH:5
BRDA:7,0,0,0
BRDA:7,0,1,0
BRDA:12,1,0,0
BRDA:12,1,1,0
BRDA:25,2,0,0
BRDA:25,2,1,0
BRDA:30,3,0,0
BRDA:30,3,1,0
BRF:8
BRH:0
end_of_record
TN:
SF:middlewares\multer.js
FNF:0
FNH:0
DA:1,4
DA:2,4
DA:3,4
DA:5,4
LF:4
LH:4
BRF:0
BRH:0
end_of_record
TN:
SF:models\admin.js
FN:5,(anonymous_0)
FN:12,(anonymous_1)
FN:43,(anonymous_2)
FNF:3
FNH:2
FNDA:4,(anonymous_0)
FNDA:4,(anonymous_1)
FNDA:0,(anonymous_2)
DA:2,4
DA:3,4
DA:5,4
DA:16,4
DA:43,4
DA:44,0
DA:47,4
LF:7
LH:6
BRF:0
BRH:0
end_of_record
TN:
SF:models\bid.js
FN:3,(anonymous_0)
FN:10,(anonymous_1)
FNF:2
FNH:2
FNDA:4,(anonymous_0)
FNDA:4,(anonymous_1)
DA:2,4
DA:3,4
DA:14,4
DA:28,4
LF:4
LH:4
BRF:0
BRH:0
end_of_record
TN:
SF:models\book.js
FN:5,(anonymous_0)
FN:12,(anonymous_1)
FNF:2
FNH:2
FNDA:4,(anonymous_0)
FNDA:4,(anonymous_1)
DA:4,4
DA:5,4
DA:16,4
DA:24,4
LF:4
LH:4
BRF:0
BRH:0
end_of_record
TN:
SF:models\genre.js
FN:5,(anonymous_0)
FN:12,(anonymous_1)
FNF:2
FNH:2
FNDA:4,(anonymous_0)
FNDA:4,(anonymous_1)
DA:4,4
DA:5,4
DA:16,4
DA:29,4
LF:4
LH:4
BRF:0
BRH:0
end_of_record
TN:
SF:models\index.js
FN:21,(anonymous_0)
FN:24,(anonymous_1)
FN:29,(anonymous_2)
FNF:3
FNH:3
FNDA:32,(anonymous_0)
FNDA:28,(anonymous_1)
FNDA:28,(anonymous_2)
DA:3,4
DA:4,4
DA:5,4
DA:6,4
DA:7,4
DA:8,4
DA:9,4
DA:10,4
DA:13,4
DA:14,0
DA:16,4
DA:19,4
DA:22,32
DA:25,28
DA:26,28
DA:29,4
DA:30,28
DA:31,28
DA:35,4
DA:36,4
DA:38,4
LF:21
LH:20
BRDA:8,0,0,4
BRDA:8,0,1,0
BRDA:13,1,0,0
BRDA:13,1,1,4
BRDA:22,2,0,32
BRDA:22,2,1,32
BRDA:22,2,2,28
BRDA:30,3,0,28
BRDA:30,3,1,0
BRF:9
BRH:6
end_of_record
TN:
SF:models\post.js
FN:3,(anonymous_0)
FN:10,(anonymous_1)
FNF:2
FNH:2
FNDA:4,(anonymous_0)
FNDA:4,(anonymous_1)
DA:2,4
DA:3,4
DA:14,4
DA:49,4
LF:4
LH:4
BRF:0
BRH:0
end_of_record
TN:
SF:models\report.js
FN:3,(anonymous_0)
FN:10,(anonymous_1)
FNF:2
FNH:2
FNDA:4,(anonymous_0)
FNDA:4,(anonymous_1)
DA:2,4
DA:3,4
DA:14,4
DA:41,4
LF:4
LH:4
BRF:0
BRH:0
end_of_record
TN:
SF:models\user.js
FN:4,(anonymous_0)
FN:11,(anonymous_1)
FN:76,(anonymous_2)
FNF:3
FNH:2
FNDA:4,(anonymous_0)
FNDA:4,(anonymous_1)
FNDA:0,(anonymous_2)
DA:2,4
DA:3,4
DA:4,4
DA:15,4
DA:76,4
DA:77,0
DA:79,4
LF:7
LH:6
BRF:0
BRH:0
end_of_record
TN:
SF:routes\admin.js
FNF:0
FNH:0
DA:1,4
DA:2,4
DA:4,4
DA:5,4
DA:6,4
DA:9,4
DA:10,4
DA:18,4
DA:19,4
DA:22,4
DA:23,4
DA:24,4
DA:26,4
LF:13
LH:13
BRF:0
BRH:0
end_of_record
TN:
SF:routes\bidRoutes.js
FNF:0
FNH:0
DA:1,4
DA:3,4
DA:5,4
DA:6,4
DA:7,4
DA:8,4
DA:9,4
DA:11,4
LF:8
LH:8
BRF:0
BRH:0
end_of_record
TN:
SF:routes\bookRoutes.js
FNF:0
FNH:0
DA:1,4
DA:3,4
DA:5,4
DA:6,4
DA:8,4
LF:5
LH:5
BRF:0
BRH:0
end_of_record
TN:
SF:routes\index.js
FN:8,(anonymous_0)
FNF:1
FNH:0
FNDA:0,(anonymous_0)
DA:1,4
DA:2,4
DA:3,4
DA:4,4
DA:5,4
DA:6,4
DA:8,4
DA:9,0
DA:12,4
DA:16,4
DA:17,4
DA:18,4
DA:19,4
DA:21,4
LF:14
LH:13
BRF:0
BRH:0
end_of_record
TN:
SF:routes\post.js
FNF:0
FNH:0
DA:1,4
DA:2,4
DA:3,4
DA:5,4
DA:6,4
DA:7,4
DA:8,4
DA:9,4
DA:10,4
DA:12,4
LF:10
LH:10
BRF:0
BRH:0
end_of_record
TN:
SF:routes\userRoutes.js
FNF:0
FNH:0
DA:4,4
DA:6,4
DA:8,4
DA:9,4
DA:10,4
DA:11,4
DA:12,4
DA:14,4
DA:16,4
LF:9
LH:9
BRF:0
BRH:0
end_of_record
