{"D:\\Hactiv8\\p3\\FinalProject\\project-backend\\app.js": {"path":"D:\\Hactiv8\\p3\\FinalProject\\project-backend\\app.js","statementMap":{"0":{"start":{"line":1,"column":0},"end":{"line":3,"column":1}},"1":{"start":{"line":2,"column":2},"end":{"line":2,"column":29}},"2":{"start":{"line":4,"column":16},"end":{"line":4,"column":34}},"3":{"start":{"line":5,"column":13},"end":{"line":5,"column":28}},"4":{"start":{"line":6,"column":15},"end":{"line":6,"column":34}},"5":{"start":{"line":7,"column":29},"end":{"line":7,"column":61}},"6":{"start":{"line":8,"column":12},"end":{"line":8,"column":21}},"7":{"start":{"line":9,"column":13},"end":{"line":9,"column":37}},"8":{"start":{"line":11,"column":0},"end":{"line":11,"column":16}},"9":{"start":{"line":12,"column":0},"end":{"line":12,"column":24}},"10":{"start":{"line":13,"column":0},"end":{"line":13,"column":49}},"11":{"start":{"line":15,"column":0},"end":{"line":15,"column":16}},"12":{"start":{"line":16,"column":0},"end":{"line":16,"column":26}},"13":{"start":{"line":17,"column":0},"end":{"line":17,"column":21}}},"fnMap":{},"branchMap":{"0":{"loc":{"start":{"line":1,"column":0},"end":{"line":3,"column":1}},"type":"if","locations":[{"start":{"line":1,"column":0},"end":{"line":3,"column":1}},{"start":{},"end":{}}],"line":1},"1":{"loc":{"start":{"line":9,"column":13},"end":{"line":9,"column":37}},"type":"binary-expr","locations":[{"start":{"line":9,"column":13},"end":{"line":9,"column":29}},{"start":{"line":9,"column":33},"end":{"line":9,"column":37}}],"line":9}},"s":{"0":3,"1":3,"2":3,"3":3,"4":3,"5":3,"6":3,"7":3,"8":3,"9":3,"10":3,"11":3,"12":3,"13":3},"f":{},"b":{"0":[3,0],"1":[3,3]},"_coverageSchema":"1a1c01bbd47fc00a2c39e90264f33305004495a9","hash":"4614b3f7567003b40a02bbc232fda1ac17842c7a"}
,"D:\\Hactiv8\\p3\\FinalProject\\project-backend\\controller\\bid.js": {"path":"D:\\Hactiv8\\p3\\FinalProject\\project-backend\\controller\\bid.js","statementMap":{"0":{"start":{"line":3,"column":4},"end":{"line":3,"column":62}},"1":{"start":{"line":7,"column":19},"end":{"line":7,"column":29}},"2":{"start":{"line":8,"column":4},"end":{"line":8,"column":73}},"3":{"start":{"line":12,"column":4},"end":{"line":12,"column":63}},"4":{"start":{"line":16,"column":19},"end":{"line":16,"column":29}},"5":{"start":{"line":17,"column":4},"end":{"line":17,"column":74}},"6":{"start":{"line":21,"column":19},"end":{"line":21,"column":29}},"7":{"start":{"line":22,"column":4},"end":{"line":22,"column":76}},"8":{"start":{"line":26,"column":0},"end":{"line":26,"column":31}}},"fnMap":{"0":{"name":"(anonymous_0)","decl":{"start":{"line":2,"column":2},"end":{"line":2,"column":3}},"loc":{"start":{"line":2,"column":36},"end":{"line":4,"column":3}},"line":2},"1":{"name":"(anonymous_1)","decl":{"start":{"line":6,"column":2},"end":{"line":6,"column":3}},"loc":{"start":{"line":6,"column":36},"end":{"line":9,"column":3}},"line":6},"2":{"name":"(anonymous_2)","decl":{"start":{"line":11,"column":2},"end":{"line":11,"column":3}},"loc":{"start":{"line":11,"column":32},"end":{"line":13,"column":3}},"line":11},"3":{"name":"(anonymous_3)","decl":{"start":{"line":15,"column":2},"end":{"line":15,"column":3}},"loc":{"start":{"line":15,"column":39},"end":{"line":18,"column":3}},"line":15},"4":{"name":"(anonymous_4)","decl":{"start":{"line":20,"column":2},"end":{"line":20,"column":3}},"loc":{"start":{"line":20,"column":39},"end":{"line":23,"column":3}},"line":20}},"branchMap":{},"s":{"0":1,"1":1,"2":1,"3":1,"4":1,"5":1,"6":1,"7":1,"8":3},"f":{"0":1,"1":1,"2":1,"3":1,"4":1},"b":{},"_coverageSchema":"1a1c01bbd47fc00a2c39e90264f33305004495a9","hash":"5bea12275d25cfae78e951e3e41e035c316defd5"}
,"D:\\Hactiv8\\p3\\FinalProject\\project-backend\\controller\\book.js": {"path":"D:\\Hactiv8\\p3\\FinalProject\\project-backend\\controller\\book.js","statementMap":{"0":{"start":{"line":3,"column":4},"end":{"line":3,"column":63}},"1":{"start":{"line":7,"column":23},"end":{"line":7,"column":33}},"2":{"start":{"line":8,"column":4},"end":{"line":8,"column":78}},"3":{"start":{"line":12,"column":0},"end":{"line":12,"column":32}}},"fnMap":{"0":{"name":"(anonymous_0)","decl":{"start":{"line":2,"column":2},"end":{"line":2,"column":3}},"loc":{"start":{"line":2,"column":37},"end":{"line":4,"column":3}},"line":2},"1":{"name":"(anonymous_1)","decl":{"start":{"line":6,"column":2},"end":{"line":6,"column":3}},"loc":{"start":{"line":6,"column":37},"end":{"line":9,"column":3}},"line":6}},"branchMap":{},"s":{"0":1,"1":1,"2":1,"3":3},"f":{"0":1,"1":1},"b":{},"_coverageSchema":"1a1c01bbd47fc00a2c39e90264f33305004495a9","hash":"bd3c17a8acf4257651f3c4d89e6678c156238f7c"}
,"D:\\Hactiv8\\p3\\FinalProject\\project-backend\\controller\\user.js": {"path":"D:\\Hactiv8\\p3\\FinalProject\\project-backend\\controller\\user.js","statementMap":{"0":{"start":{"line":1,"column":29},"end":{"line":1,"column":63}},"1":{"start":{"line":2,"column":21},"end":{"line":2,"column":52}},"2":{"start":{"line":3,"column":39},"end":{"line":3,"column":59}},"3":{"start":{"line":7,"column":4},"end":{"line":31,"column":5}},"4":{"start":{"line":8,"column":44},"end":{"line":8,"column":53}},"5":{"start":{"line":9,"column":26},"end":{"line":11,"column":7}},"6":{"start":{"line":12,"column":6},"end":{"line":26,"column":7}},"7":{"start":{"line":13,"column":38},"end":{"line":13,"column":57}},"8":{"start":{"line":14,"column":8},"end":{"line":14,"column":56}},"9":{"start":{"line":14,"column":23},"end":{"line":14,"column":56}},"10":{"start":{"line":15,"column":8},"end":{"line":15,"column":58}},"11":{"start":{"line":15,"column":24},"end":{"line":15,"column":58}},"12":{"start":{"line":16,"column":8},"end":{"line":25,"column":10}},"13":{"start":{"line":27,"column":19},"end":{"line":27,"column":50}},"14":{"start":{"line":28,"column":6},"end":{"line":28,"column":33}},"15":{"start":{"line":30,"column":6},"end":{"line":30,"column":18}},"16":{"start":{"line":35,"column":19},"end":{"line":35,"column":29}},"17":{"start":{"line":36,"column":4},"end":{"line":44,"column":5}},"18":{"start":{"line":37,"column":19},"end":{"line":39,"column":8}},"19":{"start":{"line":40,"column":6},"end":{"line":40,"column":45}},"20":{"start":{"line":40,"column":17},"end":{"line":40,"column":45}},"21":{"start":{"line":41,"column":6},"end":{"line":41,"column":33}},"22":{"start":{"line":43,"column":6},"end":{"line":43,"column":18}},"23":{"start":{"line":48,"column":4},"end":{"line":64,"column":5}},"24":{"start":{"line":49,"column":21},"end":{"line":49,"column":31}},"25":{"start":{"line":50,"column":65},"end":{"line":50,"column":73}},"26":{"start":{"line":51,"column":19},"end":{"line":51,"column":56}},"27":{"start":{"line":52,"column":6},"end":{"line":52,"column":45}},"28":{"start":{"line":52,"column":17},"end":{"line":52,"column":45}},"29":{"start":{"line":53,"column":6},"end":{"line":58,"column":9}},"30":{"start":{"line":59,"column":6},"end":{"line":61,"column":72}},"31":{"start":{"line":63,"column":6},"end":{"line":63,"column":18}},"32":{"start":{"line":68,"column":4},"end":{"line":81,"column":5}},"33":{"start":{"line":69,"column":21},"end":{"line":69,"column":31}},"34":{"start":{"line":70,"column":19},"end":{"line":70,"column":42}},"35":{"start":{"line":71,"column":6},"end":{"line":71,"column":45}},"36":{"start":{"line":71,"column":17},"end":{"line":71,"column":45}},"37":{"start":{"line":72,"column":6},"end":{"line":74,"column":9}},"38":{"start":{"line":75,"column":6},"end":{"line":75,"column":24}},"39":{"start":{"line":76,"column":6},"end":{"line":78,"column":9}},"40":{"start":{"line":80,"column":6},"end":{"line":80,"column":18}},"41":{"start":{"line":87,"column":4},"end":{"line":99,"column":5}},"42":{"start":{"line":88,"column":34},"end":{"line":88,"column":42}},"43":{"start":{"line":89,"column":6},"end":{"line":89,"column":48}},"44":{"start":{"line":89,"column":18},"end":{"line":89,"column":48}},"45":{"start":{"line":90,"column":6},"end":{"line":90,"column":54}},"46":{"start":{"line":90,"column":21},"end":{"line":90,"column":54}},"47":{"start":{"line":91,"column":19},"end":{"line":91,"column":59}},"48":{"start":{"line":92,"column":6},"end":{"line":92,"column":56}},"49":{"start":{"line":92,"column":17},"end":{"line":92,"column":56}},"50":{"start":{"line":93,"column":28},"end":{"line":93,"column":69}},"51":{"start":{"line":94,"column":6},"end":{"line":94,"column":65}},"52":{"start":{"line":94,"column":26},"end":{"line":94,"column":65}},"53":{"start":{"line":95,"column":27},"end":{"line":95,"column":71}},"54":{"start":{"line":96,"column":6},"end":{"line":96,"column":45}},"55":{"start":{"line":98,"column":6},"end":{"line":98,"column":18}},"56":{"start":{"line":103,"column":4},"end":{"line":135,"column":5}},"57":{"start":{"line":112,"column":10},"end":{"line":112,"column":18}},"58":{"start":{"line":113,"column":24},"end":{"line":113,"column":42}},"59":{"start":{"line":114,"column":23},"end":{"line":114,"column":42}},"60":{"start":{"line":115,"column":27},"end":{"line":118,"column":7}},"61":{"start":{"line":119,"column":19},"end":{"line":129,"column":8}},"62":{"start":{"line":130,"column":29},"end":{"line":130,"column":33}},"63":{"start":{"line":131,"column":56},"end":{"line":131,"column":66}},"64":{"start":{"line":132,"column":6},"end":{"line":132,"column":37}},"65":{"start":{"line":134,"column":6},"end":{"line":134,"column":18}},"66":{"start":{"line":139,"column":0},"end":{"line":139,"column":66}}},"fnMap":{"0":{"name":"(anonymous_0)","decl":{"start":{"line":6,"column":2},"end":{"line":6,"column":3}},"loc":{"start":{"line":6,"column":43},"end":{"line":32,"column":3}},"line":6},"1":{"name":"(anonymous_1)","decl":{"start":{"line":34,"column":2},"end":{"line":34,"column":3}},"loc":{"start":{"line":34,"column":43},"end":{"line":45,"column":3}},"line":34},"2":{"name":"(anonymous_2)","decl":{"start":{"line":47,"column":2},"end":{"line":47,"column":3}},"loc":{"start":{"line":47,"column":47},"end":{"line":65,"column":3}},"line":47},"3":{"name":"(anonymous_3)","decl":{"start":{"line":67,"column":2},"end":{"line":67,"column":3}},"loc":{"start":{"line":67,"column":50},"end":{"line":82,"column":3}},"line":67},"4":{"name":"(anonymous_4)","decl":{"start":{"line":86,"column":2},"end":{"line":86,"column":3}},"loc":{"start":{"line":86,"column":41},"end":{"line":100,"column":3}},"line":86},"5":{"name":"(anonymous_5)","decl":{"start":{"line":102,"column":2},"end":{"line":102,"column":3}},"loc":{"start":{"line":102,"column":44},"end":{"line":136,"column":3}},"line":102}},"branchMap":{"0":{"loc":{"start":{"line":8,"column":24},"end":{"line":8,"column":39}},"type":"default-arg","locations":[{"start":{"line":8,"column":35},"end":{"line":8,"column":39}}],"line":8},"1":{"loc":{"start":{"line":12,"column":6},"end":{"line":26,"column":7}},"type":"if","locations":[{"start":{"line":12,"column":6},"end":{"line":26,"column":7}},{"start":{},"end":{}}],"line":12},"2":{"loc":{"start":{"line":14,"column":8},"end":{"line":14,"column":56}},"type":"if","locations":[{"start":{"line":14,"column":8},"end":{"line":14,"column":56}},{"start":{},"end":{}}],"line":14},"3":{"loc":{"start":{"line":15,"column":8},"end":{"line":15,"column":58}},"type":"if","locations":[{"start":{"line":15,"column":8},"end":{"line":15,"column":58}},{"start":{},"end":{}}],"line":15},"4":{"loc":{"start":{"line":40,"column":6},"end":{"line":40,"column":45}},"type":"if","locations":[{"start":{"line":40,"column":6},"end":{"line":40,"column":45}},{"start":{},"end":{}}],"line":40},"5":{"loc":{"start":{"line":52,"column":6},"end":{"line":52,"column":45}},"type":"if","locations":[{"start":{"line":52,"column":6},"end":{"line":52,"column":45}},{"start":{},"end":{}}],"line":52},"6":{"loc":{"start":{"line":71,"column":6},"end":{"line":71,"column":45}},"type":"if","locations":[{"start":{"line":71,"column":6},"end":{"line":71,"column":45}},{"start":{},"end":{}}],"line":71},"7":{"loc":{"start":{"line":89,"column":6},"end":{"line":89,"column":48}},"type":"if","locations":[{"start":{"line":89,"column":6},"end":{"line":89,"column":48}},{"start":{},"end":{}}],"line":89},"8":{"loc":{"start":{"line":90,"column":6},"end":{"line":90,"column":54}},"type":"if","locations":[{"start":{"line":90,"column":6},"end":{"line":90,"column":54}},{"start":{},"end":{}}],"line":90},"9":{"loc":{"start":{"line":92,"column":6},"end":{"line":92,"column":56}},"type":"if","locations":[{"start":{"line":92,"column":6},"end":{"line":92,"column":56}},{"start":{},"end":{}}],"line":92},"10":{"loc":{"start":{"line":94,"column":6},"end":{"line":94,"column":65}},"type":"if","locations":[{"start":{"line":94,"column":6},"end":{"line":94,"column":65}},{"start":{},"end":{}}],"line":94}},"s":{"0":3,"1":3,"2":3,"3":4,"4":4,"5":4,"6":4,"7":3,"8":3,"9":1,"10":2,"11":1,"12":1,"13":2,"14":2,"15":2,"16":2,"17":2,"18":2,"19":2,"20":1,"21":1,"22":1,"23":2,"24":2,"25":2,"26":2,"27":2,"28":1,"29":1,"30":1,"31":1,"32":2,"33":2,"34":2,"35":2,"36":1,"37":1,"38":1,"39":1,"40":1,"41":4,"42":4,"43":4,"44":1,"45":3,"46":1,"47":2,"48":2,"49":0,"50":2,"51":2,"52":1,"53":1,"54":1,"55":3,"56":7,"57":7,"58":7,"59":7,"60":7,"61":7,"62":1,"63":1,"64":1,"65":6,"66":3},"f":{"0":4,"1":2,"2":2,"3":2,"4":4,"5":7},"b":{"0":[1],"1":[3,1],"2":[1,2],"3":[1,1],"4":[1,1],"5":[1,1],"6":[1,1],"7":[1,3],"8":[1,2],"9":[0,2],"10":[1,1]},"_coverageSchema":"1a1c01bbd47fc00a2c39e90264f33305004495a9","hash":"9808ae6a41c5a39946d7aa9ad29e3ee4502f5f3d"}
,"D:\\Hactiv8\\p3\\FinalProject\\project-backend\\helper\\bcryptHandler.js": {"path":"D:\\Hactiv8\\p3\\FinalProject\\project-backend\\helper\\bcryptHandler.js","statementMap":{"0":{"start":{"line":1,"column":17},"end":{"line":1,"column":36}},"1":{"start":{"line":3,"column":22},"end":{"line":5,"column":1}},"2":{"start":{"line":4,"column":2},"end":{"line":4,"column":34}},"3":{"start":{"line":7,"column":25},"end":{"line":9,"column":1}},"4":{"start":{"line":8,"column":2},"end":{"line":8,"column":53}},"5":{"start":{"line":11,"column":0},"end":{"line":11,"column":53}}},"fnMap":{"0":{"name":"(anonymous_0)","decl":{"start":{"line":3,"column":22},"end":{"line":3,"column":23}},"loc":{"start":{"line":3,"column":33},"end":{"line":5,"column":1}},"line":3},"1":{"name":"(anonymous_1)","decl":{"start":{"line":7,"column":25},"end":{"line":7,"column":26}},"loc":{"start":{"line":7,"column":52},"end":{"line":9,"column":1}},"line":7}},"branchMap":{},"s":{"0":3,"1":3,"2":6,"3":3,"4":2,"5":3},"f":{"0":6,"1":2},"b":{},"_coverageSchema":"1a1c01bbd47fc00a2c39e90264f33305004495a9","hash":"2b4da9f69b6be91331a76c59ce345d04dc9de8b5"}
,"D:\\Hactiv8\\p3\\FinalProject\\project-backend\\helper\\errorHandler.js": {"path":"D:\\Hactiv8\\p3\\FinalProject\\project-backend\\helper\\errorHandler.js","statementMap":{"0":{"start":{"line":1,"column":25},"end":{"line":45,"column":1}},"1":{"start":{"line":3,"column":13},"end":{"line":3,"column":16}},"2":{"start":{"line":4,"column":16},"end":{"line":4,"column":39}},"3":{"start":{"line":6,"column":2},"end":{"line":12,"column":3}},"4":{"start":{"line":10,"column":4},"end":{"line":10,"column":15}},"5":{"start":{"line":11,"column":4},"end":{"line":11,"column":36}},"6":{"start":{"line":14,"column":2},"end":{"line":17,"column":3}},"7":{"start":{"line":15,"column":4},"end":{"line":15,"column":15}},"8":{"start":{"line":16,"column":4},"end":{"line":16,"column":31}},"9":{"start":{"line":19,"column":2},"end":{"line":22,"column":3}},"10":{"start":{"line":20,"column":4},"end":{"line":20,"column":15}},"11":{"start":{"line":21,"column":4},"end":{"line":21,"column":44}},"12":{"start":{"line":24,"column":2},"end":{"line":27,"column":3}},"13":{"start":{"line":25,"column":4},"end":{"line":25,"column":15}},"14":{"start":{"line":26,"column":4},"end":{"line":26,"column":47}},"15":{"start":{"line":29,"column":2},"end":{"line":32,"column":3}},"16":{"start":{"line":30,"column":4},"end":{"line":30,"column":15}},"17":{"start":{"line":31,"column":4},"end":{"line":31,"column":40}},"18":{"start":{"line":34,"column":2},"end":{"line":37,"column":3}},"19":{"start":{"line":35,"column":4},"end":{"line":35,"column":15}},"20":{"start":{"line":36,"column":4},"end":{"line":36,"column":47}},"21":{"start":{"line":39,"column":2},"end":{"line":42,"column":3}},"22":{"start":{"line":40,"column":4},"end":{"line":40,"column":15}},"23":{"start":{"line":41,"column":4},"end":{"line":41,"column":48}},"24":{"start":{"line":44,"column":2},"end":{"line":44,"column":37}},"25":{"start":{"line":47,"column":0},"end":{"line":47,"column":38}}},"fnMap":{"0":{"name":"(anonymous_0)","decl":{"start":{"line":1,"column":25},"end":{"line":1,"column":26}},"loc":{"start":{"line":1,"column":50},"end":{"line":45,"column":1}},"line":1}},"branchMap":{"0":{"loc":{"start":{"line":6,"column":2},"end":{"line":12,"column":3}},"type":"if","locations":[{"start":{"line":6,"column":2},"end":{"line":12,"column":3}},{"start":{},"end":{}}],"line":6},"1":{"loc":{"start":{"line":7,"column":4},"end":{"line":8,"column":49}},"type":"binary-expr","locations":[{"start":{"line":7,"column":4},"end":{"line":7,"column":43}},{"start":{"line":8,"column":4},"end":{"line":8,"column":49}}],"line":7},"2":{"loc":{"start":{"line":14,"column":2},"end":{"line":17,"column":3}},"type":"if","locations":[{"start":{"line":14,"column":2},"end":{"line":17,"column":3}},{"start":{},"end":{}}],"line":14},"3":{"loc":{"start":{"line":19,"column":2},"end":{"line":22,"column":3}},"type":"if","locations":[{"start":{"line":19,"column":2},"end":{"line":22,"column":3}},{"start":{},"end":{}}],"line":19},"4":{"loc":{"start":{"line":24,"column":2},"end":{"line":27,"column":3}},"type":"if","locations":[{"start":{"line":24,"column":2},"end":{"line":27,"column":3}},{"start":{},"end":{}}],"line":24},"5":{"loc":{"start":{"line":29,"column":2},"end":{"line":32,"column":3}},"type":"if","locations":[{"start":{"line":29,"column":2},"end":{"line":32,"column":3}},{"start":{},"end":{}}],"line":29},"6":{"loc":{"start":{"line":34,"column":2},"end":{"line":37,"column":3}},"type":"if","locations":[{"start":{"line":34,"column":2},"end":{"line":37,"column":3}},{"start":{},"end":{}}],"line":34},"7":{"loc":{"start":{"line":39,"column":2},"end":{"line":42,"column":3}},"type":"if","locations":[{"start":{"line":39,"column":2},"end":{"line":42,"column":3}},{"start":{},"end":{}}],"line":39}},"s":{"0":3,"1":14,"2":14,"3":14,"4":6,"5":6,"6":14,"7":3,"8":3,"9":14,"10":1,"11":1,"12":14,"13":1,"14":1,"15":14,"16":1,"17":1,"18":14,"19":1,"20":1,"21":14,"22":1,"23":1,"24":14,"25":3},"f":{"0":14},"b":{"0":[6,8],"1":[14,9],"2":[3,11],"3":[1,13],"4":[1,13],"5":[1,13],"6":[1,13],"7":[1,13]},"_coverageSchema":"1a1c01bbd47fc00a2c39e90264f33305004495a9","hash":"73c3b518b9a0134d120198775e12a6e412fced40"}
,"D:\\Hactiv8\\p3\\FinalProject\\project-backend\\helper\\jwtHandler.js": {"path":"D:\\Hactiv8\\p3\\FinalProject\\project-backend\\helper\\jwtHandler.js","statementMap":{"0":{"start":{"line":1,"column":12},"end":{"line":1,"column":35}},"1":{"start":{"line":3,"column":17},"end":{"line":5,"column":1}},"2":{"start":{"line":4,"column":2},"end":{"line":4,"column":55}},"3":{"start":{"line":7,"column":19},"end":{"line":9,"column":1}},"4":{"start":{"line":8,"column":2},"end":{"line":8,"column":55}},"5":{"start":{"line":11,"column":0},"end":{"line":11,"column":42}}},"fnMap":{"0":{"name":"(anonymous_0)","decl":{"start":{"line":3,"column":17},"end":{"line":3,"column":18}},"loc":{"start":{"line":3,"column":30},"end":{"line":5,"column":1}},"line":3},"1":{"name":"(anonymous_1)","decl":{"start":{"line":7,"column":19},"end":{"line":7,"column":20}},"loc":{"start":{"line":7,"column":30},"end":{"line":9,"column":1}},"line":7}},"branchMap":{},"s":{"0":3,"1":3,"2":1,"3":3,"4":0,"5":3},"f":{"0":1,"1":0},"b":{},"_coverageSchema":"1a1c01bbd47fc00a2c39e90264f33305004495a9","hash":"2bb36530c6681aed122947e2546a2b1a8bdc4d3b"}
,"D:\\Hactiv8\\p3\\FinalProject\\project-backend\\models\\index.js": {"path":"D:\\Hactiv8\\p3\\FinalProject\\project-backend\\models\\index.js","statementMap":{"0":{"start":{"line":3,"column":11},"end":{"line":3,"column":24}},"1":{"start":{"line":4,"column":13},"end":{"line":4,"column":28}},"2":{"start":{"line":5,"column":18},"end":{"line":5,"column":38}},"3":{"start":{"line":6,"column":16},"end":{"line":6,"column":34}},"4":{"start":{"line":7,"column":17},"end":{"line":7,"column":42}},"5":{"start":{"line":8,"column":12},"end":{"line":8,"column":49}},"6":{"start":{"line":9,"column":15},"end":{"line":9,"column":65}},"7":{"start":{"line":10,"column":11},"end":{"line":10,"column":13}},"8":{"start":{"line":13,"column":0},"end":{"line":17,"column":1}},"9":{"start":{"line":14,"column":2},"end":{"line":14,"column":74}},"10":{"start":{"line":16,"column":2},"end":{"line":16,"column":87}},"11":{"start":{"line":19,"column":0},"end":{"line":32,"column":5}},"12":{"start":{"line":22,"column":4},"end":{"line":27,"column":6}},"13":{"start":{"line":30,"column":18},"end":{"line":30,"column":85}},"14":{"start":{"line":31,"column":4},"end":{"line":31,"column":27}},"15":{"start":{"line":34,"column":0},"end":{"line":38,"column":3}},"16":{"start":{"line":35,"column":2},"end":{"line":37,"column":3}},"17":{"start":{"line":36,"column":4},"end":{"line":36,"column":32}},"18":{"start":{"line":40,"column":0},"end":{"line":40,"column":25}},"19":{"start":{"line":41,"column":0},"end":{"line":41,"column":25}},"20":{"start":{"line":43,"column":0},"end":{"line":43,"column":20}}},"fnMap":{"0":{"name":"(anonymous_0)","decl":{"start":{"line":21,"column":10},"end":{"line":21,"column":11}},"loc":{"start":{"line":21,"column":18},"end":{"line":28,"column":3}},"line":21},"1":{"name":"(anonymous_1)","decl":{"start":{"line":29,"column":11},"end":{"line":29,"column":12}},"loc":{"start":{"line":29,"column":19},"end":{"line":32,"column":3}},"line":29},"2":{"name":"(anonymous_2)","decl":{"start":{"line":34,"column":24},"end":{"line":34,"column":25}},"loc":{"start":{"line":34,"column":37},"end":{"line":38,"column":1}},"line":34}},"branchMap":{"0":{"loc":{"start":{"line":8,"column":12},"end":{"line":8,"column":49}},"type":"binary-expr","locations":[{"start":{"line":8,"column":12},"end":{"line":8,"column":32}},{"start":{"line":8,"column":36},"end":{"line":8,"column":49}}],"line":8},"1":{"loc":{"start":{"line":13,"column":0},"end":{"line":17,"column":1}},"type":"if","locations":[{"start":{"line":13,"column":0},"end":{"line":17,"column":1}},{"start":{"line":15,"column":7},"end":{"line":17,"column":1}}],"line":13},"2":{"loc":{"start":{"line":23,"column":6},"end":{"line":26,"column":37}},"type":"binary-expr","locations":[{"start":{"line":23,"column":6},"end":{"line":23,"column":29}},{"start":{"line":24,"column":6},"end":{"line":24,"column":23}},{"start":{"line":25,"column":6},"end":{"line":25,"column":30}},{"start":{"line":26,"column":6},"end":{"line":26,"column":37}}],"line":23},"3":{"loc":{"start":{"line":35,"column":2},"end":{"line":37,"column":3}},"type":"if","locations":[{"start":{"line":35,"column":2},"end":{"line":37,"column":3}},{"start":{},"end":{}}],"line":35}},"s":{"0":3,"1":3,"2":3,"3":3,"4":3,"5":3,"6":3,"7":3,"8":3,"9":0,"10":3,"11":3,"12":6,"13":3,"14":3,"15":3,"16":3,"17":3,"18":3,"19":3,"20":3},"f":{"0":6,"1":3,"2":3},"b":{"0":[3,0],"1":[0,3],"2":[6,6,3,3],"3":[3,0]},"_coverageSchema":"1a1c01bbd47fc00a2c39e90264f33305004495a9","hash":"df37d35b192f754f6948d598ccc74ddd984da1ba"}
,"D:\\Hactiv8\\p3\\FinalProject\\project-backend\\models\\user.js": {"path":"D:\\Hactiv8\\p3\\FinalProject\\project-backend\\models\\user.js","statementMap":{"0":{"start":{"line":2,"column":18},"end":{"line":2,"column":38}},"1":{"start":{"line":3,"column":26},"end":{"line":3,"column":60}},"2":{"start":{"line":4,"column":0},"end":{"line":80,"column":2}},"3":{"start":{"line":15,"column":2},"end":{"line":75,"column":4}},"4":{"start":{"line":76,"column":2},"end":{"line":78,"column":5}},"5":{"start":{"line":77,"column":4},"end":{"line":77,"column":57}},"6":{"start":{"line":79,"column":2},"end":{"line":79,"column":14}}},"fnMap":{"0":{"name":"(anonymous_0)","decl":{"start":{"line":4,"column":17},"end":{"line":4,"column":18}},"loc":{"start":{"line":4,"column":43},"end":{"line":80,"column":1}},"line":4},"1":{"name":"(anonymous_1)","decl":{"start":{"line":11,"column":4},"end":{"line":11,"column":5}},"loc":{"start":{"line":11,"column":29},"end":{"line":13,"column":5}},"line":11},"2":{"name":"(anonymous_2)","decl":{"start":{"line":76,"column":20},"end":{"line":76,"column":21}},"loc":{"start":{"line":76,"column":34},"end":{"line":78,"column":3}},"line":76}},"branchMap":{},"s":{"0":3,"1":3,"2":3,"3":3,"4":3,"5":2,"6":3},"f":{"0":3,"1":3,"2":2},"b":{},"_coverageSchema":"1a1c01bbd47fc00a2c39e90264f33305004495a9","hash":"6255ea885a2eadef7601351c87c57e73c9dcd2a5"}
,"D:\\Hactiv8\\p3\\FinalProject\\project-backend\\routes\\bidRoutes.js": {"path":"D:\\Hactiv8\\p3\\FinalProject\\project-backend\\routes\\bidRoutes.js","statementMap":{"0":{"start":{"line":1,"column":22},"end":{"line":1,"column":50}},"1":{"start":{"line":3,"column":18},"end":{"line":3,"column":45}},"2":{"start":{"line":5,"column":0},"end":{"line":5,"column":45}},"3":{"start":{"line":6,"column":0},"end":{"line":6,"column":48}},"4":{"start":{"line":7,"column":0},"end":{"line":7,"column":42}},"5":{"start":{"line":8,"column":0},"end":{"line":8,"column":51}},"6":{"start":{"line":9,"column":0},"end":{"line":9,"column":54}},"7":{"start":{"line":11,"column":0},"end":{"line":11,"column":27}}},"fnMap":{},"branchMap":{},"s":{"0":3,"1":3,"2":3,"3":3,"4":3,"5":3,"6":3,"7":3},"f":{},"b":{},"_coverageSchema":"1a1c01bbd47fc00a2c39e90264f33305004495a9","hash":"6293b24ef4e065f66cc8d926f01ac543b0969249"}
,"D:\\Hactiv8\\p3\\FinalProject\\project-backend\\routes\\bookRoutes.js": {"path":"D:\\Hactiv8\\p3\\FinalProject\\project-backend\\routes\\bookRoutes.js","statementMap":{"0":{"start":{"line":1,"column":23},"end":{"line":1,"column":52}},"1":{"start":{"line":3,"column":19},"end":{"line":3,"column":46}},"2":{"start":{"line":5,"column":0},"end":{"line":5,"column":48}},"3":{"start":{"line":6,"column":0},"end":{"line":6,"column":55}},"4":{"start":{"line":8,"column":0},"end":{"line":8,"column":28}}},"fnMap":{},"branchMap":{},"s":{"0":3,"1":3,"2":3,"3":3,"4":3},"f":{},"b":{},"_coverageSchema":"1a1c01bbd47fc00a2c39e90264f33305004495a9","hash":"3985748eb336e3a033c405378f26d29b5663677f"}
,"D:\\Hactiv8\\p3\\FinalProject\\project-backend\\routes\\index.js": {"path":"D:\\Hactiv8\\p3\\FinalProject\\project-backend\\routes\\index.js","statementMap":{"0":{"start":{"line":1,"column":18},"end":{"line":1,"column":40}},"1":{"start":{"line":2,"column":19},"end":{"line":2,"column":42}},"2":{"start":{"line":3,"column":19},"end":{"line":3,"column":42}},"3":{"start":{"line":5,"column":15},"end":{"line":5,"column":42}},"4":{"start":{"line":7,"column":0},"end":{"line":9,"column":3}},"5":{"start":{"line":8,"column":2},"end":{"line":8,"column":42}},"6":{"start":{"line":11,"column":0},"end":{"line":11,"column":33}},"7":{"start":{"line":12,"column":0},"end":{"line":12,"column":33}},"8":{"start":{"line":13,"column":0},"end":{"line":13,"column":31}},"9":{"start":{"line":15,"column":0},"end":{"line":15,"column":24}}},"fnMap":{"0":{"name":"(anonymous_0)","decl":{"start":{"line":7,"column":16},"end":{"line":7,"column":17}},"loc":{"start":{"line":7,"column":30},"end":{"line":9,"column":1}},"line":7}},"branchMap":{},"s":{"0":3,"1":3,"2":3,"3":3,"4":3,"5":1,"6":3,"7":3,"8":3,"9":3},"f":{"0":1},"b":{},"_coverageSchema":"1a1c01bbd47fc00a2c39e90264f33305004495a9","hash":"7c4189bbbcf3b651dab30bb1a6853684c36d2032"}
,"D:\\Hactiv8\\p3\\FinalProject\\project-backend\\routes\\userRoutes.js": {"path":"D:\\Hactiv8\\p3\\FinalProject\\project-backend\\routes\\userRoutes.js","statementMap":{"0":{"start":{"line":4,"column":4},"end":{"line":4,"column":33}},"1":{"start":{"line":6,"column":19},"end":{"line":6,"column":46}},"2":{"start":{"line":8,"column":0},"end":{"line":8,"column":48}},"3":{"start":{"line":9,"column":0},"end":{"line":9,"column":51}},"4":{"start":{"line":10,"column":0},"end":{"line":10,"column":66}},"5":{"start":{"line":11,"column":0},"end":{"line":11,"column":72}},"6":{"start":{"line":12,"column":0},"end":{"line":12,"column":55}},"7":{"start":{"line":14,"column":0},"end":{"line":14,"column":60}},"8":{"start":{"line":16,"column":0},"end":{"line":16,"column":28}}},"fnMap":{},"branchMap":{},"s":{"0":3,"1":3,"2":3,"3":3,"4":3,"5":3,"6":3,"7":3,"8":3},"f":{},"b":{},"_coverageSchema":"1a1c01bbd47fc00a2c39e90264f33305004495a9","hash":"e12d90452aa958f20b1c1cec83e0dd15b07c3b91"}
}
