TN:
SF:app.js
FNF:0
FNH:0
DA:1,3
DA:2,3
DA:4,3
DA:5,3
DA:6,3
DA:7,3
DA:8,3
DA:9,3
DA:11,3
DA:12,3
DA:13,3
DA:15,3
DA:16,3
DA:17,3
LF:14
LH:14
BRDA:1,0,0,3
BRDA:1,0,1,0
BRDA:9,1,0,3
BRDA:9,1,1,3
BRF:4
BRH:3
end_of_record
TN:
SF:controller\bid.js
FN:2,(anonymous_0)
FN:6,(anonymous_1)
FN:11,(anonymous_2)
FN:15,(anonymous_3)
FN:20,(anonymous_4)
FNF:5
FNH:5
FNDA:1,(anonymous_0)
FNDA:1,(anonymous_1)
FNDA:1,(anonymous_2)
FNDA:1,(anonymous_3)
FNDA:1,(anonymous_4)
DA:3,1
DA:7,1
DA:8,1
DA:12,1
DA:16,1
DA:17,1
DA:21,1
DA:22,1
DA:26,3
LF:9
LH:9
BRF:0
BRH:0
end_of_record
TN:
SF:controller\book.js
FN:2,(anonymous_0)
FN:6,(anonymous_1)
FNF:2
FNH:2
FNDA:1,(anonymous_0)
FNDA:1,(anonymous_1)
DA:3,1
DA:7,1
DA:8,1
DA:12,3
LF:4
LH:4
BRF:0
BRH:0
end_of_record
TN:
SF:controller\user.js
FN:6,(anonymous_0)
FN:32,(anonymous_1)
FN:45,(anonymous_2)
FN:65,(anonymous_3)
FN:84,(anonymous_4)
FN:100,(anonymous_5)
FNF:6
FNH:6
FNDA:1,(anonymous_0)
FNDA:2,(anonymous_1)
FNDA:1,(anonymous_2)
FNDA:1,(anonymous_3)
FNDA:4,(anonymous_4)
FNDA:7,(anonymous_5)
DA:1,3
DA:2,3
DA:3,3
DA:7,1
DA:8,1
DA:9,1
DA:12,1
DA:13,0
DA:14,0
DA:25,1
DA:26,1
DA:28,0
DA:33,2
DA:34,2
DA:35,2
DA:38,2
DA:39,1
DA:41,1
DA:46,1
DA:47,1
DA:48,1
DA:49,1
DA:50,1
DA:51,1
DA:57,1
DA:61,0
DA:66,1
DA:67,1
DA:68,1
DA:69,1
DA:70,1
DA:73,1
DA:74,1
DA:78,0
DA:85,4
DA:86,4
DA:87,4
DA:88,3
DA:89,2
DA:90,2
DA:91,2
DA:92,2
DA:93,1
DA:94,1
DA:96,3
DA:101,7
DA:110,7
DA:111,7
DA:112,7
DA:113,7
DA:117,7
DA:128,1
DA:129,1
DA:130,1
DA:132,6
DA:137,3
LF:56
LH:51
BRDA:8,0,0,1
BRDA:12,1,0,0
BRDA:12,1,1,1
BRDA:38,2,0,1
BRDA:38,2,1,1
BRDA:50,3,0,0
BRDA:50,3,1,1
BRDA:69,4,0,0
BRDA:69,4,1,1
BRDA:87,5,0,1
BRDA:87,5,1,3
BRDA:88,6,0,1
BRDA:88,6,1,2
BRDA:90,7,0,0
BRDA:90,7,1,2
BRDA:92,8,0,1
BRDA:92,8,1,1
BRF:17
BRH:13
end_of_record
TN:
SF:helper\bcryptHandler.js
FN:3,(anonymous_0)
FN:7,(anonymous_1)
FNF:2
FNH:2
FNDA:6,(anonymous_0)
FNDA:2,(anonymous_1)
DA:1,3
DA:3,3
DA:4,6
DA:7,3
DA:8,2
DA:11,3
LF:6
LH:6
BRF:0
BRH:0
end_of_record
TN:
SF:helper\errorHandler.js
FN:1,(anonymous_0)
FNF:1
FNH:1
FNDA:10,(anonymous_0)
DA:1,3
DA:3,10
DA:4,10
DA:6,10
DA:10,6
DA:11,6
DA:14,10
DA:15,1
DA:16,1
DA:19,10
DA:20,1
DA:21,1
DA:24,10
DA:25,1
DA:26,1
DA:29,10
DA:30,1
DA:31,1
DA:34,10
DA:35,0
DA:36,0
DA:39,10
DA:42,3
LF:23
LH:21
BRDA:6,0,0,6
BRDA:6,0,1,4
BRDA:7,1,0,10
BRDA:7,1,1,5
BRDA:14,2,0,1
BRDA:14,2,1,9
BRDA:19,3,0,1
BRDA:19,3,1,9
BRDA:24,4,0,1
BRDA:24,4,1,9
BRDA:29,5,0,1
BRDA:29,5,1,9
BRDA:34,6,0,0
BRDA:34,6,1,10
BRF:14
BRH:13
end_of_record
TN:
SF:helper\jwtHandler.js
FN:3,(anonymous_0)
FN:7,(anonymous_1)
FNF:2
FNH:1
FNDA:1,(anonymous_0)
FNDA:0,(anonymous_1)
DA:1,3
DA:3,3
DA:4,1
DA:7,3
DA:8,0
DA:11,3
LF:6
LH:5
BRF:0
BRH:0
end_of_record
TN:
SF:models\index.js
FN:21,(anonymous_0)
FN:29,(anonymous_1)
FN:34,(anonymous_2)
FNF:3
FNH:3
FNDA:6,(anonymous_0)
FNDA:3,(anonymous_1)
FNDA:3,(anonymous_2)
DA:3,3
DA:4,3
DA:5,3
DA:6,3
DA:7,3
DA:8,3
DA:9,3
DA:10,3
DA:13,3
DA:14,0
DA:16,3
DA:19,3
DA:22,6
DA:30,3
DA:31,3
DA:34,3
DA:35,3
DA:36,3
DA:40,3
DA:41,3
DA:43,3
LF:21
LH:20
BRDA:8,0,0,3
BRDA:8,0,1,0
BRDA:13,1,0,0
BRDA:13,1,1,3
BRDA:23,2,0,6
BRDA:23,2,1,6
BRDA:23,2,2,3
BRDA:23,2,3,3
BRDA:35,3,0,3
BRDA:35,3,1,0
BRF:10
BRH:7
end_of_record
TN:
SF:models\user.js
FN:4,(anonymous_0)
FN:11,(anonymous_1)
FN:76,(anonymous_2)
FNF:3
FNH:3
FNDA:3,(anonymous_0)
FNDA:3,(anonymous_1)
FNDA:2,(anonymous_2)
DA:2,3
DA:3,3
DA:4,3
DA:15,3
DA:76,3
DA:77,2
DA:79,3
LF:7
LH:7
BRF:0
BRH:0
end_of_record
TN:
SF:routes\bidRoutes.js
FNF:0
FNH:0
DA:1,3
DA:3,3
DA:5,3
DA:6,3
DA:7,3
DA:8,3
DA:9,3
DA:11,3
LF:8
LH:8
BRF:0
BRH:0
end_of_record
TN:
SF:routes\bookRoutes.js
FNF:0
FNH:0
DA:1,3
DA:3,3
DA:5,3
DA:6,3
DA:8,3
LF:5
LH:5
BRF:0
BRH:0
end_of_record
TN:
SF:routes\index.js
FN:7,(anonymous_0)
FNF:1
FNH:1
FNDA:1,(anonymous_0)
DA:1,3
DA:2,3
DA:3,3
DA:5,3
DA:7,3
DA:8,1
DA:11,3
DA:12,3
DA:13,3
DA:15,3
LF:10
LH:10
BRF:0
BRH:0
end_of_record
TN:
SF:routes\userRoutes.js
FNF:0
FNH:0
DA:4,3
DA:6,3
DA:8,3
DA:9,3
DA:10,3
DA:11,3
DA:12,3
DA:14,3
DA:16,3
LF:9
LH:9
BRF:0
BRH:0
end_of_record
